CRITICAL - 2022-06-23 00:55:46 --> Undefined property: App\Controllers\Adm\Mata_kuliah::$profile
#0 C:\xampp\htdocs\siakad\app\Controllers\Adm\Mata_kuliah.php(204): CodeIgniter\Debug\Exceptions->errorHandler(2, 'Undefined prope...', 'C:\\xampp\\htdocs...', 204)
#1 C:\xampp\htdocs\siakad\system\CodeIgniter.php(931): App\Controllers\Adm\Mata_kuliah->edit_mata_kuliah('1205')
#2 C:\xampp\htdocs\siakad\system\CodeIgniter.php(439): CodeIgniter\CodeIgniter->runController(Object(App\Controllers\Adm\Mata_kuliah))
#3 C:\xampp\htdocs\siakad\system\CodeIgniter.php(339): CodeIgniter\CodeIgniter->handleRequest(NULL, Object(Config\Cache), false)
#4 C:\xampp\htdocs\siakad\index.php(36): CodeIgniter\CodeIgniter->run()
#5 {main}
CRITICAL - 2022-06-23 00:56:07 --> Undefined variable $ruang
#0 C:\xampp\htdocs\siakad\app\Views\view_adm\vi_mk_edit.php(27): CodeIgniter\Debug\Exceptions->errorHandler(2, 'Undefined varia...', 'C:\\xampp\\htdocs...', 27)
#1 C:\xampp\htdocs\siakad\system\View\View.php(230): include('C:\\xampp\\htdocs...')
#2 C:\xampp\htdocs\siakad\system\View\View.php(232): CodeIgniter\View\View->CodeIgniter\View\{closure}()
#3 C:\xampp\htdocs\siakad\system\Common.php(1250): CodeIgniter\View\View->render('view_adm/vi_mk_...', Array, true)
#4 C:\xampp\htdocs\siakad\app\Controllers\Adm\Mata_kuliah.php(206): view('view_adm/vi_mk_...', Array)
#5 C:\xampp\htdocs\siakad\system\CodeIgniter.php(931): App\Controllers\Adm\Mata_kuliah->edit_mata_kuliah('1205')
#6 C:\xampp\htdocs\siakad\system\CodeIgniter.php(439): CodeIgniter\CodeIgniter->runController(Object(App\Controllers\Adm\Mata_kuliah))
#7 C:\xampp\htdocs\siakad\system\CodeIgniter.php(339): CodeIgniter\CodeIgniter->handleRequest(NULL, Object(Config\Cache), false)
#8 C:\xampp\htdocs\siakad\index.php(36): CodeIgniter\CodeIgniter->run()
#9 {main}
CRITICAL - 2022-06-23 00:57:09 --> Trying to access array offset on value of type null
#0 C:\xampp\htdocs\siakad\app\Views\view_adm\vi_mk_edit.php(34): CodeIgniter\Debug\Exceptions->errorHandler(2, 'Trying to acces...', 'C:\\xampp\\htdocs...', 34)
#1 C:\xampp\htdocs\siakad\system\View\View.php(230): include('C:\\xampp\\htdocs...')
#2 C:\xampp\htdocs\siakad\system\View\View.php(232): CodeIgniter\View\View->CodeIgniter\View\{closure}()
#3 C:\xampp\htdocs\siakad\system\Common.php(1250): CodeIgniter\View\View->render('view_adm/vi_mk_...', Array, true)
#4 C:\xampp\htdocs\siakad\app\Controllers\Adm\Mata_kuliah.php(208): view('view_adm/vi_mk_...', Array)
#5 C:\xampp\htdocs\siakad\system\CodeIgniter.php(931): App\Controllers\Adm\Mata_kuliah->edit_mata_kuliah('img', 'undraw_profile_...')
#6 C:\xampp\htdocs\siakad\system\CodeIgniter.php(439): CodeIgniter\CodeIgniter->runController(Object(App\Controllers\Adm\Mata_kuliah))
#7 C:\xampp\htdocs\siakad\system\CodeIgniter.php(339): CodeIgniter\CodeIgniter->handleRequest(NULL, Object(Config\Cache), false)
#8 C:\xampp\htdocs\siakad\index.php(36): CodeIgniter\CodeIgniter->run()
#9 {main}
CRITICAL - 2022-06-23 00:57:09 --> Trying to access array offset on value of type null
#0 C:\xampp\htdocs\siakad\app\Views\view_adm\vi_mk_edit.php(34): CodeIgniter\Debug\Exceptions->errorHandler(2, 'Trying to acces...', 'C:\\xampp\\htdocs...', 34)
#1 C:\xampp\htdocs\siakad\system\View\View.php(230): include('C:\\xampp\\htdocs...')
#2 C:\xampp\htdocs\siakad\system\View\View.php(232): CodeIgniter\View\View->CodeIgniter\View\{closure}()
#3 C:\xampp\htdocs\siakad\system\Common.php(1250): CodeIgniter\View\View->render('view_adm/vi_mk_...', Array, true)
#4 C:\xampp\htdocs\siakad\app\Controllers\Adm\Mata_kuliah.php(208): view('view_adm/vi_mk_...', Array)
#5 C:\xampp\htdocs\siakad\system\CodeIgniter.php(931): App\Controllers\Adm\Mata_kuliah->edit_mata_kuliah('img', 'undraw_profile_...')
#6 C:\xampp\htdocs\siakad\system\CodeIgniter.php(439): CodeIgniter\CodeIgniter->runController(Object(App\Controllers\Adm\Mata_kuliah))
#7 C:\xampp\htdocs\siakad\system\CodeIgniter.php(339): CodeIgniter\CodeIgniter->handleRequest(NULL, Object(Config\Cache), false)
#8 C:\xampp\htdocs\siakad\index.php(36): CodeIgniter\CodeIgniter->run()
#9 {main}
CRITICAL - 2022-06-23 00:57:09 --> Trying to access array offset on value of type null
#0 C:\xampp\htdocs\siakad\app\Views\view_adm\vi_mk_edit.php(34): CodeIgniter\Debug\Exceptions->errorHandler(2, 'Trying to acces...', 'C:\\xampp\\htdocs...', 34)
#1 C:\xampp\htdocs\siakad\system\View\View.php(230): include('C:\\xampp\\htdocs...')
#2 C:\xampp\htdocs\siakad\system\View\View.php(232): CodeIgniter\View\View->CodeIgniter\View\{closure}()
#3 C:\xampp\htdocs\siakad\system\Common.php(1250): CodeIgniter\View\View->render('view_adm/vi_mk_...', Array, true)
#4 C:\xampp\htdocs\siakad\app\Controllers\Adm\Mata_kuliah.php(208): view('view_adm/vi_mk_...', Array)
#5 C:\xampp\htdocs\siakad\system\CodeIgniter.php(931): App\Controllers\Adm\Mata_kuliah->edit_mata_kuliah('img', 'undraw_profile_...')
#6 C:\xampp\htdocs\siakad\system\CodeIgniter.php(439): CodeIgniter\CodeIgniter->runController(Object(App\Controllers\Adm\Mata_kuliah))
#7 C:\xampp\htdocs\siakad\system\CodeIgniter.php(339): CodeIgniter\CodeIgniter->handleRequest(NULL, Object(Config\Cache), false)
#8 C:\xampp\htdocs\siakad\index.php(36): CodeIgniter\CodeIgniter->run()
#9 {main}
CRITICAL - 2022-06-23 00:57:09 --> Trying to access array offset on value of type null
#0 C:\xampp\htdocs\siakad\app\Views\view_adm\vi_mk_edit.php(34): CodeIgniter\Debug\Exceptions->errorHandler(2, 'Trying to acces...', 'C:\\xampp\\htdocs...', 34)
#1 C:\xampp\htdocs\siakad\system\View\View.php(230): include('C:\\xampp\\htdocs...')
#2 C:\xampp\htdocs\siakad\system\View\View.php(232): CodeIgniter\View\View->CodeIgniter\View\{closure}()
#3 C:\xampp\htdocs\siakad\system\Common.php(1250): CodeIgniter\View\View->render('view_adm/vi_mk_...', Array, true)
#4 C:\xampp\htdocs\siakad\app\Controllers\Adm\Mata_kuliah.php(208): view('view_adm/vi_mk_...', Array)
#5 C:\xampp\htdocs\siakad\system\CodeIgniter.php(931): App\Controllers\Adm\Mata_kuliah->edit_mata_kuliah('img', 'undraw_profile....')
#6 C:\xampp\htdocs\siakad\system\CodeIgniter.php(439): CodeIgniter\CodeIgniter->runController(Object(App\Controllers\Adm\Mata_kuliah))
#7 C:\xampp\htdocs\siakad\system\CodeIgniter.php(339): CodeIgniter\CodeIgniter->handleRequest(NULL, Object(Config\Cache), false)
#8 C:\xampp\htdocs\siakad\index.php(36): CodeIgniter\CodeIgniter->run()
#9 {main}
CRITICAL - 2022-06-23 00:57:59 --> Trying to access array offset on value of type null
#0 C:\xampp\htdocs\siakad\app\Views\view_adm\vi_mk_edit.php(34): CodeIgniter\Debug\Exceptions->errorHandler(2, 'Trying to acces...', 'C:\\xampp\\htdocs...', 34)
#1 C:\xampp\htdocs\siakad\system\View\View.php(230): include('C:\\xampp\\htdocs...')
#2 C:\xampp\htdocs\siakad\system\View\View.php(232): CodeIgniter\View\View->CodeIgniter\View\{closure}()
#3 C:\xampp\htdocs\siakad\system\Common.php(1250): CodeIgniter\View\View->render('view_adm/vi_mk_...', Array, true)
#4 C:\xampp\htdocs\siakad\app\Controllers\Adm\Mata_kuliah.php(208): view('view_adm/vi_mk_...', Array)
#5 C:\xampp\htdocs\siakad\system\CodeIgniter.php(931): App\Controllers\Adm\Mata_kuliah->edit_mata_kuliah('img', 'undraw_profile_...')
#6 C:\xampp\htdocs\siakad\system\CodeIgniter.php(439): CodeIgniter\CodeIgniter->runController(Object(App\Controllers\Adm\Mata_kuliah))
#7 C:\xampp\htdocs\siakad\system\CodeIgniter.php(339): CodeIgniter\CodeIgniter->handleRequest(NULL, Object(Config\Cache), false)
#8 C:\xampp\htdocs\siakad\index.php(36): CodeIgniter\CodeIgniter->run()
#9 {main}
CRITICAL - 2022-06-23 00:57:59 --> Trying to access array offset on value of type null
#0 C:\xampp\htdocs\siakad\app\Views\view_adm\vi_mk_edit.php(34): CodeIgniter\Debug\Exceptions->errorHandler(2, 'Trying to acces...', 'C:\\xampp\\htdocs...', 34)
#1 C:\xampp\htdocs\siakad\system\View\View.php(230): include('C:\\xampp\\htdocs...')
#2 C:\xampp\htdocs\siakad\system\View\View.php(232): CodeIgniter\View\View->CodeIgniter\View\{closure}()
#3 C:\xampp\htdocs\siakad\system\Common.php(1250): CodeIgniter\View\View->render('view_adm/vi_mk_...', Array, true)
#4 C:\xampp\htdocs\siakad\app\Controllers\Adm\Mata_kuliah.php(208): view('view_adm/vi_mk_...', Array)
#5 C:\xampp\htdocs\siakad\system\CodeIgniter.php(931): App\Controllers\Adm\Mata_kuliah->edit_mata_kuliah('img', 'undraw_profile....')
#6 C:\xampp\htdocs\siakad\system\CodeIgniter.php(439): CodeIgniter\CodeIgniter->runController(Object(App\Controllers\Adm\Mata_kuliah))
#7 C:\xampp\htdocs\siakad\system\CodeIgniter.php(339): CodeIgniter\CodeIgniter->handleRequest(NULL, Object(Config\Cache), false)
#8 C:\xampp\htdocs\siakad\index.php(36): CodeIgniter\CodeIgniter->run()
#9 {main}
CRITICAL - 2022-06-23 00:57:59 --> Trying to access array offset on value of type null
#0 C:\xampp\htdocs\siakad\app\Views\view_adm\vi_mk_edit.php(34): CodeIgniter\Debug\Exceptions->errorHandler(2, 'Trying to acces...', 'C:\\xampp\\htdocs...', 34)
#1 C:\xampp\htdocs\siakad\system\View\View.php(230): include('C:\\xampp\\htdocs...')
#2 C:\xampp\htdocs\siakad\system\View\View.php(232): CodeIgniter\View\View->CodeIgniter\View\{closure}()
#3 C:\xampp\htdocs\siakad\system\Common.php(1250): CodeIgniter\View\View->render('view_adm/vi_mk_...', Array, true)
#4 C:\xampp\htdocs\siakad\app\Controllers\Adm\Mata_kuliah.php(208): view('view_adm/vi_mk_...', Array)
#5 C:\xampp\htdocs\siakad\system\CodeIgniter.php(931): App\Controllers\Adm\Mata_kuliah->edit_mata_kuliah('img', 'undraw_profile_...')
#6 C:\xampp\htdocs\siakad\system\CodeIgniter.php(439): CodeIgniter\CodeIgniter->runController(Object(App\Controllers\Adm\Mata_kuliah))
#7 C:\xampp\htdocs\siakad\system\CodeIgniter.php(339): CodeIgniter\CodeIgniter->handleRequest(NULL, Object(Config\Cache), false)
#8 C:\xampp\htdocs\siakad\index.php(36): CodeIgniter\CodeIgniter->run()
#9 {main}
CRITICAL - 2022-06-23 00:57:59 --> Trying to access array offset on value of type null
#0 C:\xampp\htdocs\siakad\app\Views\view_adm\vi_mk_edit.php(34): CodeIgniter\Debug\Exceptions->errorHandler(2, 'Trying to acces...', 'C:\\xampp\\htdocs...', 34)
#1 C:\xampp\htdocs\siakad\system\View\View.php(230): include('C:\\xampp\\htdocs...')
#2 C:\xampp\htdocs\siakad\system\View\View.php(232): CodeIgniter\View\View->CodeIgniter\View\{closure}()
#3 C:\xampp\htdocs\siakad\system\Common.php(1250): CodeIgniter\View\View->render('view_adm/vi_mk_...', Array, true)
#4 C:\xampp\htdocs\siakad\app\Controllers\Adm\Mata_kuliah.php(208): view('view_adm/vi_mk_...', Array)
#5 C:\xampp\htdocs\siakad\system\CodeIgniter.php(931): App\Controllers\Adm\Mata_kuliah->edit_mata_kuliah('img', 'undraw_profile_...')
#6 C:\xampp\htdocs\siakad\system\CodeIgniter.php(439): CodeIgniter\CodeIgniter->runController(Object(App\Controllers\Adm\Mata_kuliah))
#7 C:\xampp\htdocs\siakad\system\CodeIgniter.php(339): CodeIgniter\CodeIgniter->handleRequest(NULL, Object(Config\Cache), false)
#8 C:\xampp\htdocs\siakad\index.php(36): CodeIgniter\CodeIgniter->run()
#9 {main}
CRITICAL - 2022-06-23 00:58:05 --> Trying to access array offset on value of type null
#0 C:\xampp\htdocs\siakad\app\Views\view_adm\vi_mk_edit.php(34): CodeIgniter\Debug\Exceptions->errorHandler(2, 'Trying to acces...', 'C:\\xampp\\htdocs...', 34)
#1 C:\xampp\htdocs\siakad\system\View\View.php(230): include('C:\\xampp\\htdocs...')
#2 C:\xampp\htdocs\siakad\system\View\View.php(232): CodeIgniter\View\View->CodeIgniter\View\{closure}()
#3 C:\xampp\htdocs\siakad\system\Common.php(1250): CodeIgniter\View\View->render('view_adm/vi_mk_...', Array, true)
#4 C:\xampp\htdocs\siakad\app\Controllers\Adm\Mata_kuliah.php(208): view('view_adm/vi_mk_...', Array)
#5 C:\xampp\htdocs\siakad\system\CodeIgniter.php(931): App\Controllers\Adm\Mata_kuliah->edit_mata_kuliah('img', 'undraw_profile_...')
#6 C:\xampp\htdocs\siakad\system\CodeIgniter.php(439): CodeIgniter\CodeIgniter->runController(Object(App\Controllers\Adm\Mata_kuliah))
#7 C:\xampp\htdocs\siakad\system\CodeIgniter.php(339): CodeIgniter\CodeIgniter->handleRequest(NULL, Object(Config\Cache), false)
#8 C:\xampp\htdocs\siakad\index.php(36): CodeIgniter\CodeIgniter->run()
#9 {main}
CRITICAL - 2022-06-23 00:58:05 --> Trying to access array offset on value of type null
#0 C:\xampp\htdocs\siakad\app\Views\view_adm\vi_mk_edit.php(34): CodeIgniter\Debug\Exceptions->errorHandler(2, 'Trying to acces...', 'C:\\xampp\\htdocs...', 34)
#1 C:\xampp\htdocs\siakad\system\View\View.php(230): include('C:\\xampp\\htdocs...')
#2 C:\xampp\htdocs\siakad\system\View\View.php(232): CodeIgniter\View\View->CodeIgniter\View\{closure}()
#3 C:\xampp\htdocs\siakad\system\Common.php(1250): CodeIgniter\View\View->render('view_adm/vi_mk_...', Array, true)
#4 C:\xampp\htdocs\siakad\app\Controllers\Adm\Mata_kuliah.php(208): view('view_adm/vi_mk_...', Array)
#5 C:\xampp\htdocs\siakad\system\CodeIgniter.php(931): App\Controllers\Adm\Mata_kuliah->edit_mata_kuliah('img', 'undraw_profile_...')
#6 C:\xampp\htdocs\siakad\system\CodeIgniter.php(439): CodeIgniter\CodeIgniter->runController(Object(App\Controllers\Adm\Mata_kuliah))
#7 C:\xampp\htdocs\siakad\system\CodeIgniter.php(339): CodeIgniter\CodeIgniter->handleRequest(NULL, Object(Config\Cache), false)
#8 C:\xampp\htdocs\siakad\index.php(36): CodeIgniter\CodeIgniter->run()
#9 {main}
CRITICAL - 2022-06-23 00:58:05 --> Trying to access array offset on value of type null
#0 C:\xampp\htdocs\siakad\app\Views\view_adm\vi_mk_edit.php(34): CodeIgniter\Debug\Exceptions->errorHandler(2, 'Trying to acces...', 'C:\\xampp\\htdocs...', 34)
#1 C:\xampp\htdocs\siakad\system\View\View.php(230): include('C:\\xampp\\htdocs...')
#2 C:\xampp\htdocs\siakad\system\View\View.php(232): CodeIgniter\View\View->CodeIgniter\View\{closure}()
#3 C:\xampp\htdocs\siakad\system\Common.php(1250): CodeIgniter\View\View->render('view_adm/vi_mk_...', Array, true)
#4 C:\xampp\htdocs\siakad\app\Controllers\Adm\Mata_kuliah.php(208): view('view_adm/vi_mk_...', Array)
#5 C:\xampp\htdocs\siakad\system\CodeIgniter.php(931): App\Controllers\Adm\Mata_kuliah->edit_mata_kuliah('img', 'undraw_profile....')
#6 C:\xampp\htdocs\siakad\system\CodeIgniter.php(439): CodeIgniter\CodeIgniter->runController(Object(App\Controllers\Adm\Mata_kuliah))
#7 C:\xampp\htdocs\siakad\system\CodeIgniter.php(339): CodeIgniter\CodeIgniter->handleRequest(NULL, Object(Config\Cache), false)
#8 C:\xampp\htdocs\siakad\index.php(36): CodeIgniter\CodeIgniter->run()
#9 {main}
CRITICAL - 2022-06-23 00:58:05 --> Trying to access array offset on value of type null
#0 C:\xampp\htdocs\siakad\app\Views\view_adm\vi_mk_edit.php(34): CodeIgniter\Debug\Exceptions->errorHandler(2, 'Trying to acces...', 'C:\\xampp\\htdocs...', 34)
#1 C:\xampp\htdocs\siakad\system\View\View.php(230): include('C:\\xampp\\htdocs...')
#2 C:\xampp\htdocs\siakad\system\View\View.php(232): CodeIgniter\View\View->CodeIgniter\View\{closure}()
#3 C:\xampp\htdocs\siakad\system\Common.php(1250): CodeIgniter\View\View->render('view_adm/vi_mk_...', Array, true)
#4 C:\xampp\htdocs\siakad\app\Controllers\Adm\Mata_kuliah.php(208): view('view_adm/vi_mk_...', Array)
#5 C:\xampp\htdocs\siakad\system\CodeIgniter.php(931): App\Controllers\Adm\Mata_kuliah->edit_mata_kuliah('img', 'undraw_profile_...')
#6 C:\xampp\htdocs\siakad\system\CodeIgniter.php(439): CodeIgniter\CodeIgniter->runController(Object(App\Controllers\Adm\Mata_kuliah))
#7 C:\xampp\htdocs\siakad\system\CodeIgniter.php(339): CodeIgniter\CodeIgniter->handleRequest(NULL, Object(Config\Cache), false)
#8 C:\xampp\htdocs\siakad\index.php(36): CodeIgniter\CodeIgniter->run()
#9 {main}
CRITICAL - 2022-06-23 00:59:30 --> Trying to access array offset on value of type null
#0 C:\xampp\htdocs\siakad\app\Views\view_adm\vi_mk_edit.php(23): CodeIgniter\Debug\Exceptions->errorHandler(2, 'Trying to acces...', 'C:\\xampp\\htdocs...', 23)
#1 C:\xampp\htdocs\siakad\system\View\View.php(230): include('C:\\xampp\\htdocs...')
#2 C:\xampp\htdocs\siakad\system\View\View.php(232): CodeIgniter\View\View->CodeIgniter\View\{closure}()
#3 C:\xampp\htdocs\siakad\system\Common.php(1250): CodeIgniter\View\View->render('view_adm/vi_mk_...', Array, true)
#4 C:\xampp\htdocs\siakad\app\Controllers\Adm\Mata_kuliah.php(208): view('view_adm/vi_mk_...', Array)
#5 C:\xampp\htdocs\siakad\system\CodeIgniter.php(931): App\Controllers\Adm\Mata_kuliah->edit_mata_kuliah('img', 'undraw_profile_...')
#6 C:\xampp\htdocs\siakad\system\CodeIgniter.php(439): CodeIgniter\CodeIgniter->runController(Object(App\Controllers\Adm\Mata_kuliah))
#7 C:\xampp\htdocs\siakad\system\CodeIgniter.php(339): CodeIgniter\CodeIgniter->handleRequest(NULL, Object(Config\Cache), false)
#8 C:\xampp\htdocs\siakad\index.php(36): CodeIgniter\CodeIgniter->run()
#9 {main}
CRITICAL - 2022-06-23 00:59:30 --> Trying to access array offset on value of type null
#0 C:\xampp\htdocs\siakad\app\Views\view_adm\vi_mk_edit.php(23): CodeIgniter\Debug\Exceptions->errorHandler(2, 'Trying to acces...', 'C:\\xampp\\htdocs...', 23)
#1 C:\xampp\htdocs\siakad\system\View\View.php(230): include('C:\\xampp\\htdocs...')
#2 C:\xampp\htdocs\siakad\system\View\View.php(232): CodeIgniter\View\View->CodeIgniter\View\{closure}()
#3 C:\xampp\htdocs\siakad\system\Common.php(1250): CodeIgniter\View\View->render('view_adm/vi_mk_...', Array, true)
#4 C:\xampp\htdocs\siakad\app\Controllers\Adm\Mata_kuliah.php(208): view('view_adm/vi_mk_...', Array)
#5 C:\xampp\htdocs\siakad\system\CodeIgniter.php(931): App\Controllers\Adm\Mata_kuliah->edit_mata_kuliah('img', 'undraw_profile_...')
#6 C:\xampp\htdocs\siakad\system\CodeIgniter.php(439): CodeIgniter\CodeIgniter->runController(Object(App\Controllers\Adm\Mata_kuliah))
#7 C:\xampp\htdocs\siakad\system\CodeIgniter.php(339): CodeIgniter\CodeIgniter->handleRequest(NULL, Object(Config\Cache), false)
#8 C:\xampp\htdocs\siakad\index.php(36): CodeIgniter\CodeIgniter->run()
#9 {main}
CRITICAL - 2022-06-23 00:59:30 --> Trying to access array offset on value of type null
#0 C:\xampp\htdocs\siakad\app\Views\view_adm\vi_mk_edit.php(23): CodeIgniter\Debug\Exceptions->errorHandler(2, 'Trying to acces...', 'C:\\xampp\\htdocs...', 23)
#1 C:\xampp\htdocs\siakad\system\View\View.php(230): include('C:\\xampp\\htdocs...')
#2 C:\xampp\htdocs\siakad\system\View\View.php(232): CodeIgniter\View\View->CodeIgniter\View\{closure}()
#3 C:\xampp\htdocs\siakad\system\Common.php(1250): CodeIgniter\View\View->render('view_adm/vi_mk_...', Array, true)
#4 C:\xampp\htdocs\siakad\app\Controllers\Adm\Mata_kuliah.php(208): view('view_adm/vi_mk_...', Array)
#5 C:\xampp\htdocs\siakad\system\CodeIgniter.php(931): App\Controllers\Adm\Mata_kuliah->edit_mata_kuliah('img', 'undraw_profile_...')
#6 C:\xampp\htdocs\siakad\system\CodeIgniter.php(439): CodeIgniter\CodeIgniter->runController(Object(App\Controllers\Adm\Mata_kuliah))
#7 C:\xampp\htdocs\siakad\system\CodeIgniter.php(339): CodeIgniter\CodeIgniter->handleRequest(NULL, Object(Config\Cache), false)
#8 C:\xampp\htdocs\siakad\index.php(36): CodeIgniter\CodeIgniter->run()
#9 {main}
CRITICAL - 2022-06-23 00:59:30 --> Trying to access array offset on value of type null
#0 C:\xampp\htdocs\siakad\app\Views\view_adm\vi_mk_edit.php(23): CodeIgniter\Debug\Exceptions->errorHandler(2, 'Trying to acces...', 'C:\\xampp\\htdocs...', 23)
#1 C:\xampp\htdocs\siakad\system\View\View.php(230): include('C:\\xampp\\htdocs...')
#2 C:\xampp\htdocs\siakad\system\View\View.php(232): CodeIgniter\View\View->CodeIgniter\View\{closure}()
#3 C:\xampp\htdocs\siakad\system\Common.php(1250): CodeIgniter\View\View->render('view_adm/vi_mk_...', Array, true)
#4 C:\xampp\htdocs\siakad\app\Controllers\Adm\Mata_kuliah.php(208): view('view_adm/vi_mk_...', Array)
#5 C:\xampp\htdocs\siakad\system\CodeIgniter.php(931): App\Controllers\Adm\Mata_kuliah->edit_mata_kuliah('img', 'undraw_profile....')
#6 C:\xampp\htdocs\siakad\system\CodeIgniter.php(439): CodeIgniter\CodeIgniter->runController(Object(App\Controllers\Adm\Mata_kuliah))
#7 C:\xampp\htdocs\siakad\system\CodeIgniter.php(339): CodeIgniter\CodeIgniter->handleRequest(NULL, Object(Config\Cache), false)
#8 C:\xampp\htdocs\siakad\index.php(36): CodeIgniter\CodeIgniter->run()
#9 {main}
CRITICAL - 2022-06-23 01:04:38 --> syntax error, unexpected string content "/adm/mata_kuliah);"
#0 C:\xampp\htdocs\siakad\system\Router\Router.php(169): CodeIgniter\Router\Router->autoRoute('/adm/mata_kulia...')
#1 C:\xampp\htdocs\siakad\system\CodeIgniter.php(812): CodeIgniter\Router\Router->handle('/adm/mata_kulia...')
#2 C:\xampp\htdocs\siakad\system\CodeIgniter.php(392): CodeIgniter\CodeIgniter->tryToRouteIt(Object(CodeIgniter\Router\RouteCollection))
#3 C:\xampp\htdocs\siakad\system\CodeIgniter.php(339): CodeIgniter\CodeIgniter->handleRequest(NULL, Object(Config\Cache), false)
#4 C:\xampp\htdocs\siakad\index.php(36): CodeIgniter\CodeIgniter->run()
#5 {main}
CRITICAL - 2022-06-23 01:04:44 --> Unmatched '}'
#0 C:\xampp\htdocs\siakad\system\Router\Router.php(169): CodeIgniter\Router\Router->autoRoute('/adm/mata_kulia...')
#1 C:\xampp\htdocs\siakad\system\CodeIgniter.php(812): CodeIgniter\Router\Router->handle('/adm/mata_kulia...')
#2 C:\xampp\htdocs\siakad\system\CodeIgniter.php(392): CodeIgniter\CodeIgniter->tryToRouteIt(Object(CodeIgniter\Router\RouteCollection))
#3 C:\xampp\htdocs\siakad\system\CodeIgniter.php(339): CodeIgniter\CodeIgniter->handleRequest(NULL, Object(Config\Cache), false)
#4 C:\xampp\htdocs\siakad\index.php(36): CodeIgniter\CodeIgniter->run()
#5 {main}
CRITICAL - 2022-06-23 01:05:02 --> Unmatched '}'
#0 C:\xampp\htdocs\siakad\system\Router\Router.php(169): CodeIgniter\Router\Router->autoRoute('/adm/mata_kulia...')
#1 C:\xampp\htdocs\siakad\system\CodeIgniter.php(812): CodeIgniter\Router\Router->handle('/adm/mata_kulia...')
#2 C:\xampp\htdocs\siakad\system\CodeIgniter.php(392): CodeIgniter\CodeIgniter->tryToRouteIt(Object(CodeIgniter\Router\RouteCollection))
#3 C:\xampp\htdocs\siakad\system\CodeIgniter.php(339): CodeIgniter\CodeIgniter->handleRequest(NULL, Object(Config\Cache), false)
#4 C:\xampp\htdocs\siakad\index.php(36): CodeIgniter\CodeIgniter->run()
#5 {main}
CRITICAL - 2022-06-23 01:05:05 --> Unmatched '}'
#0 C:\xampp\htdocs\siakad\system\Router\Router.php(169): CodeIgniter\Router\Router->autoRoute('/adm/mata_kulia...')
#1 C:\xampp\htdocs\siakad\system\CodeIgniter.php(812): CodeIgniter\Router\Router->handle('/adm/mata_kulia...')
#2 C:\xampp\htdocs\siakad\system\CodeIgniter.php(392): CodeIgniter\CodeIgniter->tryToRouteIt(Object(CodeIgniter\Router\RouteCollection))
#3 C:\xampp\htdocs\siakad\system\CodeIgniter.php(339): CodeIgniter\CodeIgniter->handleRequest(NULL, Object(Config\Cache), false)
#4 C:\xampp\htdocs\siakad\index.php(36): CodeIgniter\CodeIgniter->run()
#5 {main}
CRITICAL - 2022-06-23 01:05:26 --> Trying to access array offset on value of type null
#0 C:\xampp\htdocs\siakad\app\Views\view_adm\vi_mk_edit.php(23): CodeIgniter\Debug\Exceptions->errorHandler(2, 'Trying to acces...', 'C:\\xampp\\htdocs...', 23)
#1 C:\xampp\htdocs\siakad\system\View\View.php(230): include('C:\\xampp\\htdocs...')
#2 C:\xampp\htdocs\siakad\system\View\View.php(232): CodeIgniter\View\View->CodeIgniter\View\{closure}()
#3 C:\xampp\htdocs\siakad\system\Common.php(1250): CodeIgniter\View\View->render('view_adm/vi_mk_...', Array, true)
#4 C:\xampp\htdocs\siakad\app\Controllers\Adm\Mata_kuliah.php(208): view('view_adm/vi_mk_...', Array)
#5 C:\xampp\htdocs\siakad\system\CodeIgniter.php(931): App\Controllers\Adm\Mata_kuliah->edit_mata_kuliah('img', 'undraw_profile_...')
#6 C:\xampp\htdocs\siakad\system\CodeIgniter.php(439): CodeIgniter\CodeIgniter->runController(Object(App\Controllers\Adm\Mata_kuliah))
#7 C:\xampp\htdocs\siakad\system\CodeIgniter.php(339): CodeIgniter\CodeIgniter->handleRequest(NULL, Object(Config\Cache), false)
#8 C:\xampp\htdocs\siakad\index.php(36): CodeIgniter\CodeIgniter->run()
#9 {main}
CRITICAL - 2022-06-23 01:05:26 --> Trying to access array offset on value of type null
#0 C:\xampp\htdocs\siakad\app\Views\view_adm\vi_mk_edit.php(23): CodeIgniter\Debug\Exceptions->errorHandler(2, 'Trying to acces...', 'C:\\xampp\\htdocs...', 23)
#1 C:\xampp\htdocs\siakad\system\View\View.php(230): include('C:\\xampp\\htdocs...')
#2 C:\xampp\htdocs\siakad\system\View\View.php(232): CodeIgniter\View\View->CodeIgniter\View\{closure}()
#3 C:\xampp\htdocs\siakad\system\Common.php(1250): CodeIgniter\View\View->render('view_adm/vi_mk_...', Array, true)
#4 C:\xampp\htdocs\siakad\app\Controllers\Adm\Mata_kuliah.php(208): view('view_adm/vi_mk_...', Array)
#5 C:\xampp\htdocs\siakad\system\CodeIgniter.php(931): App\Controllers\Adm\Mata_kuliah->edit_mata_kuliah('img', 'undraw_profile_...')
#6 C:\xampp\htdocs\siakad\system\CodeIgniter.php(439): CodeIgniter\CodeIgniter->runController(Object(App\Controllers\Adm\Mata_kuliah))
#7 C:\xampp\htdocs\siakad\system\CodeIgniter.php(339): CodeIgniter\CodeIgniter->handleRequest(NULL, Object(Config\Cache), false)
#8 C:\xampp\htdocs\siakad\index.php(36): CodeIgniter\CodeIgniter->run()
#9 {main}
CRITICAL - 2022-06-23 01:05:26 --> Trying to access array offset on value of type null
#0 C:\xampp\htdocs\siakad\app\Views\view_adm\vi_mk_edit.php(23): CodeIgniter\Debug\Exceptions->errorHandler(2, 'Trying to acces...', 'C:\\xampp\\htdocs...', 23)
#1 C:\xampp\htdocs\siakad\system\View\View.php(230): include('C:\\xampp\\htdocs...')
#2 C:\xampp\htdocs\siakad\system\View\View.php(232): CodeIgniter\View\View->CodeIgniter\View\{closure}()
#3 C:\xampp\htdocs\siakad\system\Common.php(1250): CodeIgniter\View\View->render('view_adm/vi_mk_...', Array, true)
#4 C:\xampp\htdocs\siakad\app\Controllers\Adm\Mata_kuliah.php(208): view('view_adm/vi_mk_...', Array)
#5 C:\xampp\htdocs\siakad\system\CodeIgniter.php(931): App\Controllers\Adm\Mata_kuliah->edit_mata_kuliah('img', 'undraw_profile....')
#6 C:\xampp\htdocs\siakad\system\CodeIgniter.php(439): CodeIgniter\CodeIgniter->runController(Object(App\Controllers\Adm\Mata_kuliah))
#7 C:\xampp\htdocs\siakad\system\CodeIgniter.php(339): CodeIgniter\CodeIgniter->handleRequest(NULL, Object(Config\Cache), false)
#8 C:\xampp\htdocs\siakad\index.php(36): CodeIgniter\CodeIgniter->run()
#9 {main}
CRITICAL - 2022-06-23 01:05:26 --> Trying to access array offset on value of type null
#0 C:\xampp\htdocs\siakad\app\Views\view_adm\vi_mk_edit.php(23): CodeIgniter\Debug\Exceptions->errorHandler(2, 'Trying to acces...', 'C:\\xampp\\htdocs...', 23)
#1 C:\xampp\htdocs\siakad\system\View\View.php(230): include('C:\\xampp\\htdocs...')
#2 C:\xampp\htdocs\siakad\system\View\View.php(232): CodeIgniter\View\View->CodeIgniter\View\{closure}()
#3 C:\xampp\htdocs\siakad\system\Common.php(1250): CodeIgniter\View\View->render('view_adm/vi_mk_...', Array, true)
#4 C:\xampp\htdocs\siakad\app\Controllers\Adm\Mata_kuliah.php(208): view('view_adm/vi_mk_...', Array)
#5 C:\xampp\htdocs\siakad\system\CodeIgniter.php(931): App\Controllers\Adm\Mata_kuliah->edit_mata_kuliah('img', 'undraw_profile_...')
#6 C:\xampp\htdocs\siakad\system\CodeIgniter.php(439): CodeIgniter\CodeIgniter->runController(Object(App\Controllers\Adm\Mata_kuliah))
#7 C:\xampp\htdocs\siakad\system\CodeIgniter.php(339): CodeIgniter\CodeIgniter->handleRequest(NULL, Object(Config\Cache), false)
#8 C:\xampp\htdocs\siakad\index.php(36): CodeIgniter\CodeIgniter->run()
#9 {main}
ERROR - 2022-06-23 01:05:32 --> Illegal parameter data types int and row for operation '='
CRITICAL - 2022-06-23 01:05:32 --> Illegal parameter data types int and row for operation '='
#0 C:\xampp\htdocs\siakad\system\Database\MySQLi\Connection.php(329): mysqli->query('SELECT *\nFROM `...')
#1 C:\xampp\htdocs\siakad\system\Database\BaseConnection.php(732): CodeIgniter\Database\MySQLi\Connection->execute('SELECT *\nFROM `...')
#2 C:\xampp\htdocs\siakad\system\Database\BaseConnection.php(647): CodeIgniter\Database\BaseConnection->simpleQuery('SELECT *\nFROM `...')
#3 C:\xampp\htdocs\siakad\system\Database\BaseBuilder.php(1881): CodeIgniter\Database\BaseConnection->query('SELECT *\nFROM `...', Array, false)
#4 C:\xampp\htdocs\siakad\app\Models\Admin\MkModel.php(51): CodeIgniter\Database\BaseBuilder->get()
#5 C:\xampp\htdocs\siakad\app\Controllers\Adm\Mata_kuliah.php(247): App\Models\Admin\MkModel->edit_mata_kuliah(Array, '1205')
#6 C:\xampp\htdocs\siakad\system\CodeIgniter.php(931): App\Controllers\Adm\Mata_kuliah->update_mk('1205')
#7 C:\xampp\htdocs\siakad\system\CodeIgniter.php(439): CodeIgniter\CodeIgniter->runController(Object(App\Controllers\Adm\Mata_kuliah))
#8 C:\xampp\htdocs\siakad\system\CodeIgniter.php(339): CodeIgniter\CodeIgniter->handleRequest(NULL, Object(Config\Cache), false)
#9 C:\xampp\htdocs\siakad\index.php(36): CodeIgniter\CodeIgniter->run()
#10 {main}
CRITICAL - 2022-06-23 01:07:42 --> Trying to access array offset on value of type null
#0 C:\xampp\htdocs\siakad\app\Views\view_adm\vi_mk_edit.php(23): CodeIgniter\Debug\Exceptions->errorHandler(2, 'Trying to acces...', 'C:\\xampp\\htdocs...', 23)
#1 C:\xampp\htdocs\siakad\system\View\View.php(230): include('C:\\xampp\\htdocs...')
#2 C:\xampp\htdocs\siakad\system\View\View.php(232): CodeIgniter\View\View->CodeIgniter\View\{closure}()
#3 C:\xampp\htdocs\siakad\system\Common.php(1250): CodeIgniter\View\View->render('view_adm/vi_mk_...', Array, true)
#4 C:\xampp\htdocs\siakad\app\Controllers\Adm\Mata_kuliah.php(208): view('view_adm/vi_mk_...', Array)
#5 C:\xampp\htdocs\siakad\system\CodeIgniter.php(931): App\Controllers\Adm\Mata_kuliah->edit_mata_kuliah('img', 'undraw_profile_...')
#6 C:\xampp\htdocs\siakad\system\CodeIgniter.php(439): CodeIgniter\CodeIgniter->runController(Object(App\Controllers\Adm\Mata_kuliah))
#7 C:\xampp\htdocs\siakad\system\CodeIgniter.php(339): CodeIgniter\CodeIgniter->handleRequest(NULL, Object(Config\Cache), false)
#8 C:\xampp\htdocs\siakad\index.php(36): CodeIgniter\CodeIgniter->run()
#9 {main}
CRITICAL - 2022-06-23 01:07:42 --> Trying to access array offset on value of type null
#0 C:\xampp\htdocs\siakad\app\Views\view_adm\vi_mk_edit.php(23): CodeIgniter\Debug\Exceptions->errorHandler(2, 'Trying to acces...', 'C:\\xampp\\htdocs...', 23)
#1 C:\xampp\htdocs\siakad\system\View\View.php(230): include('C:\\xampp\\htdocs...')
#2 C:\xampp\htdocs\siakad\system\View\View.php(232): CodeIgniter\View\View->CodeIgniter\View\{closure}()
#3 C:\xampp\htdocs\siakad\system\Common.php(1250): CodeIgniter\View\View->render('view_adm/vi_mk_...', Array, true)
#4 C:\xampp\htdocs\siakad\app\Controllers\Adm\Mata_kuliah.php(208): view('view_adm/vi_mk_...', Array)
#5 C:\xampp\htdocs\siakad\system\CodeIgniter.php(931): App\Controllers\Adm\Mata_kuliah->edit_mata_kuliah('img', 'undraw_profile_...')
#6 C:\xampp\htdocs\siakad\system\CodeIgniter.php(439): CodeIgniter\CodeIgniter->runController(Object(App\Controllers\Adm\Mata_kuliah))
#7 C:\xampp\htdocs\siakad\system\CodeIgniter.php(339): CodeIgniter\CodeIgniter->handleRequest(NULL, Object(Config\Cache), false)
#8 C:\xampp\htdocs\siakad\index.php(36): CodeIgniter\CodeIgniter->run()
#9 {main}
CRITICAL - 2022-06-23 01:07:42 --> Trying to access array offset on value of type null
#0 C:\xampp\htdocs\siakad\app\Views\view_adm\vi_mk_edit.php(23): CodeIgniter\Debug\Exceptions->errorHandler(2, 'Trying to acces...', 'C:\\xampp\\htdocs...', 23)
#1 C:\xampp\htdocs\siakad\system\View\View.php(230): include('C:\\xampp\\htdocs...')
#2 C:\xampp\htdocs\siakad\system\View\View.php(232): CodeIgniter\View\View->CodeIgniter\View\{closure}()
#3 C:\xampp\htdocs\siakad\system\Common.php(1250): CodeIgniter\View\View->render('view_adm/vi_mk_...', Array, true)
#4 C:\xampp\htdocs\siakad\app\Controllers\Adm\Mata_kuliah.php(208): view('view_adm/vi_mk_...', Array)
#5 C:\xampp\htdocs\siakad\system\CodeIgniter.php(931): App\Controllers\Adm\Mata_kuliah->edit_mata_kuliah('img', 'undraw_profile....')
#6 C:\xampp\htdocs\siakad\system\CodeIgniter.php(439): CodeIgniter\CodeIgniter->runController(Object(App\Controllers\Adm\Mata_kuliah))
#7 C:\xampp\htdocs\siakad\system\CodeIgniter.php(339): CodeIgniter\CodeIgniter->handleRequest(NULL, Object(Config\Cache), false)
#8 C:\xampp\htdocs\siakad\index.php(36): CodeIgniter\CodeIgniter->run()
#9 {main}
CRITICAL - 2022-06-23 01:07:42 --> Trying to access array offset on value of type null
#0 C:\xampp\htdocs\siakad\app\Views\view_adm\vi_mk_edit.php(23): CodeIgniter\Debug\Exceptions->errorHandler(2, 'Trying to acces...', 'C:\\xampp\\htdocs...', 23)
#1 C:\xampp\htdocs\siakad\system\View\View.php(230): include('C:\\xampp\\htdocs...')
#2 C:\xampp\htdocs\siakad\system\View\View.php(232): CodeIgniter\View\View->CodeIgniter\View\{closure}()
#3 C:\xampp\htdocs\siakad\system\Common.php(1250): CodeIgniter\View\View->render('view_adm/vi_mk_...', Array, true)
#4 C:\xampp\htdocs\siakad\app\Controllers\Adm\Mata_kuliah.php(208): view('view_adm/vi_mk_...', Array)
#5 C:\xampp\htdocs\siakad\system\CodeIgniter.php(931): App\Controllers\Adm\Mata_kuliah->edit_mata_kuliah('img', 'undraw_profile_...')
#6 C:\xampp\htdocs\siakad\system\CodeIgniter.php(439): CodeIgniter\CodeIgniter->runController(Object(App\Controllers\Adm\Mata_kuliah))
#7 C:\xampp\htdocs\siakad\system\CodeIgniter.php(339): CodeIgniter\CodeIgniter->handleRequest(NULL, Object(Config\Cache), false)
#8 C:\xampp\htdocs\siakad\index.php(36): CodeIgniter\CodeIgniter->run()
#9 {main}
CRITICAL - 2022-06-23 01:07:55 --> Trying to access array offset on value of type null
#0 C:\xampp\htdocs\siakad\app\Views\view_adm\vi_mk_edit.php(23): CodeIgniter\Debug\Exceptions->errorHandler(2, 'Trying to acces...', 'C:\\xampp\\htdocs...', 23)
#1 C:\xampp\htdocs\siakad\system\View\View.php(230): include('C:\\xampp\\htdocs...')
#2 C:\xampp\htdocs\siakad\system\View\View.php(232): CodeIgniter\View\View->CodeIgniter\View\{closure}()
#3 C:\xampp\htdocs\siakad\system\Common.php(1250): CodeIgniter\View\View->render('view_adm/vi_mk_...', Array, true)
#4 C:\xampp\htdocs\siakad\app\Controllers\Adm\Mata_kuliah.php(208): view('view_adm/vi_mk_...', Array)
#5 C:\xampp\htdocs\siakad\system\CodeIgniter.php(931): App\Controllers\Adm\Mata_kuliah->edit_mata_kuliah('img', 'undraw_profile_...')
#6 C:\xampp\htdocs\siakad\system\CodeIgniter.php(439): CodeIgniter\CodeIgniter->runController(Object(App\Controllers\Adm\Mata_kuliah))
#7 C:\xampp\htdocs\siakad\system\CodeIgniter.php(339): CodeIgniter\CodeIgniter->handleRequest(NULL, Object(Config\Cache), false)
#8 C:\xampp\htdocs\siakad\index.php(36): CodeIgniter\CodeIgniter->run()
#9 {main}
CRITICAL - 2022-06-23 01:07:55 --> Trying to access array offset on value of type null
#0 C:\xampp\htdocs\siakad\app\Views\view_adm\vi_mk_edit.php(23): CodeIgniter\Debug\Exceptions->errorHandler(2, 'Trying to acces...', 'C:\\xampp\\htdocs...', 23)
#1 C:\xampp\htdocs\siakad\system\View\View.php(230): include('C:\\xampp\\htdocs...')
#2 C:\xampp\htdocs\siakad\system\View\View.php(232): CodeIgniter\View\View->CodeIgniter\View\{closure}()
#3 C:\xampp\htdocs\siakad\system\Common.php(1250): CodeIgniter\View\View->render('view_adm/vi_mk_...', Array, true)
#4 C:\xampp\htdocs\siakad\app\Controllers\Adm\Mata_kuliah.php(208): view('view_adm/vi_mk_...', Array)
#5 C:\xampp\htdocs\siakad\system\CodeIgniter.php(931): App\Controllers\Adm\Mata_kuliah->edit_mata_kuliah('img', 'undraw_profile_...')
#6 C:\xampp\htdocs\siakad\system\CodeIgniter.php(439): CodeIgniter\CodeIgniter->runController(Object(App\Controllers\Adm\Mata_kuliah))
#7 C:\xampp\htdocs\siakad\system\CodeIgniter.php(339): CodeIgniter\CodeIgniter->handleRequest(NULL, Object(Config\Cache), false)
#8 C:\xampp\htdocs\siakad\index.php(36): CodeIgniter\CodeIgniter->run()
#9 {main}
CRITICAL - 2022-06-23 01:07:55 --> Trying to access array offset on value of type null
#0 C:\xampp\htdocs\siakad\app\Views\view_adm\vi_mk_edit.php(23): CodeIgniter\Debug\Exceptions->errorHandler(2, 'Trying to acces...', 'C:\\xampp\\htdocs...', 23)
#1 C:\xampp\htdocs\siakad\system\View\View.php(230): include('C:\\xampp\\htdocs...')
#2 C:\xampp\htdocs\siakad\system\View\View.php(232): CodeIgniter\View\View->CodeIgniter\View\{closure}()
#3 C:\xampp\htdocs\siakad\system\Common.php(1250): CodeIgniter\View\View->render('view_adm/vi_mk_...', Array, true)
#4 C:\xampp\htdocs\siakad\app\Controllers\Adm\Mata_kuliah.php(208): view('view_adm/vi_mk_...', Array)
#5 C:\xampp\htdocs\siakad\system\CodeIgniter.php(931): App\Controllers\Adm\Mata_kuliah->edit_mata_kuliah('img', 'undraw_profile_...')
#6 C:\xampp\htdocs\siakad\system\CodeIgniter.php(439): CodeIgniter\CodeIgniter->runController(Object(App\Controllers\Adm\Mata_kuliah))
#7 C:\xampp\htdocs\siakad\system\CodeIgniter.php(339): CodeIgniter\CodeIgniter->handleRequest(NULL, Object(Config\Cache), false)
#8 C:\xampp\htdocs\siakad\index.php(36): CodeIgniter\CodeIgniter->run()
#9 {main}
CRITICAL - 2022-06-23 01:07:55 --> Trying to access array offset on value of type null
#0 C:\xampp\htdocs\siakad\app\Views\view_adm\vi_mk_edit.php(23): CodeIgniter\Debug\Exceptions->errorHandler(2, 'Trying to acces...', 'C:\\xampp\\htdocs...', 23)
#1 C:\xampp\htdocs\siakad\system\View\View.php(230): include('C:\\xampp\\htdocs...')
#2 C:\xampp\htdocs\siakad\system\View\View.php(232): CodeIgniter\View\View->CodeIgniter\View\{closure}()
#3 C:\xampp\htdocs\siakad\system\Common.php(1250): CodeIgniter\View\View->render('view_adm/vi_mk_...', Array, true)
#4 C:\xampp\htdocs\siakad\app\Controllers\Adm\Mata_kuliah.php(208): view('view_adm/vi_mk_...', Array)
#5 C:\xampp\htdocs\siakad\system\CodeIgniter.php(931): App\Controllers\Adm\Mata_kuliah->edit_mata_kuliah('img', 'undraw_profile....')
#6 C:\xampp\htdocs\siakad\system\CodeIgniter.php(439): CodeIgniter\CodeIgniter->runController(Object(App\Controllers\Adm\Mata_kuliah))
#7 C:\xampp\htdocs\siakad\system\CodeIgniter.php(339): CodeIgniter\CodeIgniter->handleRequest(NULL, Object(Config\Cache), false)
#8 C:\xampp\htdocs\siakad\index.php(36): CodeIgniter\CodeIgniter->run()
#9 {main}
ERROR - 2022-06-23 21:23:31 --> Unknown column 'mata_kuliah' in 'where clause'
CRITICAL - 2022-06-23 21:23:31 --> Unknown column 'mata_kuliah' in 'where clause'
#0 C:\xampp\htdocs\siakad\system\Database\MySQLi\Connection.php(329): mysqli->query('SELECT COUNT(*)...')
#1 C:\xampp\htdocs\siakad\system\Database\BaseConnection.php(732): CodeIgniter\Database\MySQLi\Connection->execute('SELECT COUNT(*)...')
#2 C:\xampp\htdocs\siakad\system\Database\BaseConnection.php(647): CodeIgniter\Database\BaseConnection->simpleQuery('SELECT COUNT(*)...')
#3 C:\xampp\htdocs\siakad\system\Database\BaseBuilder.php(1981): CodeIgniter\Database\BaseConnection->query('SELECT COUNT(*)...', Array, false)
#4 C:\xampp\htdocs\siakad\system\Model.php(561): CodeIgniter\Database\BaseBuilder->countAllResults(false)
#5 C:\xampp\htdocs\siakad\system\BaseModel.php(1147): CodeIgniter\Model->countAllResults(false)
#6 C:\xampp\htdocs\siakad\app\Controllers\Adm\Mata_kuliah.php(58): CodeIgniter\BaseModel->paginate(10, 'mata_kuliah')
#7 C:\xampp\htdocs\siakad\system\CodeIgniter.php(931): App\Controllers\Adm\Mata_kuliah->index()
#8 C:\xampp\htdocs\siakad\system\CodeIgniter.php(439): CodeIgniter\CodeIgniter->runController(Object(App\Controllers\Adm\Mata_kuliah))
#9 C:\xampp\htdocs\siakad\system\CodeIgniter.php(339): CodeIgniter\CodeIgniter->handleRequest(NULL, Object(Config\Cache), false)
#10 C:\xampp\htdocs\siakad\index.php(36): CodeIgniter\CodeIgniter->run()
#11 {main}
CRITICAL - 2022-06-23 21:37:11 --> Undefined property: App\Controllers\Adm\Prasyarat::$MkModel
#0 C:\xampp\htdocs\siakad\app\Controllers\Adm\Prasyarat.php(75): CodeIgniter\Debug\Exceptions->errorHandler(2, 'Undefined prope...', 'C:\\xampp\\htdocs...', 75)
#1 C:\xampp\htdocs\siakad\system\CodeIgniter.php(931): App\Controllers\Adm\Prasyarat->add()
#2 C:\xampp\htdocs\siakad\system\CodeIgniter.php(439): CodeIgniter\CodeIgniter->runController(Object(App\Controllers\Adm\Prasyarat))
#3 C:\xampp\htdocs\siakad\system\CodeIgniter.php(339): CodeIgniter\CodeIgniter->handleRequest(NULL, Object(Config\Cache), false)
#4 C:\xampp\htdocs\siakad\index.php(36): CodeIgniter\CodeIgniter->run()
#5 {main}
CRITICAL - 2022-06-23 21:41:16 --> Undefined variable $kd_mk
#0 C:\xampp\htdocs\siakad\app\Controllers\Adm\Prasyarat.php(91): CodeIgniter\Debug\Exceptions->errorHandler(2, 'Undefined varia...', 'C:\\xampp\\htdocs...', 91)
#1 C:\xampp\htdocs\siakad\system\CodeIgniter.php(931): App\Controllers\Adm\Prasyarat->hapus_prasyarat('9890')
#2 C:\xampp\htdocs\siakad\system\CodeIgniter.php(439): CodeIgniter\CodeIgniter->runController(Object(App\Controllers\Adm\Prasyarat))
#3 C:\xampp\htdocs\siakad\system\CodeIgniter.php(339): CodeIgniter\CodeIgniter->handleRequest(NULL, Object(Config\Cache), false)
#4 C:\xampp\htdocs\siakad\index.php(36): CodeIgniter\CodeIgniter->run()
#5 {main}
CRITICAL - 2022-06-23 21:41:35 --> Undefined property: App\Controllers\Adm\Prasyarat::$MkModel
#0 C:\xampp\htdocs\siakad\app\Controllers\Adm\Prasyarat.php(75): CodeIgniter\Debug\Exceptions->errorHandler(2, 'Undefined prope...', 'C:\\xampp\\htdocs...', 75)
#1 C:\xampp\htdocs\siakad\system\CodeIgniter.php(931): App\Controllers\Adm\Prasyarat->add()
#2 C:\xampp\htdocs\siakad\system\CodeIgniter.php(439): CodeIgniter\CodeIgniter->runController(Object(App\Controllers\Adm\Prasyarat))
#3 C:\xampp\htdocs\siakad\system\CodeIgniter.php(339): CodeIgniter\CodeIgniter->handleRequest(NULL, Object(Config\Cache), false)
#4 C:\xampp\htdocs\siakad\index.php(36): CodeIgniter\CodeIgniter->run()
#5 {main}
CRITICAL - 2022-06-23 21:46:54 --> Undefined property: App\Controllers\Adm\Prasyarat::$MkModel
#0 C:\xampp\htdocs\siakad\app\Controllers\Adm\Prasyarat.php(75): CodeIgniter\Debug\Exceptions->errorHandler(2, 'Undefined prope...', 'C:\\xampp\\htdocs...', 75)
#1 C:\xampp\htdocs\siakad\system\CodeIgniter.php(931): App\Controllers\Adm\Prasyarat->add()
#2 C:\xampp\htdocs\siakad\system\CodeIgniter.php(439): CodeIgniter\CodeIgniter->runController(Object(App\Controllers\Adm\Prasyarat))
#3 C:\xampp\htdocs\siakad\system\CodeIgniter.php(339): CodeIgniter\CodeIgniter->handleRequest(NULL, Object(Config\Cache), false)
#4 C:\xampp\htdocs\siakad\index.php(36): CodeIgniter\CodeIgniter->run()
#5 {main}
CRITICAL - 2022-06-23 21:59:33 --> Undefined variable $kd_ruang
#0 C:\xampp\htdocs\siakad\app\Controllers\Adm\Prasyarat.php(149): CodeIgniter\Debug\Exceptions->errorHandler(2, 'Undefined varia...', 'C:\\xampp\\htdocs...', 149)
#1 C:\xampp\htdocs\siakad\system\CodeIgniter.php(931): App\Controllers\Adm\Prasyarat->save_prasyarat()
#2 C:\xampp\htdocs\siakad\system\CodeIgniter.php(439): CodeIgniter\CodeIgniter->runController(Object(App\Controllers\Adm\Prasyarat))
#3 C:\xampp\htdocs\siakad\system\CodeIgniter.php(339): CodeIgniter\CodeIgniter->handleRequest(NULL, Object(Config\Cache), false)
#4 C:\xampp\htdocs\siakad\index.php(36): CodeIgniter\CodeIgniter->run()
#5 {main}
