CRITICAL - 2022-06-24 01:55:21 --> Trying to access array offset on value of type null
#0 C:\xampp\htdocs\siakad\app\Views\view_adm\vi_mk_edit.php(23): CodeIgniter\Debug\Exceptions->errorHandler(2, 'Trying to acces...', 'C:\\xampp\\htdocs...', 23)
#1 C:\xampp\htdocs\siakad\system\View\View.php(230): include('C:\\xampp\\htdocs...')
#2 C:\xampp\htdocs\siakad\system\View\View.php(232): CodeIgniter\View\View->CodeIgniter\View\{closure}()
#3 C:\xampp\htdocs\siakad\system\Common.php(1250): CodeIgniter\View\View->render('view_adm/vi_mk_...', Array, true)
#4 C:\xampp\htdocs\siakad\app\Controllers\Adm\Mata_kuliah.php(208): view('view_adm/vi_mk_...', Array)
#5 C:\xampp\htdocs\siakad\system\CodeIgniter.php(931): App\Controllers\Adm\Mata_kuliah->edit_mata_kuliah('img', 'undraw_profile_...')
#6 C:\xampp\htdocs\siakad\system\CodeIgniter.php(439): CodeIgniter\CodeIgniter->runController(Object(App\Controllers\Adm\Mata_kuliah))
#7 C:\xampp\htdocs\siakad\system\CodeIgniter.php(339): CodeIgniter\CodeIgniter->handleRequest(NULL, Object(Config\Cache), false)
#8 C:\xampp\htdocs\siakad\index.php(36): CodeIgniter\CodeIgniter->run()
#9 {main}
CRITICAL - 2022-06-24 01:55:21 --> Trying to access array offset on value of type null
#0 C:\xampp\htdocs\siakad\app\Views\view_adm\vi_mk_edit.php(23): CodeIgniter\Debug\Exceptions->errorHandler(2, 'Trying to acces...', 'C:\\xampp\\htdocs...', 23)
#1 C:\xampp\htdocs\siakad\system\View\View.php(230): include('C:\\xampp\\htdocs...')
#2 C:\xampp\htdocs\siakad\system\View\View.php(232): CodeIgniter\View\View->CodeIgniter\View\{closure}()
#3 C:\xampp\htdocs\siakad\system\Common.php(1250): CodeIgniter\View\View->render('view_adm/vi_mk_...', Array, true)
#4 C:\xampp\htdocs\siakad\app\Controllers\Adm\Mata_kuliah.php(208): view('view_adm/vi_mk_...', Array)
#5 C:\xampp\htdocs\siakad\system\CodeIgniter.php(931): App\Controllers\Adm\Mata_kuliah->edit_mata_kuliah('img', 'undraw_profile_...')
#6 C:\xampp\htdocs\siakad\system\CodeIgniter.php(439): CodeIgniter\CodeIgniter->runController(Object(App\Controllers\Adm\Mata_kuliah))
#7 C:\xampp\htdocs\siakad\system\CodeIgniter.php(339): CodeIgniter\CodeIgniter->handleRequest(NULL, Object(Config\Cache), false)
#8 C:\xampp\htdocs\siakad\index.php(36): CodeIgniter\CodeIgniter->run()
#9 {main}
CRITICAL - 2022-06-24 01:55:21 --> Trying to access array offset on value of type null
#0 C:\xampp\htdocs\siakad\app\Views\view_adm\vi_mk_edit.php(23): CodeIgniter\Debug\Exceptions->errorHandler(2, 'Trying to acces...', 'C:\\xampp\\htdocs...', 23)
#1 C:\xampp\htdocs\siakad\system\View\View.php(230): include('C:\\xampp\\htdocs...')
#2 C:\xampp\htdocs\siakad\system\View\View.php(232): CodeIgniter\View\View->CodeIgniter\View\{closure}()
#3 C:\xampp\htdocs\siakad\system\Common.php(1250): CodeIgniter\View\View->render('view_adm/vi_mk_...', Array, true)
#4 C:\xampp\htdocs\siakad\app\Controllers\Adm\Mata_kuliah.php(208): view('view_adm/vi_mk_...', Array)
#5 C:\xampp\htdocs\siakad\system\CodeIgniter.php(931): App\Controllers\Adm\Mata_kuliah->edit_mata_kuliah('img', 'undraw_profile....')
#6 C:\xampp\htdocs\siakad\system\CodeIgniter.php(439): CodeIgniter\CodeIgniter->runController(Object(App\Controllers\Adm\Mata_kuliah))
#7 C:\xampp\htdocs\siakad\system\CodeIgniter.php(339): CodeIgniter\CodeIgniter->handleRequest(NULL, Object(Config\Cache), false)
#8 C:\xampp\htdocs\siakad\index.php(36): CodeIgniter\CodeIgniter->run()
#9 {main}
CRITICAL - 2022-06-24 01:55:21 --> Trying to access array offset on value of type null
#0 C:\xampp\htdocs\siakad\app\Views\view_adm\vi_mk_edit.php(23): CodeIgniter\Debug\Exceptions->errorHandler(2, 'Trying to acces...', 'C:\\xampp\\htdocs...', 23)
#1 C:\xampp\htdocs\siakad\system\View\View.php(230): include('C:\\xampp\\htdocs...')
#2 C:\xampp\htdocs\siakad\system\View\View.php(232): CodeIgniter\View\View->CodeIgniter\View\{closure}()
#3 C:\xampp\htdocs\siakad\system\Common.php(1250): CodeIgniter\View\View->render('view_adm/vi_mk_...', Array, true)
#4 C:\xampp\htdocs\siakad\app\Controllers\Adm\Mata_kuliah.php(208): view('view_adm/vi_mk_...', Array)
#5 C:\xampp\htdocs\siakad\system\CodeIgniter.php(931): App\Controllers\Adm\Mata_kuliah->edit_mata_kuliah('img', 'undraw_profile_...')
#6 C:\xampp\htdocs\siakad\system\CodeIgniter.php(439): CodeIgniter\CodeIgniter->runController(Object(App\Controllers\Adm\Mata_kuliah))
#7 C:\xampp\htdocs\siakad\system\CodeIgniter.php(339): CodeIgniter\CodeIgniter->handleRequest(NULL, Object(Config\Cache), false)
#8 C:\xampp\htdocs\siakad\index.php(36): CodeIgniter\CodeIgniter->run()
#9 {main}
CRITICAL - 2022-06-24 01:55:32 --> Trying to access array offset on value of type null
#0 C:\xampp\htdocs\siakad\app\Views\view_adm\vi_mk_edit.php(23): CodeIgniter\Debug\Exceptions->errorHandler(2, 'Trying to acces...', 'C:\\xampp\\htdocs...', 23)
#1 C:\xampp\htdocs\siakad\system\View\View.php(230): include('C:\\xampp\\htdocs...')
#2 C:\xampp\htdocs\siakad\system\View\View.php(232): CodeIgniter\View\View->CodeIgniter\View\{closure}()
#3 C:\xampp\htdocs\siakad\system\Common.php(1250): CodeIgniter\View\View->render('view_adm/vi_mk_...', Array, true)
#4 C:\xampp\htdocs\siakad\app\Controllers\Adm\Mata_kuliah.php(208): view('view_adm/vi_mk_...', Array)
#5 C:\xampp\htdocs\siakad\system\CodeIgniter.php(931): App\Controllers\Adm\Mata_kuliah->edit_mata_kuliah('img', 'undraw_profile_...')
#6 C:\xampp\htdocs\siakad\system\CodeIgniter.php(439): CodeIgniter\CodeIgniter->runController(Object(App\Controllers\Adm\Mata_kuliah))
#7 C:\xampp\htdocs\siakad\system\CodeIgniter.php(339): CodeIgniter\CodeIgniter->handleRequest(NULL, Object(Config\Cache), false)
#8 C:\xampp\htdocs\siakad\index.php(36): CodeIgniter\CodeIgniter->run()
#9 {main}
CRITICAL - 2022-06-24 01:55:32 --> Trying to access array offset on value of type null
#0 C:\xampp\htdocs\siakad\app\Views\view_adm\vi_mk_edit.php(23): CodeIgniter\Debug\Exceptions->errorHandler(2, 'Trying to acces...', 'C:\\xampp\\htdocs...', 23)
#1 C:\xampp\htdocs\siakad\system\View\View.php(230): include('C:\\xampp\\htdocs...')
#2 C:\xampp\htdocs\siakad\system\View\View.php(232): CodeIgniter\View\View->CodeIgniter\View\{closure}()
#3 C:\xampp\htdocs\siakad\system\Common.php(1250): CodeIgniter\View\View->render('view_adm/vi_mk_...', Array, true)
#4 C:\xampp\htdocs\siakad\app\Controllers\Adm\Mata_kuliah.php(208): view('view_adm/vi_mk_...', Array)
#5 C:\xampp\htdocs\siakad\system\CodeIgniter.php(931): App\Controllers\Adm\Mata_kuliah->edit_mata_kuliah('img', 'undraw_profile_...')
#6 C:\xampp\htdocs\siakad\system\CodeIgniter.php(439): CodeIgniter\CodeIgniter->runController(Object(App\Controllers\Adm\Mata_kuliah))
#7 C:\xampp\htdocs\siakad\system\CodeIgniter.php(339): CodeIgniter\CodeIgniter->handleRequest(NULL, Object(Config\Cache), false)
#8 C:\xampp\htdocs\siakad\index.php(36): CodeIgniter\CodeIgniter->run()
#9 {main}
CRITICAL - 2022-06-24 01:55:32 --> Trying to access array offset on value of type null
#0 C:\xampp\htdocs\siakad\app\Views\view_adm\vi_mk_edit.php(23): CodeIgniter\Debug\Exceptions->errorHandler(2, 'Trying to acces...', 'C:\\xampp\\htdocs...', 23)
#1 C:\xampp\htdocs\siakad\system\View\View.php(230): include('C:\\xampp\\htdocs...')
#2 C:\xampp\htdocs\siakad\system\View\View.php(232): CodeIgniter\View\View->CodeIgniter\View\{closure}()
#3 C:\xampp\htdocs\siakad\system\Common.php(1250): CodeIgniter\View\View->render('view_adm/vi_mk_...', Array, true)
#4 C:\xampp\htdocs\siakad\app\Controllers\Adm\Mata_kuliah.php(208): view('view_adm/vi_mk_...', Array)
#5 C:\xampp\htdocs\siakad\system\CodeIgniter.php(931): App\Controllers\Adm\Mata_kuliah->edit_mata_kuliah('img', 'undraw_profile_...')
#6 C:\xampp\htdocs\siakad\system\CodeIgniter.php(439): CodeIgniter\CodeIgniter->runController(Object(App\Controllers\Adm\Mata_kuliah))
#7 C:\xampp\htdocs\siakad\system\CodeIgniter.php(339): CodeIgniter\CodeIgniter->handleRequest(NULL, Object(Config\Cache), false)
#8 C:\xampp\htdocs\siakad\index.php(36): CodeIgniter\CodeIgniter->run()
#9 {main}
CRITICAL - 2022-06-24 01:55:32 --> Trying to access array offset on value of type null
#0 C:\xampp\htdocs\siakad\app\Views\view_adm\vi_mk_edit.php(23): CodeIgniter\Debug\Exceptions->errorHandler(2, 'Trying to acces...', 'C:\\xampp\\htdocs...', 23)
#1 C:\xampp\htdocs\siakad\system\View\View.php(230): include('C:\\xampp\\htdocs...')
#2 C:\xampp\htdocs\siakad\system\View\View.php(232): CodeIgniter\View\View->CodeIgniter\View\{closure}()
#3 C:\xampp\htdocs\siakad\system\Common.php(1250): CodeIgniter\View\View->render('view_adm/vi_mk_...', Array, true)
#4 C:\xampp\htdocs\siakad\app\Controllers\Adm\Mata_kuliah.php(208): view('view_adm/vi_mk_...', Array)
#5 C:\xampp\htdocs\siakad\system\CodeIgniter.php(931): App\Controllers\Adm\Mata_kuliah->edit_mata_kuliah('img', 'undraw_profile....')
#6 C:\xampp\htdocs\siakad\system\CodeIgniter.php(439): CodeIgniter\CodeIgniter->runController(Object(App\Controllers\Adm\Mata_kuliah))
#7 C:\xampp\htdocs\siakad\system\CodeIgniter.php(339): CodeIgniter\CodeIgniter->handleRequest(NULL, Object(Config\Cache), false)
#8 C:\xampp\htdocs\siakad\index.php(36): CodeIgniter\CodeIgniter->run()
#9 {main}
CRITICAL - 2022-06-24 02:03:52 --> Trying to access array offset on value of type null
#0 C:\xampp\htdocs\siakad\app\Views\view_adm\vi_prasyarat_edit.php(26): CodeIgniter\Debug\Exceptions->errorHandler(2, 'Trying to acces...', 'C:\\xampp\\htdocs...', 26)
#1 C:\xampp\htdocs\siakad\system\View\View.php(230): include('C:\\xampp\\htdocs...')
#2 C:\xampp\htdocs\siakad\system\View\View.php(232): CodeIgniter\View\View->CodeIgniter\View\{closure}()
#3 C:\xampp\htdocs\siakad\system\Common.php(1250): CodeIgniter\View\View->render('view_adm/vi_pra...', Array, true)
#4 C:\xampp\htdocs\siakad\app\Controllers\Adm\Prasyarat.php(189): view('view_adm/vi_pra...', Array)
#5 C:\xampp\htdocs\siakad\system\CodeIgniter.php(931): App\Controllers\Adm\Prasyarat->edit_prasyarat('img', 'undraw_profile_...')
#6 C:\xampp\htdocs\siakad\system\CodeIgniter.php(439): CodeIgniter\CodeIgniter->runController(Object(App\Controllers\Adm\Prasyarat))
#7 C:\xampp\htdocs\siakad\system\CodeIgniter.php(339): CodeIgniter\CodeIgniter->handleRequest(NULL, Object(Config\Cache), false)
#8 C:\xampp\htdocs\siakad\index.php(36): CodeIgniter\CodeIgniter->run()
#9 {main}
CRITICAL - 2022-06-24 02:03:52 --> Trying to access array offset on value of type null
#0 C:\xampp\htdocs\siakad\app\Views\view_adm\vi_prasyarat_edit.php(26): CodeIgniter\Debug\Exceptions->errorHandler(2, 'Trying to acces...', 'C:\\xampp\\htdocs...', 26)
#1 C:\xampp\htdocs\siakad\system\View\View.php(230): include('C:\\xampp\\htdocs...')
#2 C:\xampp\htdocs\siakad\system\View\View.php(232): CodeIgniter\View\View->CodeIgniter\View\{closure}()
#3 C:\xampp\htdocs\siakad\system\Common.php(1250): CodeIgniter\View\View->render('view_adm/vi_pra...', Array, true)
#4 C:\xampp\htdocs\siakad\app\Controllers\Adm\Prasyarat.php(189): view('view_adm/vi_pra...', Array)
#5 C:\xampp\htdocs\siakad\system\CodeIgniter.php(931): App\Controllers\Adm\Prasyarat->edit_prasyarat('img', 'undraw_profile_...')
#6 C:\xampp\htdocs\siakad\system\CodeIgniter.php(439): CodeIgniter\CodeIgniter->runController(Object(App\Controllers\Adm\Prasyarat))
#7 C:\xampp\htdocs\siakad\system\CodeIgniter.php(339): CodeIgniter\CodeIgniter->handleRequest(NULL, Object(Config\Cache), false)
#8 C:\xampp\htdocs\siakad\index.php(36): CodeIgniter\CodeIgniter->run()
#9 {main}
CRITICAL - 2022-06-24 02:03:52 --> Trying to access array offset on value of type null
#0 C:\xampp\htdocs\siakad\app\Views\view_adm\vi_prasyarat_edit.php(26): CodeIgniter\Debug\Exceptions->errorHandler(2, 'Trying to acces...', 'C:\\xampp\\htdocs...', 26)
#1 C:\xampp\htdocs\siakad\system\View\View.php(230): include('C:\\xampp\\htdocs...')
#2 C:\xampp\htdocs\siakad\system\View\View.php(232): CodeIgniter\View\View->CodeIgniter\View\{closure}()
#3 C:\xampp\htdocs\siakad\system\Common.php(1250): CodeIgniter\View\View->render('view_adm/vi_pra...', Array, true)
#4 C:\xampp\htdocs\siakad\app\Controllers\Adm\Prasyarat.php(189): view('view_adm/vi_pra...', Array)
#5 C:\xampp\htdocs\siakad\system\CodeIgniter.php(931): App\Controllers\Adm\Prasyarat->edit_prasyarat('img', 'undraw_profile....')
#6 C:\xampp\htdocs\siakad\system\CodeIgniter.php(439): CodeIgniter\CodeIgniter->runController(Object(App\Controllers\Adm\Prasyarat))
#7 C:\xampp\htdocs\siakad\system\CodeIgniter.php(339): CodeIgniter\CodeIgniter->handleRequest(NULL, Object(Config\Cache), false)
#8 C:\xampp\htdocs\siakad\index.php(36): CodeIgniter\CodeIgniter->run()
#9 {main}
CRITICAL - 2022-06-24 02:03:52 --> Trying to access array offset on value of type null
#0 C:\xampp\htdocs\siakad\app\Views\view_adm\vi_prasyarat_edit.php(26): CodeIgniter\Debug\Exceptions->errorHandler(2, 'Trying to acces...', 'C:\\xampp\\htdocs...', 26)
#1 C:\xampp\htdocs\siakad\system\View\View.php(230): include('C:\\xampp\\htdocs...')
#2 C:\xampp\htdocs\siakad\system\View\View.php(232): CodeIgniter\View\View->CodeIgniter\View\{closure}()
#3 C:\xampp\htdocs\siakad\system\Common.php(1250): CodeIgniter\View\View->render('view_adm/vi_pra...', Array, true)
#4 C:\xampp\htdocs\siakad\app\Controllers\Adm\Prasyarat.php(189): view('view_adm/vi_pra...', Array)
#5 C:\xampp\htdocs\siakad\system\CodeIgniter.php(931): App\Controllers\Adm\Prasyarat->edit_prasyarat('img', 'undraw_profile_...')
#6 C:\xampp\htdocs\siakad\system\CodeIgniter.php(439): CodeIgniter\CodeIgniter->runController(Object(App\Controllers\Adm\Prasyarat))
#7 C:\xampp\htdocs\siakad\system\CodeIgniter.php(339): CodeIgniter\CodeIgniter->handleRequest(NULL, Object(Config\Cache), false)
#8 C:\xampp\htdocs\siakad\index.php(36): CodeIgniter\CodeIgniter->run()
#9 {main}
ERROR - 2022-06-24 07:10:49 --> Unknown column 'nama_mk' in 'where clause'
CRITICAL - 2022-06-24 07:10:49 --> Unknown column 'nama_mk' in 'where clause'
#0 C:\xampp\htdocs\siakad\system\Database\MySQLi\Connection.php(329): mysqli->query('SELECT COUNT(*)...')
#1 C:\xampp\htdocs\siakad\system\Database\BaseConnection.php(732): CodeIgniter\Database\MySQLi\Connection->execute('SELECT COUNT(*)...')
#2 C:\xampp\htdocs\siakad\system\Database\BaseConnection.php(647): CodeIgniter\Database\BaseConnection->simpleQuery('SELECT COUNT(*)...')
#3 C:\xampp\htdocs\siakad\system\Database\BaseBuilder.php(1981): CodeIgniter\Database\BaseConnection->query('SELECT COUNT(*)...', Array, false)
#4 C:\xampp\htdocs\siakad\system\Model.php(561): CodeIgniter\Database\BaseBuilder->countAllResults(false)
#5 C:\xampp\htdocs\siakad\system\BaseModel.php(1147): CodeIgniter\Model->countAllResults(false)
#6 C:\xampp\htdocs\siakad\app\Controllers\Adm\Prasyarat.php(57): CodeIgniter\BaseModel->paginate(10, 'prasyarat')
#7 C:\xampp\htdocs\siakad\system\CodeIgniter.php(931): App\Controllers\Adm\Prasyarat->index()
#8 C:\xampp\htdocs\siakad\system\CodeIgniter.php(439): CodeIgniter\CodeIgniter->runController(Object(App\Controllers\Adm\Prasyarat))
#9 C:\xampp\htdocs\siakad\system\CodeIgniter.php(339): CodeIgniter\CodeIgniter->handleRequest(NULL, Object(Config\Cache), false)
#10 C:\xampp\htdocs\siakad\index.php(36): CodeIgniter\CodeIgniter->run()
#11 {main}
CRITICAL - 2022-06-24 07:12:07 --> Trying to access array offset on value of type null
#0 C:\xampp\htdocs\siakad\app\Views\view_adm\vi_prasyarat_edit.php(26): CodeIgniter\Debug\Exceptions->errorHandler(2, 'Trying to acces...', 'C:\\xampp\\htdocs...', 26)
#1 C:\xampp\htdocs\siakad\system\View\View.php(230): include('C:\\xampp\\htdocs...')
#2 C:\xampp\htdocs\siakad\system\View\View.php(232): CodeIgniter\View\View->CodeIgniter\View\{closure}()
#3 C:\xampp\htdocs\siakad\system\Common.php(1250): CodeIgniter\View\View->render('view_adm/vi_pra...', Array, true)
#4 C:\xampp\htdocs\siakad\app\Controllers\Adm\Prasyarat.php(189): view('view_adm/vi_pra...', Array)
#5 C:\xampp\htdocs\siakad\system\CodeIgniter.php(931): App\Controllers\Adm\Prasyarat->edit_prasyarat('img', 'undraw_profile_...')
#6 C:\xampp\htdocs\siakad\system\CodeIgniter.php(439): CodeIgniter\CodeIgniter->runController(Object(App\Controllers\Adm\Prasyarat))
#7 C:\xampp\htdocs\siakad\system\CodeIgniter.php(339): CodeIgniter\CodeIgniter->handleRequest(NULL, Object(Config\Cache), false)
#8 C:\xampp\htdocs\siakad\index.php(36): CodeIgniter\CodeIgniter->run()
#9 {main}
CRITICAL - 2022-06-24 07:12:08 --> Trying to access array offset on value of type null
#0 C:\xampp\htdocs\siakad\app\Views\view_adm\vi_prasyarat_edit.php(26): CodeIgniter\Debug\Exceptions->errorHandler(2, 'Trying to acces...', 'C:\\xampp\\htdocs...', 26)
#1 C:\xampp\htdocs\siakad\system\View\View.php(230): include('C:\\xampp\\htdocs...')
#2 C:\xampp\htdocs\siakad\system\View\View.php(232): CodeIgniter\View\View->CodeIgniter\View\{closure}()
#3 C:\xampp\htdocs\siakad\system\Common.php(1250): CodeIgniter\View\View->render('view_adm/vi_pra...', Array, true)
#4 C:\xampp\htdocs\siakad\app\Controllers\Adm\Prasyarat.php(189): view('view_adm/vi_pra...', Array)
#5 C:\xampp\htdocs\siakad\system\CodeIgniter.php(931): App\Controllers\Adm\Prasyarat->edit_prasyarat('img', 'undraw_profile_...')
#6 C:\xampp\htdocs\siakad\system\CodeIgniter.php(439): CodeIgniter\CodeIgniter->runController(Object(App\Controllers\Adm\Prasyarat))
#7 C:\xampp\htdocs\siakad\system\CodeIgniter.php(339): CodeIgniter\CodeIgniter->handleRequest(NULL, Object(Config\Cache), false)
#8 C:\xampp\htdocs\siakad\index.php(36): CodeIgniter\CodeIgniter->run()
#9 {main}
CRITICAL - 2022-06-24 07:12:08 --> Trying to access array offset on value of type null
#0 C:\xampp\htdocs\siakad\app\Views\view_adm\vi_prasyarat_edit.php(26): CodeIgniter\Debug\Exceptions->errorHandler(2, 'Trying to acces...', 'C:\\xampp\\htdocs...', 26)
#1 C:\xampp\htdocs\siakad\system\View\View.php(230): include('C:\\xampp\\htdocs...')
#2 C:\xampp\htdocs\siakad\system\View\View.php(232): CodeIgniter\View\View->CodeIgniter\View\{closure}()
#3 C:\xampp\htdocs\siakad\system\Common.php(1250): CodeIgniter\View\View->render('view_adm/vi_pra...', Array, true)
#4 C:\xampp\htdocs\siakad\app\Controllers\Adm\Prasyarat.php(189): view('view_adm/vi_pra...', Array)
#5 C:\xampp\htdocs\siakad\system\CodeIgniter.php(931): App\Controllers\Adm\Prasyarat->edit_prasyarat('img', 'undraw_profile_...')
#6 C:\xampp\htdocs\siakad\system\CodeIgniter.php(439): CodeIgniter\CodeIgniter->runController(Object(App\Controllers\Adm\Prasyarat))
#7 C:\xampp\htdocs\siakad\system\CodeIgniter.php(339): CodeIgniter\CodeIgniter->handleRequest(NULL, Object(Config\Cache), false)
#8 C:\xampp\htdocs\siakad\index.php(36): CodeIgniter\CodeIgniter->run()
#9 {main}
CRITICAL - 2022-06-24 07:12:08 --> Trying to access array offset on value of type null
#0 C:\xampp\htdocs\siakad\app\Views\view_adm\vi_prasyarat_edit.php(26): CodeIgniter\Debug\Exceptions->errorHandler(2, 'Trying to acces...', 'C:\\xampp\\htdocs...', 26)
#1 C:\xampp\htdocs\siakad\system\View\View.php(230): include('C:\\xampp\\htdocs...')
#2 C:\xampp\htdocs\siakad\system\View\View.php(232): CodeIgniter\View\View->CodeIgniter\View\{closure}()
#3 C:\xampp\htdocs\siakad\system\Common.php(1250): CodeIgniter\View\View->render('view_adm/vi_pra...', Array, true)
#4 C:\xampp\htdocs\siakad\app\Controllers\Adm\Prasyarat.php(189): view('view_adm/vi_pra...', Array)
#5 C:\xampp\htdocs\siakad\system\CodeIgniter.php(931): App\Controllers\Adm\Prasyarat->edit_prasyarat('img', 'undraw_profile....')
#6 C:\xampp\htdocs\siakad\system\CodeIgniter.php(439): CodeIgniter\CodeIgniter->runController(Object(App\Controllers\Adm\Prasyarat))
#7 C:\xampp\htdocs\siakad\system\CodeIgniter.php(339): CodeIgniter\CodeIgniter->handleRequest(NULL, Object(Config\Cache), false)
#8 C:\xampp\htdocs\siakad\index.php(36): CodeIgniter\CodeIgniter->run()
#9 {main}
CRITICAL - 2022-06-24 07:15:22 --> Trying to access array offset on value of type null
#0 C:\xampp\htdocs\siakad\app\Views\view_adm\vi_prasyarat_edit.php(21): CodeIgniter\Debug\Exceptions->errorHandler(2, 'Trying to acces...', 'C:\\xampp\\htdocs...', 21)
#1 C:\xampp\htdocs\siakad\system\View\View.php(230): include('C:\\xampp\\htdocs...')
#2 C:\xampp\htdocs\siakad\system\View\View.php(232): CodeIgniter\View\View->CodeIgniter\View\{closure}()
#3 C:\xampp\htdocs\siakad\system\Common.php(1250): CodeIgniter\View\View->render('view_adm/vi_pra...', Array, true)
#4 C:\xampp\htdocs\siakad\app\Controllers\Adm\Prasyarat.php(189): view('view_adm/vi_pra...', Array)
#5 C:\xampp\htdocs\siakad\system\CodeIgniter.php(931): App\Controllers\Adm\Prasyarat->edit_prasyarat('img', 'undraw_profile_...')
#6 C:\xampp\htdocs\siakad\system\CodeIgniter.php(439): CodeIgniter\CodeIgniter->runController(Object(App\Controllers\Adm\Prasyarat))
#7 C:\xampp\htdocs\siakad\system\CodeIgniter.php(339): CodeIgniter\CodeIgniter->handleRequest(NULL, Object(Config\Cache), false)
#8 C:\xampp\htdocs\siakad\index.php(36): CodeIgniter\CodeIgniter->run()
#9 {main}
CRITICAL - 2022-06-24 07:15:23 --> Trying to access array offset on value of type null
#0 C:\xampp\htdocs\siakad\app\Views\view_adm\vi_prasyarat_edit.php(21): CodeIgniter\Debug\Exceptions->errorHandler(2, 'Trying to acces...', 'C:\\xampp\\htdocs...', 21)
#1 C:\xampp\htdocs\siakad\system\View\View.php(230): include('C:\\xampp\\htdocs...')
#2 C:\xampp\htdocs\siakad\system\View\View.php(232): CodeIgniter\View\View->CodeIgniter\View\{closure}()
#3 C:\xampp\htdocs\siakad\system\Common.php(1250): CodeIgniter\View\View->render('view_adm/vi_pra...', Array, true)
#4 C:\xampp\htdocs\siakad\app\Controllers\Adm\Prasyarat.php(189): view('view_adm/vi_pra...', Array)
#5 C:\xampp\htdocs\siakad\system\CodeIgniter.php(931): App\Controllers\Adm\Prasyarat->edit_prasyarat('img', 'undraw_profile_...')
#6 C:\xampp\htdocs\siakad\system\CodeIgniter.php(439): CodeIgniter\CodeIgniter->runController(Object(App\Controllers\Adm\Prasyarat))
#7 C:\xampp\htdocs\siakad\system\CodeIgniter.php(339): CodeIgniter\CodeIgniter->handleRequest(NULL, Object(Config\Cache), false)
#8 C:\xampp\htdocs\siakad\index.php(36): CodeIgniter\CodeIgniter->run()
#9 {main}
CRITICAL - 2022-06-24 07:15:23 --> Trying to access array offset on value of type null
#0 C:\xampp\htdocs\siakad\app\Views\view_adm\vi_prasyarat_edit.php(21): CodeIgniter\Debug\Exceptions->errorHandler(2, 'Trying to acces...', 'C:\\xampp\\htdocs...', 21)
#1 C:\xampp\htdocs\siakad\system\View\View.php(230): include('C:\\xampp\\htdocs...')
#2 C:\xampp\htdocs\siakad\system\View\View.php(232): CodeIgniter\View\View->CodeIgniter\View\{closure}()
#3 C:\xampp\htdocs\siakad\system\Common.php(1250): CodeIgniter\View\View->render('view_adm/vi_pra...', Array, true)
#4 C:\xampp\htdocs\siakad\app\Controllers\Adm\Prasyarat.php(189): view('view_adm/vi_pra...', Array)
#5 C:\xampp\htdocs\siakad\system\CodeIgniter.php(931): App\Controllers\Adm\Prasyarat->edit_prasyarat('img', 'undraw_profile....')
#6 C:\xampp\htdocs\siakad\system\CodeIgniter.php(439): CodeIgniter\CodeIgniter->runController(Object(App\Controllers\Adm\Prasyarat))
#7 C:\xampp\htdocs\siakad\system\CodeIgniter.php(339): CodeIgniter\CodeIgniter->handleRequest(NULL, Object(Config\Cache), false)
#8 C:\xampp\htdocs\siakad\index.php(36): CodeIgniter\CodeIgniter->run()
#9 {main}
CRITICAL - 2022-06-24 07:15:23 --> Trying to access array offset on value of type null
#0 C:\xampp\htdocs\siakad\app\Views\view_adm\vi_prasyarat_edit.php(21): CodeIgniter\Debug\Exceptions->errorHandler(2, 'Trying to acces...', 'C:\\xampp\\htdocs...', 21)
#1 C:\xampp\htdocs\siakad\system\View\View.php(230): include('C:\\xampp\\htdocs...')
#2 C:\xampp\htdocs\siakad\system\View\View.php(232): CodeIgniter\View\View->CodeIgniter\View\{closure}()
#3 C:\xampp\htdocs\siakad\system\Common.php(1250): CodeIgniter\View\View->render('view_adm/vi_pra...', Array, true)
#4 C:\xampp\htdocs\siakad\app\Controllers\Adm\Prasyarat.php(189): view('view_adm/vi_pra...', Array)
#5 C:\xampp\htdocs\siakad\system\CodeIgniter.php(931): App\Controllers\Adm\Prasyarat->edit_prasyarat('img', 'undraw_profile_...')
#6 C:\xampp\htdocs\siakad\system\CodeIgniter.php(439): CodeIgniter\CodeIgniter->runController(Object(App\Controllers\Adm\Prasyarat))
#7 C:\xampp\htdocs\siakad\system\CodeIgniter.php(339): CodeIgniter\CodeIgniter->handleRequest(NULL, Object(Config\Cache), false)
#8 C:\xampp\htdocs\siakad\index.php(36): CodeIgniter\CodeIgniter->run()
#9 {main}
CRITICAL - 2022-06-24 08:16:01 --> Class "App\Controllers\Adm\PrasyaratModel" not found
#0 C:\xampp\htdocs\siakad\system\CodeIgniter.php(903): App\Controllers\Adm\Ruang_kuliah->__construct()
#1 C:\xampp\htdocs\siakad\system\CodeIgniter.php(429): CodeIgniter\CodeIgniter->createController()
#2 C:\xampp\htdocs\siakad\system\CodeIgniter.php(339): CodeIgniter\CodeIgniter->handleRequest(NULL, Object(Config\Cache), false)
#3 C:\xampp\htdocs\siakad\index.php(36): CodeIgniter\CodeIgniter->run()
#4 {main}
CRITICAL - 2022-06-24 08:17:09 --> Class "App\Controllers\Adm\PrasyaratModel" not found
#0 C:\xampp\htdocs\siakad\system\CodeIgniter.php(903): App\Controllers\Adm\Ruang_kuliah->__construct()
#1 C:\xampp\htdocs\siakad\system\CodeIgniter.php(429): CodeIgniter\CodeIgniter->createController()
#2 C:\xampp\htdocs\siakad\system\CodeIgniter.php(339): CodeIgniter\CodeIgniter->handleRequest(NULL, Object(Config\Cache), false)
#3 C:\xampp\htdocs\siakad\index.php(36): CodeIgniter\CodeIgniter->run()
#4 {main}
CRITICAL - 2022-06-24 08:17:28 --> Class "App\Controllers\Adm\PrasyaratModel" not found
#0 C:\xampp\htdocs\siakad\system\CodeIgniter.php(903): App\Controllers\Adm\Ruang_kuliah->__construct()
#1 C:\xampp\htdocs\siakad\system\CodeIgniter.php(429): CodeIgniter\CodeIgniter->createController()
#2 C:\xampp\htdocs\siakad\system\CodeIgniter.php(339): CodeIgniter\CodeIgniter->handleRequest(NULL, Object(Config\Cache), false)
#3 C:\xampp\htdocs\siakad\index.php(36): CodeIgniter\CodeIgniter->run()
#4 {main}
CRITICAL - 2022-06-24 08:23:41 --> Class "App\Controllers\Adm\PrasyaratModel" not found
#0 C:\xampp\htdocs\siakad\system\CodeIgniter.php(903): App\Controllers\Adm\Ruang_kuliah->__construct()
#1 C:\xampp\htdocs\siakad\system\CodeIgniter.php(429): CodeIgniter\CodeIgniter->createController()
#2 C:\xampp\htdocs\siakad\system\CodeIgniter.php(339): CodeIgniter\CodeIgniter->handleRequest(NULL, Object(Config\Cache), false)
#3 C:\xampp\htdocs\siakad\index.php(36): CodeIgniter\CodeIgniter->run()
#4 {main}
CRITICAL - 2022-06-24 08:23:53 --> Undefined variable $ruang
#0 C:\xampp\htdocs\siakad\app\Views\view_adm\vi_ruang_kuliah.php(28): CodeIgniter\Debug\Exceptions->errorHandler(2, 'Undefined varia...', 'C:\\xampp\\htdocs...', 28)
#1 C:\xampp\htdocs\siakad\system\View\View.php(230): include('C:\\xampp\\htdocs...')
#2 C:\xampp\htdocs\siakad\system\View\View.php(232): CodeIgniter\View\View->CodeIgniter\View\{closure}()
#3 C:\xampp\htdocs\siakad\system\Common.php(1250): CodeIgniter\View\View->render('view_adm/vi_rua...', Array, true)
#4 C:\xampp\htdocs\siakad\app\Controllers\Adm\Ruang_kuliah.php(62): view('view_adm/vi_rua...', Array)
#5 C:\xampp\htdocs\siakad\system\CodeIgniter.php(931): App\Controllers\Adm\Ruang_kuliah->index()
#6 C:\xampp\htdocs\siakad\system\CodeIgniter.php(439): CodeIgniter\CodeIgniter->runController(Object(App\Controllers\Adm\Ruang_kuliah))
#7 C:\xampp\htdocs\siakad\system\CodeIgniter.php(339): CodeIgniter\CodeIgniter->handleRequest(NULL, Object(Config\Cache), false)
#8 C:\xampp\htdocs\siakad\index.php(36): CodeIgniter\CodeIgniter->run()
#9 {main}
CRITICAL - 2022-06-24 08:24:11 --> Undefined array key "id_prasyarat"
#0 C:\xampp\htdocs\siakad\app\Views\view_adm\vi_ruang_kuliah.php(30): CodeIgniter\Debug\Exceptions->errorHandler(2, 'Undefined array...', 'C:\\xampp\\htdocs...', 30)
#1 C:\xampp\htdocs\siakad\system\View\View.php(230): include('C:\\xampp\\htdocs...')
#2 C:\xampp\htdocs\siakad\system\View\View.php(232): CodeIgniter\View\View->CodeIgniter\View\{closure}()
#3 C:\xampp\htdocs\siakad\system\Common.php(1250): CodeIgniter\View\View->render('view_adm/vi_rua...', Array, true)
#4 C:\xampp\htdocs\siakad\app\Controllers\Adm\Ruang_kuliah.php(62): view('view_adm/vi_rua...', Array)
#5 C:\xampp\htdocs\siakad\system\CodeIgniter.php(931): App\Controllers\Adm\Ruang_kuliah->index()
#6 C:\xampp\htdocs\siakad\system\CodeIgniter.php(439): CodeIgniter\CodeIgniter->runController(Object(App\Controllers\Adm\Ruang_kuliah))
#7 C:\xampp\htdocs\siakad\system\CodeIgniter.php(339): CodeIgniter\CodeIgniter->handleRequest(NULL, Object(Config\Cache), false)
#8 C:\xampp\htdocs\siakad\index.php(36): CodeIgniter\CodeIgniter->run()
#9 {main}
CRITICAL - 2022-06-24 08:24:39 --> Undefined array key "kd_ruangan"
#0 C:\xampp\htdocs\siakad\app\Views\view_adm\vi_ruang_kuliah.php(30): CodeIgniter\Debug\Exceptions->errorHandler(2, 'Undefined array...', 'C:\\xampp\\htdocs...', 30)
#1 C:\xampp\htdocs\siakad\system\View\View.php(230): include('C:\\xampp\\htdocs...')
#2 C:\xampp\htdocs\siakad\system\View\View.php(232): CodeIgniter\View\View->CodeIgniter\View\{closure}()
#3 C:\xampp\htdocs\siakad\system\Common.php(1250): CodeIgniter\View\View->render('view_adm/vi_rua...', Array, true)
#4 C:\xampp\htdocs\siakad\app\Controllers\Adm\Ruang_kuliah.php(62): view('view_adm/vi_rua...', Array)
#5 C:\xampp\htdocs\siakad\system\CodeIgniter.php(931): App\Controllers\Adm\Ruang_kuliah->index()
#6 C:\xampp\htdocs\siakad\system\CodeIgniter.php(439): CodeIgniter\CodeIgniter->runController(Object(App\Controllers\Adm\Ruang_kuliah))
#7 C:\xampp\htdocs\siakad\system\CodeIgniter.php(339): CodeIgniter\CodeIgniter->handleRequest(NULL, Object(Config\Cache), false)
#8 C:\xampp\htdocs\siakad\index.php(36): CodeIgniter\CodeIgniter->run()
#9 {main}
CRITICAL - 2022-06-24 08:24:53 --> Undefined array key "id_prasyarat"
#0 C:\xampp\htdocs\siakad\app\Views\view_adm\vi_ruang_kuliah.php(33): CodeIgniter\Debug\Exceptions->errorHandler(2, 'Undefined array...', 'C:\\xampp\\htdocs...', 33)
#1 C:\xampp\htdocs\siakad\system\View\View.php(230): include('C:\\xampp\\htdocs...')
#2 C:\xampp\htdocs\siakad\system\View\View.php(232): CodeIgniter\View\View->CodeIgniter\View\{closure}()
#3 C:\xampp\htdocs\siakad\system\Common.php(1250): CodeIgniter\View\View->render('view_adm/vi_rua...', Array, true)
#4 C:\xampp\htdocs\siakad\app\Controllers\Adm\Ruang_kuliah.php(62): view('view_adm/vi_rua...', Array)
#5 C:\xampp\htdocs\siakad\system\CodeIgniter.php(931): App\Controllers\Adm\Ruang_kuliah->index()
#6 C:\xampp\htdocs\siakad\system\CodeIgniter.php(439): CodeIgniter\CodeIgniter->runController(Object(App\Controllers\Adm\Ruang_kuliah))
#7 C:\xampp\htdocs\siakad\system\CodeIgniter.php(339): CodeIgniter\CodeIgniter->handleRequest(NULL, Object(Config\Cache), false)
#8 C:\xampp\htdocs\siakad\index.php(36): CodeIgniter\CodeIgniter->run()
#9 {main}
CRITICAL - 2022-06-24 09:02:43 --> Trying to access array offset on value of type null
#0 C:\xampp\htdocs\siakad\app\Views\view_adm\vi_mk_edit.php(23): CodeIgniter\Debug\Exceptions->errorHandler(2, 'Trying to acces...', 'C:\\xampp\\htdocs...', 23)
#1 C:\xampp\htdocs\siakad\system\View\View.php(230): include('C:\\xampp\\htdocs...')
#2 C:\xampp\htdocs\siakad\system\View\View.php(232): CodeIgniter\View\View->CodeIgniter\View\{closure}()
#3 C:\xampp\htdocs\siakad\system\Common.php(1250): CodeIgniter\View\View->render('view_adm/vi_mk_...', Array, true)
#4 C:\xampp\htdocs\siakad\app\Controllers\Adm\Mata_kuliah.php(208): view('view_adm/vi_mk_...', Array)
#5 C:\xampp\htdocs\siakad\system\CodeIgniter.php(931): App\Controllers\Adm\Mata_kuliah->edit_mata_kuliah('img', 'undraw_profile_...')
#6 C:\xampp\htdocs\siakad\system\CodeIgniter.php(439): CodeIgniter\CodeIgniter->runController(Object(App\Controllers\Adm\Mata_kuliah))
#7 C:\xampp\htdocs\siakad\system\CodeIgniter.php(339): CodeIgniter\CodeIgniter->handleRequest(NULL, Object(Config\Cache), false)
#8 C:\xampp\htdocs\siakad\index.php(36): CodeIgniter\CodeIgniter->run()
#9 {main}
CRITICAL - 2022-06-24 09:02:43 --> Trying to access array offset on value of type null
#0 C:\xampp\htdocs\siakad\app\Views\view_adm\vi_mk_edit.php(23): CodeIgniter\Debug\Exceptions->errorHandler(2, 'Trying to acces...', 'C:\\xampp\\htdocs...', 23)
#1 C:\xampp\htdocs\siakad\system\View\View.php(230): include('C:\\xampp\\htdocs...')
#2 C:\xampp\htdocs\siakad\system\View\View.php(232): CodeIgniter\View\View->CodeIgniter\View\{closure}()
#3 C:\xampp\htdocs\siakad\system\Common.php(1250): CodeIgniter\View\View->render('view_adm/vi_mk_...', Array, true)
#4 C:\xampp\htdocs\siakad\app\Controllers\Adm\Mata_kuliah.php(208): view('view_adm/vi_mk_...', Array)
#5 C:\xampp\htdocs\siakad\system\CodeIgniter.php(931): App\Controllers\Adm\Mata_kuliah->edit_mata_kuliah('img', 'undraw_profile_...')
#6 C:\xampp\htdocs\siakad\system\CodeIgniter.php(439): CodeIgniter\CodeIgniter->runController(Object(App\Controllers\Adm\Mata_kuliah))
#7 C:\xampp\htdocs\siakad\system\CodeIgniter.php(339): CodeIgniter\CodeIgniter->handleRequest(NULL, Object(Config\Cache), false)
#8 C:\xampp\htdocs\siakad\index.php(36): CodeIgniter\CodeIgniter->run()
#9 {main}
CRITICAL - 2022-06-24 09:02:43 --> Trying to access array offset on value of type null
#0 C:\xampp\htdocs\siakad\app\Views\view_adm\vi_mk_edit.php(23): CodeIgniter\Debug\Exceptions->errorHandler(2, 'Trying to acces...', 'C:\\xampp\\htdocs...', 23)
#1 C:\xampp\htdocs\siakad\system\View\View.php(230): include('C:\\xampp\\htdocs...')
#2 C:\xampp\htdocs\siakad\system\View\View.php(232): CodeIgniter\View\View->CodeIgniter\View\{closure}()
#3 C:\xampp\htdocs\siakad\system\Common.php(1250): CodeIgniter\View\View->render('view_adm/vi_mk_...', Array, true)
#4 C:\xampp\htdocs\siakad\app\Controllers\Adm\Mata_kuliah.php(208): view('view_adm/vi_mk_...', Array)
#5 C:\xampp\htdocs\siakad\system\CodeIgniter.php(931): App\Controllers\Adm\Mata_kuliah->edit_mata_kuliah('img', 'undraw_profile_...')
#6 C:\xampp\htdocs\siakad\system\CodeIgniter.php(439): CodeIgniter\CodeIgniter->runController(Object(App\Controllers\Adm\Mata_kuliah))
#7 C:\xampp\htdocs\siakad\system\CodeIgniter.php(339): CodeIgniter\CodeIgniter->handleRequest(NULL, Object(Config\Cache), false)
#8 C:\xampp\htdocs\siakad\index.php(36): CodeIgniter\CodeIgniter->run()
#9 {main}
CRITICAL - 2022-06-24 09:02:43 --> Trying to access array offset on value of type null
#0 C:\xampp\htdocs\siakad\app\Views\view_adm\vi_mk_edit.php(23): CodeIgniter\Debug\Exceptions->errorHandler(2, 'Trying to acces...', 'C:\\xampp\\htdocs...', 23)
#1 C:\xampp\htdocs\siakad\system\View\View.php(230): include('C:\\xampp\\htdocs...')
#2 C:\xampp\htdocs\siakad\system\View\View.php(232): CodeIgniter\View\View->CodeIgniter\View\{closure}()
#3 C:\xampp\htdocs\siakad\system\Common.php(1250): CodeIgniter\View\View->render('view_adm/vi_mk_...', Array, true)
#4 C:\xampp\htdocs\siakad\app\Controllers\Adm\Mata_kuliah.php(208): view('view_adm/vi_mk_...', Array)
#5 C:\xampp\htdocs\siakad\system\CodeIgniter.php(931): App\Controllers\Adm\Mata_kuliah->edit_mata_kuliah('img', 'undraw_profile....')
#6 C:\xampp\htdocs\siakad\system\CodeIgniter.php(439): CodeIgniter\CodeIgniter->runController(Object(App\Controllers\Adm\Mata_kuliah))
#7 C:\xampp\htdocs\siakad\system\CodeIgniter.php(339): CodeIgniter\CodeIgniter->handleRequest(NULL, Object(Config\Cache), false)
#8 C:\xampp\htdocs\siakad\index.php(36): CodeIgniter\CodeIgniter->run()
#9 {main}
CRITICAL - 2022-06-24 09:02:51 --> Trying to access array offset on value of type null
#0 C:\xampp\htdocs\siakad\app\Views\view_adm\vi_mk_edit.php(23): CodeIgniter\Debug\Exceptions->errorHandler(2, 'Trying to acces...', 'C:\\xampp\\htdocs...', 23)
#1 C:\xampp\htdocs\siakad\system\View\View.php(230): include('C:\\xampp\\htdocs...')
#2 C:\xampp\htdocs\siakad\system\View\View.php(232): CodeIgniter\View\View->CodeIgniter\View\{closure}()
#3 C:\xampp\htdocs\siakad\system\Common.php(1250): CodeIgniter\View\View->render('view_adm/vi_mk_...', Array, true)
#4 C:\xampp\htdocs\siakad\app\Controllers\Adm\Mata_kuliah.php(208): view('view_adm/vi_mk_...', Array)
#5 C:\xampp\htdocs\siakad\system\CodeIgniter.php(931): App\Controllers\Adm\Mata_kuliah->edit_mata_kuliah('img', 'undraw_profile_...')
#6 C:\xampp\htdocs\siakad\system\CodeIgniter.php(439): CodeIgniter\CodeIgniter->runController(Object(App\Controllers\Adm\Mata_kuliah))
#7 C:\xampp\htdocs\siakad\system\CodeIgniter.php(339): CodeIgniter\CodeIgniter->handleRequest(NULL, Object(Config\Cache), false)
#8 C:\xampp\htdocs\siakad\index.php(36): CodeIgniter\CodeIgniter->run()
#9 {main}
CRITICAL - 2022-06-24 09:02:51 --> Trying to access array offset on value of type null
#0 C:\xampp\htdocs\siakad\app\Views\view_adm\vi_mk_edit.php(23): CodeIgniter\Debug\Exceptions->errorHandler(2, 'Trying to acces...', 'C:\\xampp\\htdocs...', 23)
#1 C:\xampp\htdocs\siakad\system\View\View.php(230): include('C:\\xampp\\htdocs...')
#2 C:\xampp\htdocs\siakad\system\View\View.php(232): CodeIgniter\View\View->CodeIgniter\View\{closure}()
#3 C:\xampp\htdocs\siakad\system\Common.php(1250): CodeIgniter\View\View->render('view_adm/vi_mk_...', Array, true)
#4 C:\xampp\htdocs\siakad\app\Controllers\Adm\Mata_kuliah.php(208): view('view_adm/vi_mk_...', Array)
#5 C:\xampp\htdocs\siakad\system\CodeIgniter.php(931): App\Controllers\Adm\Mata_kuliah->edit_mata_kuliah('img', 'undraw_profile_...')
#6 C:\xampp\htdocs\siakad\system\CodeIgniter.php(439): CodeIgniter\CodeIgniter->runController(Object(App\Controllers\Adm\Mata_kuliah))
#7 C:\xampp\htdocs\siakad\system\CodeIgniter.php(339): CodeIgniter\CodeIgniter->handleRequest(NULL, Object(Config\Cache), false)
#8 C:\xampp\htdocs\siakad\index.php(36): CodeIgniter\CodeIgniter->run()
#9 {main}
CRITICAL - 2022-06-24 09:02:51 --> Trying to access array offset on value of type null
#0 C:\xampp\htdocs\siakad\app\Views\view_adm\vi_mk_edit.php(23): CodeIgniter\Debug\Exceptions->errorHandler(2, 'Trying to acces...', 'C:\\xampp\\htdocs...', 23)
#1 C:\xampp\htdocs\siakad\system\View\View.php(230): include('C:\\xampp\\htdocs...')
#2 C:\xampp\htdocs\siakad\system\View\View.php(232): CodeIgniter\View\View->CodeIgniter\View\{closure}()
#3 C:\xampp\htdocs\siakad\system\Common.php(1250): CodeIgniter\View\View->render('view_adm/vi_mk_...', Array, true)
#4 C:\xampp\htdocs\siakad\app\Controllers\Adm\Mata_kuliah.php(208): view('view_adm/vi_mk_...', Array)
#5 C:\xampp\htdocs\siakad\system\CodeIgniter.php(931): App\Controllers\Adm\Mata_kuliah->edit_mata_kuliah('img', 'undraw_profile_...')
#6 C:\xampp\htdocs\siakad\system\CodeIgniter.php(439): CodeIgniter\CodeIgniter->runController(Object(App\Controllers\Adm\Mata_kuliah))
#7 C:\xampp\htdocs\siakad\system\CodeIgniter.php(339): CodeIgniter\CodeIgniter->handleRequest(NULL, Object(Config\Cache), false)
#8 C:\xampp\htdocs\siakad\index.php(36): CodeIgniter\CodeIgniter->run()
#9 {main}
CRITICAL - 2022-06-24 09:02:51 --> Trying to access array offset on value of type null
#0 C:\xampp\htdocs\siakad\app\Views\view_adm\vi_mk_edit.php(23): CodeIgniter\Debug\Exceptions->errorHandler(2, 'Trying to acces...', 'C:\\xampp\\htdocs...', 23)
#1 C:\xampp\htdocs\siakad\system\View\View.php(230): include('C:\\xampp\\htdocs...')
#2 C:\xampp\htdocs\siakad\system\View\View.php(232): CodeIgniter\View\View->CodeIgniter\View\{closure}()
#3 C:\xampp\htdocs\siakad\system\Common.php(1250): CodeIgniter\View\View->render('view_adm/vi_mk_...', Array, true)
#4 C:\xampp\htdocs\siakad\app\Controllers\Adm\Mata_kuliah.php(208): view('view_adm/vi_mk_...', Array)
#5 C:\xampp\htdocs\siakad\system\CodeIgniter.php(931): App\Controllers\Adm\Mata_kuliah->edit_mata_kuliah('img', 'undraw_profile....')
#6 C:\xampp\htdocs\siakad\system\CodeIgniter.php(439): CodeIgniter\CodeIgniter->runController(Object(App\Controllers\Adm\Mata_kuliah))
#7 C:\xampp\htdocs\siakad\system\CodeIgniter.php(339): CodeIgniter\CodeIgniter->handleRequest(NULL, Object(Config\Cache), false)
#8 C:\xampp\htdocs\siakad\index.php(36): CodeIgniter\CodeIgniter->run()
#9 {main}
CRITICAL - 2022-06-24 09:05:35 --> Trying to access array offset on value of type null
#0 C:\xampp\htdocs\siakad\app\Views\view_adm\vi_mk_edit.php(23): CodeIgniter\Debug\Exceptions->errorHandler(2, 'Trying to acces...', 'C:\\xampp\\htdocs...', 23)
#1 C:\xampp\htdocs\siakad\system\View\View.php(230): include('C:\\xampp\\htdocs...')
#2 C:\xampp\htdocs\siakad\system\View\View.php(232): CodeIgniter\View\View->CodeIgniter\View\{closure}()
#3 C:\xampp\htdocs\siakad\system\Common.php(1250): CodeIgniter\View\View->render('view_adm/vi_mk_...', Array, true)
#4 C:\xampp\htdocs\siakad\app\Controllers\Adm\Mata_kuliah.php(208): view('view_adm/vi_mk_...', Array)
#5 C:\xampp\htdocs\siakad\system\CodeIgniter.php(931): App\Controllers\Adm\Mata_kuliah->edit_mata_kuliah('img', 'undraw_profile_...')
#6 C:\xampp\htdocs\siakad\system\CodeIgniter.php(439): CodeIgniter\CodeIgniter->runController(Object(App\Controllers\Adm\Mata_kuliah))
#7 C:\xampp\htdocs\siakad\system\CodeIgniter.php(339): CodeIgniter\CodeIgniter->handleRequest(NULL, Object(Config\Cache), false)
#8 C:\xampp\htdocs\siakad\index.php(36): CodeIgniter\CodeIgniter->run()
#9 {main}
CRITICAL - 2022-06-24 09:05:35 --> Trying to access array offset on value of type null
#0 C:\xampp\htdocs\siakad\app\Views\view_adm\vi_mk_edit.php(23): CodeIgniter\Debug\Exceptions->errorHandler(2, 'Trying to acces...', 'C:\\xampp\\htdocs...', 23)
#1 C:\xampp\htdocs\siakad\system\View\View.php(230): include('C:\\xampp\\htdocs...')
#2 C:\xampp\htdocs\siakad\system\View\View.php(232): CodeIgniter\View\View->CodeIgniter\View\{closure}()
#3 C:\xampp\htdocs\siakad\system\Common.php(1250): CodeIgniter\View\View->render('view_adm/vi_mk_...', Array, true)
#4 C:\xampp\htdocs\siakad\app\Controllers\Adm\Mata_kuliah.php(208): view('view_adm/vi_mk_...', Array)
#5 C:\xampp\htdocs\siakad\system\CodeIgniter.php(931): App\Controllers\Adm\Mata_kuliah->edit_mata_kuliah('img', 'undraw_profile_...')
#6 C:\xampp\htdocs\siakad\system\CodeIgniter.php(439): CodeIgniter\CodeIgniter->runController(Object(App\Controllers\Adm\Mata_kuliah))
#7 C:\xampp\htdocs\siakad\system\CodeIgniter.php(339): CodeIgniter\CodeIgniter->handleRequest(NULL, Object(Config\Cache), false)
#8 C:\xampp\htdocs\siakad\index.php(36): CodeIgniter\CodeIgniter->run()
#9 {main}
CRITICAL - 2022-06-24 09:05:35 --> Trying to access array offset on value of type null
#0 C:\xampp\htdocs\siakad\app\Views\view_adm\vi_mk_edit.php(23): CodeIgniter\Debug\Exceptions->errorHandler(2, 'Trying to acces...', 'C:\\xampp\\htdocs...', 23)
#1 C:\xampp\htdocs\siakad\system\View\View.php(230): include('C:\\xampp\\htdocs...')
#2 C:\xampp\htdocs\siakad\system\View\View.php(232): CodeIgniter\View\View->CodeIgniter\View\{closure}()
#3 C:\xampp\htdocs\siakad\system\Common.php(1250): CodeIgniter\View\View->render('view_adm/vi_mk_...', Array, true)
#4 C:\xampp\htdocs\siakad\app\Controllers\Adm\Mata_kuliah.php(208): view('view_adm/vi_mk_...', Array)
#5 C:\xampp\htdocs\siakad\system\CodeIgniter.php(931): App\Controllers\Adm\Mata_kuliah->edit_mata_kuliah('img', 'undraw_profile_...')
#6 C:\xampp\htdocs\siakad\system\CodeIgniter.php(439): CodeIgniter\CodeIgniter->runController(Object(App\Controllers\Adm\Mata_kuliah))
#7 C:\xampp\htdocs\siakad\system\CodeIgniter.php(339): CodeIgniter\CodeIgniter->handleRequest(NULL, Object(Config\Cache), false)
#8 C:\xampp\htdocs\siakad\index.php(36): CodeIgniter\CodeIgniter->run()
#9 {main}
CRITICAL - 2022-06-24 09:05:35 --> Trying to access array offset on value of type null
#0 C:\xampp\htdocs\siakad\app\Views\view_adm\vi_mk_edit.php(23): CodeIgniter\Debug\Exceptions->errorHandler(2, 'Trying to acces...', 'C:\\xampp\\htdocs...', 23)
#1 C:\xampp\htdocs\siakad\system\View\View.php(230): include('C:\\xampp\\htdocs...')
#2 C:\xampp\htdocs\siakad\system\View\View.php(232): CodeIgniter\View\View->CodeIgniter\View\{closure}()
#3 C:\xampp\htdocs\siakad\system\Common.php(1250): CodeIgniter\View\View->render('view_adm/vi_mk_...', Array, true)
#4 C:\xampp\htdocs\siakad\app\Controllers\Adm\Mata_kuliah.php(208): view('view_adm/vi_mk_...', Array)
#5 C:\xampp\htdocs\siakad\system\CodeIgniter.php(931): App\Controllers\Adm\Mata_kuliah->edit_mata_kuliah('img', 'undraw_profile....')
#6 C:\xampp\htdocs\siakad\system\CodeIgniter.php(439): CodeIgniter\CodeIgniter->runController(Object(App\Controllers\Adm\Mata_kuliah))
#7 C:\xampp\htdocs\siakad\system\CodeIgniter.php(339): CodeIgniter\CodeIgniter->handleRequest(NULL, Object(Config\Cache), false)
#8 C:\xampp\htdocs\siakad\index.php(36): CodeIgniter\CodeIgniter->run()
#9 {main}
ERROR - 2022-06-24 20:44:25 --> Unknown column 'mk_prasyarat' in 'where clause'
CRITICAL - 2022-06-24 20:44:25 --> Unknown column 'mk_prasyarat' in 'where clause'
#0 C:\xampp\htdocs\siakad\system\Database\MySQLi\Connection.php(329): mysqli->query('SELECT COUNT(*)...')
#1 C:\xampp\htdocs\siakad\system\Database\BaseConnection.php(732): CodeIgniter\Database\MySQLi\Connection->execute('SELECT COUNT(*)...')
#2 C:\xampp\htdocs\siakad\system\Database\BaseConnection.php(647): CodeIgniter\Database\BaseConnection->simpleQuery('SELECT COUNT(*)...')
#3 C:\xampp\htdocs\siakad\system\Database\BaseBuilder.php(1981): CodeIgniter\Database\BaseConnection->query('SELECT COUNT(*)...', Array, false)
#4 C:\xampp\htdocs\siakad\system\Model.php(561): CodeIgniter\Database\BaseBuilder->countAllResults(false)
#5 C:\xampp\htdocs\siakad\system\BaseModel.php(1147): CodeIgniter\Model->countAllResults(false)
#6 C:\xampp\htdocs\siakad\app\Controllers\Adm\Ruang_kuliah.php(57): CodeIgniter\BaseModel->paginate(10, 'ruang_kuliah')
#7 C:\xampp\htdocs\siakad\system\CodeIgniter.php(931): App\Controllers\Adm\Ruang_kuliah->index()
#8 C:\xampp\htdocs\siakad\system\CodeIgniter.php(439): CodeIgniter\CodeIgniter->runController(Object(App\Controllers\Adm\Ruang_kuliah))
#9 C:\xampp\htdocs\siakad\system\CodeIgniter.php(339): CodeIgniter\CodeIgniter->handleRequest(NULL, Object(Config\Cache), false)
#10 C:\xampp\htdocs\siakad\index.php(36): CodeIgniter\CodeIgniter->run()
#11 {main}
CRITICAL - 2022-06-24 21:02:27 --> Call to undefined method App\Models\Admin\RuangModel::edit_mata_kuliah_prasyarat
#0 C:\xampp\htdocs\siakad\app\Controllers\Adm\Ruang_kuliah.php(183): CodeIgniter\Model->__call('edit_mata_kulia...', Array)
#1 C:\xampp\htdocs\siakad\system\CodeIgniter.php(931): App\Controllers\Adm\Ruang_kuliah->edit_ruang('FST001')
#2 C:\xampp\htdocs\siakad\system\CodeIgniter.php(439): CodeIgniter\CodeIgniter->runController(Object(App\Controllers\Adm\Ruang_kuliah))
#3 C:\xampp\htdocs\siakad\system\CodeIgniter.php(339): CodeIgniter\CodeIgniter->handleRequest(NULL, Object(Config\Cache), false)
#4 C:\xampp\htdocs\siakad\index.php(36): CodeIgniter\CodeIgniter->run()
#5 {main}
CRITICAL - 2022-06-24 21:02:45 --> Undefined array key "id_prasyarat"
#0 C:\xampp\htdocs\siakad\app\Views\view_adm\vi_prasyarat_edit.php(21): CodeIgniter\Debug\Exceptions->errorHandler(2, 'Undefined array...', 'C:\\xampp\\htdocs...', 21)
#1 C:\xampp\htdocs\siakad\system\View\View.php(230): include('C:\\xampp\\htdocs...')
#2 C:\xampp\htdocs\siakad\system\View\View.php(232): CodeIgniter\View\View->CodeIgniter\View\{closure}()
#3 C:\xampp\htdocs\siakad\system\Common.php(1250): CodeIgniter\View\View->render('view_adm/vi_pra...', Array, true)
#4 C:\xampp\htdocs\siakad\app\Controllers\Adm\Ruang_kuliah.php(189): view('view_adm/vi_pra...', Array)
#5 C:\xampp\htdocs\siakad\system\CodeIgniter.php(931): App\Controllers\Adm\Ruang_kuliah->edit_ruang('FST001')
#6 C:\xampp\htdocs\siakad\system\CodeIgniter.php(439): CodeIgniter\CodeIgniter->runController(Object(App\Controllers\Adm\Ruang_kuliah))
#7 C:\xampp\htdocs\siakad\system\CodeIgniter.php(339): CodeIgniter\CodeIgniter->handleRequest(NULL, Object(Config\Cache), false)
#8 C:\xampp\htdocs\siakad\index.php(36): CodeIgniter\CodeIgniter->run()
#9 {main}
CRITICAL - 2022-06-24 21:04:02 --> Undefined array key "id_prasyarat"
#0 C:\xampp\htdocs\siakad\app\Views\view_adm\vi_prasyarat_edit.php(21): CodeIgniter\Debug\Exceptions->errorHandler(2, 'Undefined array...', 'C:\\xampp\\htdocs...', 21)
#1 C:\xampp\htdocs\siakad\system\View\View.php(230): include('C:\\xampp\\htdocs...')
#2 C:\xampp\htdocs\siakad\system\View\View.php(232): CodeIgniter\View\View->CodeIgniter\View\{closure}()
#3 C:\xampp\htdocs\siakad\system\Common.php(1250): CodeIgniter\View\View->render('view_adm/vi_pra...', Array, true)
#4 C:\xampp\htdocs\siakad\app\Controllers\Adm\Ruang_kuliah.php(189): view('view_adm/vi_pra...', Array)
#5 C:\xampp\htdocs\siakad\system\CodeIgniter.php(931): App\Controllers\Adm\Ruang_kuliah->edit_ruang('FST001')
#6 C:\xampp\htdocs\siakad\system\CodeIgniter.php(439): CodeIgniter\CodeIgniter->runController(Object(App\Controllers\Adm\Ruang_kuliah))
#7 C:\xampp\htdocs\siakad\system\CodeIgniter.php(339): CodeIgniter\CodeIgniter->handleRequest(NULL, Object(Config\Cache), false)
#8 C:\xampp\htdocs\siakad\index.php(36): CodeIgniter\CodeIgniter->run()
#9 {main}
CRITICAL - 2022-06-24 21:04:17 --> Undefined array key "id_prasyarat"
#0 C:\xampp\htdocs\siakad\app\Views\view_adm\vi_prasyarat_edit.php(21): CodeIgniter\Debug\Exceptions->errorHandler(2, 'Undefined array...', 'C:\\xampp\\htdocs...', 21)
#1 C:\xampp\htdocs\siakad\system\View\View.php(230): include('C:\\xampp\\htdocs...')
#2 C:\xampp\htdocs\siakad\system\View\View.php(232): CodeIgniter\View\View->CodeIgniter\View\{closure}()
#3 C:\xampp\htdocs\siakad\system\Common.php(1250): CodeIgniter\View\View->render('view_adm/vi_pra...', Array, true)
#4 C:\xampp\htdocs\siakad\app\Controllers\Adm\Ruang_kuliah.php(189): view('view_adm/vi_pra...', Array)
#5 C:\xampp\htdocs\siakad\system\CodeIgniter.php(931): App\Controllers\Adm\Ruang_kuliah->edit_ruang('FST002')
#6 C:\xampp\htdocs\siakad\system\CodeIgniter.php(439): CodeIgniter\CodeIgniter->runController(Object(App\Controllers\Adm\Ruang_kuliah))
#7 C:\xampp\htdocs\siakad\system\CodeIgniter.php(339): CodeIgniter\CodeIgniter->handleRequest(NULL, Object(Config\Cache), false)
#8 C:\xampp\htdocs\siakad\index.php(36): CodeIgniter\CodeIgniter->run()
#9 {main}
CRITICAL - 2022-06-24 21:04:44 --> Undefined array key "mk_prasyarat"
#0 C:\xampp\htdocs\siakad\app\Views\view_adm\vi_ruang_kuliah_edit.php(26): CodeIgniter\Debug\Exceptions->errorHandler(2, 'Undefined array...', 'C:\\xampp\\htdocs...', 26)
#1 C:\xampp\htdocs\siakad\system\View\View.php(230): include('C:\\xampp\\htdocs...')
#2 C:\xampp\htdocs\siakad\system\View\View.php(232): CodeIgniter\View\View->CodeIgniter\View\{closure}()
#3 C:\xampp\htdocs\siakad\system\Common.php(1250): CodeIgniter\View\View->render('view_adm/vi_rua...', Array, true)
#4 C:\xampp\htdocs\siakad\app\Controllers\Adm\Ruang_kuliah.php(189): view('view_adm/vi_rua...', Array)
#5 C:\xampp\htdocs\siakad\system\CodeIgniter.php(931): App\Controllers\Adm\Ruang_kuliah->edit_ruang('FST002')
#6 C:\xampp\htdocs\siakad\system\CodeIgniter.php(439): CodeIgniter\CodeIgniter->runController(Object(App\Controllers\Adm\Ruang_kuliah))
#7 C:\xampp\htdocs\siakad\system\CodeIgniter.php(339): CodeIgniter\CodeIgniter->handleRequest(NULL, Object(Config\Cache), false)
#8 C:\xampp\htdocs\siakad\index.php(36): CodeIgniter\CodeIgniter->run()
#9 {main}
CRITICAL - 2022-06-24 21:07:27 --> Undefined array key "mk_prasyarat"
#0 C:\xampp\htdocs\siakad\app\Views\view_adm\vi_ruang_kuliah_edit.php(26): CodeIgniter\Debug\Exceptions->errorHandler(2, 'Undefined array...', 'C:\\xampp\\htdocs...', 26)
#1 C:\xampp\htdocs\siakad\system\View\View.php(230): include('C:\\xampp\\htdocs...')
#2 C:\xampp\htdocs\siakad\system\View\View.php(232): CodeIgniter\View\View->CodeIgniter\View\{closure}()
#3 C:\xampp\htdocs\siakad\system\Common.php(1250): CodeIgniter\View\View->render('view_adm/vi_rua...', Array, true)
#4 C:\xampp\htdocs\siakad\app\Controllers\Adm\Ruang_kuliah.php(189): view('view_adm/vi_rua...', Array)
#5 C:\xampp\htdocs\siakad\system\CodeIgniter.php(931): App\Controllers\Adm\Ruang_kuliah->edit_ruang('FST002')
#6 C:\xampp\htdocs\siakad\system\CodeIgniter.php(439): CodeIgniter\CodeIgniter->runController(Object(App\Controllers\Adm\Ruang_kuliah))
#7 C:\xampp\htdocs\siakad\system\CodeIgniter.php(339): CodeIgniter\CodeIgniter->handleRequest(NULL, Object(Config\Cache), false)
#8 C:\xampp\htdocs\siakad\index.php(36): CodeIgniter\CodeIgniter->run()
#9 {main}
CRITICAL - 2022-06-24 21:08:06 --> Trying to access array offset on value of type null
#0 C:\xampp\htdocs\siakad\app\Views\view_adm\vi_ruang_kuliah_edit.php(21): CodeIgniter\Debug\Exceptions->errorHandler(2, 'Trying to acces...', 'C:\\xampp\\htdocs...', 21)
#1 C:\xampp\htdocs\siakad\system\View\View.php(230): include('C:\\xampp\\htdocs...')
#2 C:\xampp\htdocs\siakad\system\View\View.php(232): CodeIgniter\View\View->CodeIgniter\View\{closure}()
#3 C:\xampp\htdocs\siakad\system\Common.php(1250): CodeIgniter\View\View->render('view_adm/vi_rua...', Array, true)
#4 C:\xampp\htdocs\siakad\app\Controllers\Adm\Ruang_kuliah.php(189): view('view_adm/vi_rua...', Array)
#5 C:\xampp\htdocs\siakad\system\CodeIgniter.php(931): App\Controllers\Adm\Ruang_kuliah->edit_ruang('img', 'undraw_profile_...')
#6 C:\xampp\htdocs\siakad\system\CodeIgniter.php(439): CodeIgniter\CodeIgniter->runController(Object(App\Controllers\Adm\Ruang_kuliah))
#7 C:\xampp\htdocs\siakad\system\CodeIgniter.php(339): CodeIgniter\CodeIgniter->handleRequest(NULL, Object(Config\Cache), false)
#8 C:\xampp\htdocs\siakad\index.php(36): CodeIgniter\CodeIgniter->run()
#9 {main}
CRITICAL - 2022-06-24 21:08:06 --> Trying to access array offset on value of type null
#0 C:\xampp\htdocs\siakad\app\Views\view_adm\vi_ruang_kuliah_edit.php(21): CodeIgniter\Debug\Exceptions->errorHandler(2, 'Trying to acces...', 'C:\\xampp\\htdocs...', 21)
#1 C:\xampp\htdocs\siakad\system\View\View.php(230): include('C:\\xampp\\htdocs...')
#2 C:\xampp\htdocs\siakad\system\View\View.php(232): CodeIgniter\View\View->CodeIgniter\View\{closure}()
#3 C:\xampp\htdocs\siakad\system\Common.php(1250): CodeIgniter\View\View->render('view_adm/vi_rua...', Array, true)
#4 C:\xampp\htdocs\siakad\app\Controllers\Adm\Ruang_kuliah.php(189): view('view_adm/vi_rua...', Array)
#5 C:\xampp\htdocs\siakad\system\CodeIgniter.php(931): App\Controllers\Adm\Ruang_kuliah->edit_ruang('img', 'undraw_profile_...')
#6 C:\xampp\htdocs\siakad\system\CodeIgniter.php(439): CodeIgniter\CodeIgniter->runController(Object(App\Controllers\Adm\Ruang_kuliah))
#7 C:\xampp\htdocs\siakad\system\CodeIgniter.php(339): CodeIgniter\CodeIgniter->handleRequest(NULL, Object(Config\Cache), false)
#8 C:\xampp\htdocs\siakad\index.php(36): CodeIgniter\CodeIgniter->run()
#9 {main}
CRITICAL - 2022-06-24 21:08:06 --> Trying to access array offset on value of type null
#0 C:\xampp\htdocs\siakad\app\Views\view_adm\vi_ruang_kuliah_edit.php(21): CodeIgniter\Debug\Exceptions->errorHandler(2, 'Trying to acces...', 'C:\\xampp\\htdocs...', 21)
#1 C:\xampp\htdocs\siakad\system\View\View.php(230): include('C:\\xampp\\htdocs...')
#2 C:\xampp\htdocs\siakad\system\View\View.php(232): CodeIgniter\View\View->CodeIgniter\View\{closure}()
#3 C:\xampp\htdocs\siakad\system\Common.php(1250): CodeIgniter\View\View->render('view_adm/vi_rua...', Array, true)
#4 C:\xampp\htdocs\siakad\app\Controllers\Adm\Ruang_kuliah.php(189): view('view_adm/vi_rua...', Array)
#5 C:\xampp\htdocs\siakad\system\CodeIgniter.php(931): App\Controllers\Adm\Ruang_kuliah->edit_ruang('img', 'undraw_profile_...')
#6 C:\xampp\htdocs\siakad\system\CodeIgniter.php(439): CodeIgniter\CodeIgniter->runController(Object(App\Controllers\Adm\Ruang_kuliah))
#7 C:\xampp\htdocs\siakad\system\CodeIgniter.php(339): CodeIgniter\CodeIgniter->handleRequest(NULL, Object(Config\Cache), false)
#8 C:\xampp\htdocs\siakad\index.php(36): CodeIgniter\CodeIgniter->run()
#9 {main}
CRITICAL - 2022-06-24 21:08:06 --> Trying to access array offset on value of type null
#0 C:\xampp\htdocs\siakad\app\Views\view_adm\vi_ruang_kuliah_edit.php(21): CodeIgniter\Debug\Exceptions->errorHandler(2, 'Trying to acces...', 'C:\\xampp\\htdocs...', 21)
#1 C:\xampp\htdocs\siakad\system\View\View.php(230): include('C:\\xampp\\htdocs...')
#2 C:\xampp\htdocs\siakad\system\View\View.php(232): CodeIgniter\View\View->CodeIgniter\View\{closure}()
#3 C:\xampp\htdocs\siakad\system\Common.php(1250): CodeIgniter\View\View->render('view_adm/vi_rua...', Array, true)
#4 C:\xampp\htdocs\siakad\app\Controllers\Adm\Ruang_kuliah.php(189): view('view_adm/vi_rua...', Array)
#5 C:\xampp\htdocs\siakad\system\CodeIgniter.php(931): App\Controllers\Adm\Ruang_kuliah->edit_ruang('img', 'undraw_profile....')
#6 C:\xampp\htdocs\siakad\system\CodeIgniter.php(439): CodeIgniter\CodeIgniter->runController(Object(App\Controllers\Adm\Ruang_kuliah))
#7 C:\xampp\htdocs\siakad\system\CodeIgniter.php(339): CodeIgniter\CodeIgniter->handleRequest(NULL, Object(Config\Cache), false)
#8 C:\xampp\htdocs\siakad\index.php(36): CodeIgniter\CodeIgniter->run()
#9 {main}
CRITICAL - 2022-06-24 21:08:17 --> Trying to access array offset on value of type null
#0 C:\xampp\htdocs\siakad\app\Views\view_adm\vi_ruang_kuliah_edit.php(21): CodeIgniter\Debug\Exceptions->errorHandler(2, 'Trying to acces...', 'C:\\xampp\\htdocs...', 21)
#1 C:\xampp\htdocs\siakad\system\View\View.php(230): include('C:\\xampp\\htdocs...')
#2 C:\xampp\htdocs\siakad\system\View\View.php(232): CodeIgniter\View\View->CodeIgniter\View\{closure}()
#3 C:\xampp\htdocs\siakad\system\Common.php(1250): CodeIgniter\View\View->render('view_adm/vi_rua...', Array, true)
#4 C:\xampp\htdocs\siakad\app\Controllers\Adm\Ruang_kuliah.php(189): view('view_adm/vi_rua...', Array)
#5 C:\xampp\htdocs\siakad\system\CodeIgniter.php(931): App\Controllers\Adm\Ruang_kuliah->edit_ruang('img', 'undraw_profile_...')
#6 C:\xampp\htdocs\siakad\system\CodeIgniter.php(439): CodeIgniter\CodeIgniter->runController(Object(App\Controllers\Adm\Ruang_kuliah))
#7 C:\xampp\htdocs\siakad\system\CodeIgniter.php(339): CodeIgniter\CodeIgniter->handleRequest(NULL, Object(Config\Cache), false)
#8 C:\xampp\htdocs\siakad\index.php(36): CodeIgniter\CodeIgniter->run()
#9 {main}
CRITICAL - 2022-06-24 21:08:17 --> Trying to access array offset on value of type null
#0 C:\xampp\htdocs\siakad\app\Views\view_adm\vi_ruang_kuliah_edit.php(21): CodeIgniter\Debug\Exceptions->errorHandler(2, 'Trying to acces...', 'C:\\xampp\\htdocs...', 21)
#1 C:\xampp\htdocs\siakad\system\View\View.php(230): include('C:\\xampp\\htdocs...')
#2 C:\xampp\htdocs\siakad\system\View\View.php(232): CodeIgniter\View\View->CodeIgniter\View\{closure}()
#3 C:\xampp\htdocs\siakad\system\Common.php(1250): CodeIgniter\View\View->render('view_adm/vi_rua...', Array, true)
#4 C:\xampp\htdocs\siakad\app\Controllers\Adm\Ruang_kuliah.php(189): view('view_adm/vi_rua...', Array)
#5 C:\xampp\htdocs\siakad\system\CodeIgniter.php(931): App\Controllers\Adm\Ruang_kuliah->edit_ruang('img', 'undraw_profile_...')
#6 C:\xampp\htdocs\siakad\system\CodeIgniter.php(439): CodeIgniter\CodeIgniter->runController(Object(App\Controllers\Adm\Ruang_kuliah))
#7 C:\xampp\htdocs\siakad\system\CodeIgniter.php(339): CodeIgniter\CodeIgniter->handleRequest(NULL, Object(Config\Cache), false)
#8 C:\xampp\htdocs\siakad\index.php(36): CodeIgniter\CodeIgniter->run()
#9 {main}
CRITICAL - 2022-06-24 21:08:17 --> Trying to access array offset on value of type null
#0 C:\xampp\htdocs\siakad\app\Views\view_adm\vi_ruang_kuliah_edit.php(21): CodeIgniter\Debug\Exceptions->errorHandler(2, 'Trying to acces...', 'C:\\xampp\\htdocs...', 21)
#1 C:\xampp\htdocs\siakad\system\View\View.php(230): include('C:\\xampp\\htdocs...')
#2 C:\xampp\htdocs\siakad\system\View\View.php(232): CodeIgniter\View\View->CodeIgniter\View\{closure}()
#3 C:\xampp\htdocs\siakad\system\Common.php(1250): CodeIgniter\View\View->render('view_adm/vi_rua...', Array, true)
#4 C:\xampp\htdocs\siakad\app\Controllers\Adm\Ruang_kuliah.php(189): view('view_adm/vi_rua...', Array)
#5 C:\xampp\htdocs\siakad\system\CodeIgniter.php(931): App\Controllers\Adm\Ruang_kuliah->edit_ruang('img', 'undraw_profile....')
#6 C:\xampp\htdocs\siakad\system\CodeIgniter.php(439): CodeIgniter\CodeIgniter->runController(Object(App\Controllers\Adm\Ruang_kuliah))
#7 C:\xampp\htdocs\siakad\system\CodeIgniter.php(339): CodeIgniter\CodeIgniter->handleRequest(NULL, Object(Config\Cache), false)
#8 C:\xampp\htdocs\siakad\index.php(36): CodeIgniter\CodeIgniter->run()
#9 {main}
CRITICAL - 2022-06-24 21:08:17 --> Trying to access array offset on value of type null
#0 C:\xampp\htdocs\siakad\app\Views\view_adm\vi_ruang_kuliah_edit.php(21): CodeIgniter\Debug\Exceptions->errorHandler(2, 'Trying to acces...', 'C:\\xampp\\htdocs...', 21)
#1 C:\xampp\htdocs\siakad\system\View\View.php(230): include('C:\\xampp\\htdocs...')
#2 C:\xampp\htdocs\siakad\system\View\View.php(232): CodeIgniter\View\View->CodeIgniter\View\{closure}()
#3 C:\xampp\htdocs\siakad\system\Common.php(1250): CodeIgniter\View\View->render('view_adm/vi_rua...', Array, true)
#4 C:\xampp\htdocs\siakad\app\Controllers\Adm\Ruang_kuliah.php(189): view('view_adm/vi_rua...', Array)
#5 C:\xampp\htdocs\siakad\system\CodeIgniter.php(931): App\Controllers\Adm\Ruang_kuliah->edit_ruang('img', 'undraw_profile_...')
#6 C:\xampp\htdocs\siakad\system\CodeIgniter.php(439): CodeIgniter\CodeIgniter->runController(Object(App\Controllers\Adm\Ruang_kuliah))
#7 C:\xampp\htdocs\siakad\system\CodeIgniter.php(339): CodeIgniter\CodeIgniter->handleRequest(NULL, Object(Config\Cache), false)
#8 C:\xampp\htdocs\siakad\index.php(36): CodeIgniter\CodeIgniter->run()
#9 {main}
CRITICAL - 2022-06-24 21:08:39 --> Trying to access array offset on value of type null
#0 C:\xampp\htdocs\siakad\app\Views\view_adm\vi_ruang_kuliah_edit.php(21): CodeIgniter\Debug\Exceptions->errorHandler(2, 'Trying to acces...', 'C:\\xampp\\htdocs...', 21)
#1 C:\xampp\htdocs\siakad\system\View\View.php(230): include('C:\\xampp\\htdocs...')
#2 C:\xampp\htdocs\siakad\system\View\View.php(232): CodeIgniter\View\View->CodeIgniter\View\{closure}()
#3 C:\xampp\htdocs\siakad\system\Common.php(1250): CodeIgniter\View\View->render('view_adm/vi_rua...', Array, true)
#4 C:\xampp\htdocs\siakad\app\Controllers\Adm\Ruang_kuliah.php(189): view('view_adm/vi_rua...', Array)
#5 C:\xampp\htdocs\siakad\system\CodeIgniter.php(931): App\Controllers\Adm\Ruang_kuliah->edit_ruang('img', 'undraw_profile_...')
#6 C:\xampp\htdocs\siakad\system\CodeIgniter.php(439): CodeIgniter\CodeIgniter->runController(Object(App\Controllers\Adm\Ruang_kuliah))
#7 C:\xampp\htdocs\siakad\system\CodeIgniter.php(339): CodeIgniter\CodeIgniter->handleRequest(NULL, Object(Config\Cache), false)
#8 C:\xampp\htdocs\siakad\index.php(36): CodeIgniter\CodeIgniter->run()
#9 {main}
CRITICAL - 2022-06-24 21:08:39 --> Trying to access array offset on value of type null
#0 C:\xampp\htdocs\siakad\app\Views\view_adm\vi_ruang_kuliah_edit.php(21): CodeIgniter\Debug\Exceptions->errorHandler(2, 'Trying to acces...', 'C:\\xampp\\htdocs...', 21)
#1 C:\xampp\htdocs\siakad\system\View\View.php(230): include('C:\\xampp\\htdocs...')
#2 C:\xampp\htdocs\siakad\system\View\View.php(232): CodeIgniter\View\View->CodeIgniter\View\{closure}()
#3 C:\xampp\htdocs\siakad\system\Common.php(1250): CodeIgniter\View\View->render('view_adm/vi_rua...', Array, true)
#4 C:\xampp\htdocs\siakad\app\Controllers\Adm\Ruang_kuliah.php(189): view('view_adm/vi_rua...', Array)
#5 C:\xampp\htdocs\siakad\system\CodeIgniter.php(931): App\Controllers\Adm\Ruang_kuliah->edit_ruang('img', 'undraw_profile_...')
#6 C:\xampp\htdocs\siakad\system\CodeIgniter.php(439): CodeIgniter\CodeIgniter->runController(Object(App\Controllers\Adm\Ruang_kuliah))
#7 C:\xampp\htdocs\siakad\system\CodeIgniter.php(339): CodeIgniter\CodeIgniter->handleRequest(NULL, Object(Config\Cache), false)
#8 C:\xampp\htdocs\siakad\index.php(36): CodeIgniter\CodeIgniter->run()
#9 {main}
CRITICAL - 2022-06-24 21:08:39 --> Trying to access array offset on value of type null
#0 C:\xampp\htdocs\siakad\app\Views\view_adm\vi_ruang_kuliah_edit.php(21): CodeIgniter\Debug\Exceptions->errorHandler(2, 'Trying to acces...', 'C:\\xampp\\htdocs...', 21)
#1 C:\xampp\htdocs\siakad\system\View\View.php(230): include('C:\\xampp\\htdocs...')
#2 C:\xampp\htdocs\siakad\system\View\View.php(232): CodeIgniter\View\View->CodeIgniter\View\{closure}()
#3 C:\xampp\htdocs\siakad\system\Common.php(1250): CodeIgniter\View\View->render('view_adm/vi_rua...', Array, true)
#4 C:\xampp\htdocs\siakad\app\Controllers\Adm\Ruang_kuliah.php(189): view('view_adm/vi_rua...', Array)
#5 C:\xampp\htdocs\siakad\system\CodeIgniter.php(931): App\Controllers\Adm\Ruang_kuliah->edit_ruang('img', 'undraw_profile_...')
#6 C:\xampp\htdocs\siakad\system\CodeIgniter.php(439): CodeIgniter\CodeIgniter->runController(Object(App\Controllers\Adm\Ruang_kuliah))
#7 C:\xampp\htdocs\siakad\system\CodeIgniter.php(339): CodeIgniter\CodeIgniter->handleRequest(NULL, Object(Config\Cache), false)
#8 C:\xampp\htdocs\siakad\index.php(36): CodeIgniter\CodeIgniter->run()
#9 {main}
CRITICAL - 2022-06-24 21:08:39 --> Trying to access array offset on value of type null
#0 C:\xampp\htdocs\siakad\app\Views\view_adm\vi_ruang_kuliah_edit.php(21): CodeIgniter\Debug\Exceptions->errorHandler(2, 'Trying to acces...', 'C:\\xampp\\htdocs...', 21)
#1 C:\xampp\htdocs\siakad\system\View\View.php(230): include('C:\\xampp\\htdocs...')
#2 C:\xampp\htdocs\siakad\system\View\View.php(232): CodeIgniter\View\View->CodeIgniter\View\{closure}()
#3 C:\xampp\htdocs\siakad\system\Common.php(1250): CodeIgniter\View\View->render('view_adm/vi_rua...', Array, true)
#4 C:\xampp\htdocs\siakad\app\Controllers\Adm\Ruang_kuliah.php(189): view('view_adm/vi_rua...', Array)
#5 C:\xampp\htdocs\siakad\system\CodeIgniter.php(931): App\Controllers\Adm\Ruang_kuliah->edit_ruang('img', 'undraw_profile....')
#6 C:\xampp\htdocs\siakad\system\CodeIgniter.php(439): CodeIgniter\CodeIgniter->runController(Object(App\Controllers\Adm\Ruang_kuliah))
#7 C:\xampp\htdocs\siakad\system\CodeIgniter.php(339): CodeIgniter\CodeIgniter->handleRequest(NULL, Object(Config\Cache), false)
#8 C:\xampp\htdocs\siakad\index.php(36): CodeIgniter\CodeIgniter->run()
#9 {main}
CRITICAL - 2022-06-24 21:08:47 --> Trying to access array offset on value of type null
#0 C:\xampp\htdocs\siakad\app\Views\view_adm\vi_ruang_kuliah_edit.php(21): CodeIgniter\Debug\Exceptions->errorHandler(2, 'Trying to acces...', 'C:\\xampp\\htdocs...', 21)
#1 C:\xampp\htdocs\siakad\system\View\View.php(230): include('C:\\xampp\\htdocs...')
#2 C:\xampp\htdocs\siakad\system\View\View.php(232): CodeIgniter\View\View->CodeIgniter\View\{closure}()
#3 C:\xampp\htdocs\siakad\system\Common.php(1250): CodeIgniter\View\View->render('view_adm/vi_rua...', Array, true)
#4 C:\xampp\htdocs\siakad\app\Controllers\Adm\Ruang_kuliah.php(189): view('view_adm/vi_rua...', Array)
#5 C:\xampp\htdocs\siakad\system\CodeIgniter.php(931): App\Controllers\Adm\Ruang_kuliah->edit_ruang('img', 'undraw_profile_...')
#6 C:\xampp\htdocs\siakad\system\CodeIgniter.php(439): CodeIgniter\CodeIgniter->runController(Object(App\Controllers\Adm\Ruang_kuliah))
#7 C:\xampp\htdocs\siakad\system\CodeIgniter.php(339): CodeIgniter\CodeIgniter->handleRequest(NULL, Object(Config\Cache), false)
#8 C:\xampp\htdocs\siakad\index.php(36): CodeIgniter\CodeIgniter->run()
#9 {main}
CRITICAL - 2022-06-24 21:08:47 --> Trying to access array offset on value of type null
#0 C:\xampp\htdocs\siakad\app\Views\view_adm\vi_ruang_kuliah_edit.php(21): CodeIgniter\Debug\Exceptions->errorHandler(2, 'Trying to acces...', 'C:\\xampp\\htdocs...', 21)
#1 C:\xampp\htdocs\siakad\system\View\View.php(230): include('C:\\xampp\\htdocs...')
#2 C:\xampp\htdocs\siakad\system\View\View.php(232): CodeIgniter\View\View->CodeIgniter\View\{closure}()
#3 C:\xampp\htdocs\siakad\system\Common.php(1250): CodeIgniter\View\View->render('view_adm/vi_rua...', Array, true)
#4 C:\xampp\htdocs\siakad\app\Controllers\Adm\Ruang_kuliah.php(189): view('view_adm/vi_rua...', Array)
#5 C:\xampp\htdocs\siakad\system\CodeIgniter.php(931): App\Controllers\Adm\Ruang_kuliah->edit_ruang('img', 'undraw_profile_...')
#6 C:\xampp\htdocs\siakad\system\CodeIgniter.php(439): CodeIgniter\CodeIgniter->runController(Object(App\Controllers\Adm\Ruang_kuliah))
#7 C:\xampp\htdocs\siakad\system\CodeIgniter.php(339): CodeIgniter\CodeIgniter->handleRequest(NULL, Object(Config\Cache), false)
#8 C:\xampp\htdocs\siakad\index.php(36): CodeIgniter\CodeIgniter->run()
#9 {main}
CRITICAL - 2022-06-24 21:08:47 --> Trying to access array offset on value of type null
#0 C:\xampp\htdocs\siakad\app\Views\view_adm\vi_ruang_kuliah_edit.php(21): CodeIgniter\Debug\Exceptions->errorHandler(2, 'Trying to acces...', 'C:\\xampp\\htdocs...', 21)
#1 C:\xampp\htdocs\siakad\system\View\View.php(230): include('C:\\xampp\\htdocs...')
#2 C:\xampp\htdocs\siakad\system\View\View.php(232): CodeIgniter\View\View->CodeIgniter\View\{closure}()
#3 C:\xampp\htdocs\siakad\system\Common.php(1250): CodeIgniter\View\View->render('view_adm/vi_rua...', Array, true)
#4 C:\xampp\htdocs\siakad\app\Controllers\Adm\Ruang_kuliah.php(189): view('view_adm/vi_rua...', Array)
#5 C:\xampp\htdocs\siakad\system\CodeIgniter.php(931): App\Controllers\Adm\Ruang_kuliah->edit_ruang('img', 'undraw_profile....')
#6 C:\xampp\htdocs\siakad\system\CodeIgniter.php(439): CodeIgniter\CodeIgniter->runController(Object(App\Controllers\Adm\Ruang_kuliah))
#7 C:\xampp\htdocs\siakad\system\CodeIgniter.php(339): CodeIgniter\CodeIgniter->handleRequest(NULL, Object(Config\Cache), false)
#8 C:\xampp\htdocs\siakad\index.php(36): CodeIgniter\CodeIgniter->run()
#9 {main}
CRITICAL - 2022-06-24 21:08:48 --> Trying to access array offset on value of type null
#0 C:\xampp\htdocs\siakad\app\Views\view_adm\vi_ruang_kuliah_edit.php(21): CodeIgniter\Debug\Exceptions->errorHandler(2, 'Trying to acces...', 'C:\\xampp\\htdocs...', 21)
#1 C:\xampp\htdocs\siakad\system\View\View.php(230): include('C:\\xampp\\htdocs...')
#2 C:\xampp\htdocs\siakad\system\View\View.php(232): CodeIgniter\View\View->CodeIgniter\View\{closure}()
#3 C:\xampp\htdocs\siakad\system\Common.php(1250): CodeIgniter\View\View->render('view_adm/vi_rua...', Array, true)
#4 C:\xampp\htdocs\siakad\app\Controllers\Adm\Ruang_kuliah.php(189): view('view_adm/vi_rua...', Array)
#5 C:\xampp\htdocs\siakad\system\CodeIgniter.php(931): App\Controllers\Adm\Ruang_kuliah->edit_ruang('img', 'undraw_profile_...')
#6 C:\xampp\htdocs\siakad\system\CodeIgniter.php(439): CodeIgniter\CodeIgniter->runController(Object(App\Controllers\Adm\Ruang_kuliah))
#7 C:\xampp\htdocs\siakad\system\CodeIgniter.php(339): CodeIgniter\CodeIgniter->handleRequest(NULL, Object(Config\Cache), false)
#8 C:\xampp\htdocs\siakad\index.php(36): CodeIgniter\CodeIgniter->run()
#9 {main}
CRITICAL - 2022-06-24 21:08:53 --> Trying to access array offset on value of type null
#0 C:\xampp\htdocs\siakad\app\Views\view_adm\vi_ruang_kuliah_edit.php(21): CodeIgniter\Debug\Exceptions->errorHandler(2, 'Trying to acces...', 'C:\\xampp\\htdocs...', 21)
#1 C:\xampp\htdocs\siakad\system\View\View.php(230): include('C:\\xampp\\htdocs...')
#2 C:\xampp\htdocs\siakad\system\View\View.php(232): CodeIgniter\View\View->CodeIgniter\View\{closure}()
#3 C:\xampp\htdocs\siakad\system\Common.php(1250): CodeIgniter\View\View->render('view_adm/vi_rua...', Array, true)
#4 C:\xampp\htdocs\siakad\app\Controllers\Adm\Ruang_kuliah.php(189): view('view_adm/vi_rua...', Array)
#5 C:\xampp\htdocs\siakad\system\CodeIgniter.php(931): App\Controllers\Adm\Ruang_kuliah->edit_ruang('img', 'undraw_profile_...')
#6 C:\xampp\htdocs\siakad\system\CodeIgniter.php(439): CodeIgniter\CodeIgniter->runController(Object(App\Controllers\Adm\Ruang_kuliah))
#7 C:\xampp\htdocs\siakad\system\CodeIgniter.php(339): CodeIgniter\CodeIgniter->handleRequest(NULL, Object(Config\Cache), false)
#8 C:\xampp\htdocs\siakad\index.php(36): CodeIgniter\CodeIgniter->run()
#9 {main}
CRITICAL - 2022-06-24 21:08:53 --> Trying to access array offset on value of type null
#0 C:\xampp\htdocs\siakad\app\Views\view_adm\vi_ruang_kuliah_edit.php(21): CodeIgniter\Debug\Exceptions->errorHandler(2, 'Trying to acces...', 'C:\\xampp\\htdocs...', 21)
#1 C:\xampp\htdocs\siakad\system\View\View.php(230): include('C:\\xampp\\htdocs...')
#2 C:\xampp\htdocs\siakad\system\View\View.php(232): CodeIgniter\View\View->CodeIgniter\View\{closure}()
#3 C:\xampp\htdocs\siakad\system\Common.php(1250): CodeIgniter\View\View->render('view_adm/vi_rua...', Array, true)
#4 C:\xampp\htdocs\siakad\app\Controllers\Adm\Ruang_kuliah.php(189): view('view_adm/vi_rua...', Array)
#5 C:\xampp\htdocs\siakad\system\CodeIgniter.php(931): App\Controllers\Adm\Ruang_kuliah->edit_ruang('img', 'undraw_profile_...')
#6 C:\xampp\htdocs\siakad\system\CodeIgniter.php(439): CodeIgniter\CodeIgniter->runController(Object(App\Controllers\Adm\Ruang_kuliah))
#7 C:\xampp\htdocs\siakad\system\CodeIgniter.php(339): CodeIgniter\CodeIgniter->handleRequest(NULL, Object(Config\Cache), false)
#8 C:\xampp\htdocs\siakad\index.php(36): CodeIgniter\CodeIgniter->run()
#9 {main}
CRITICAL - 2022-06-24 21:08:53 --> Trying to access array offset on value of type null
#0 C:\xampp\htdocs\siakad\app\Views\view_adm\vi_ruang_kuliah_edit.php(21): CodeIgniter\Debug\Exceptions->errorHandler(2, 'Trying to acces...', 'C:\\xampp\\htdocs...', 21)
#1 C:\xampp\htdocs\siakad\system\View\View.php(230): include('C:\\xampp\\htdocs...')
#2 C:\xampp\htdocs\siakad\system\View\View.php(232): CodeIgniter\View\View->CodeIgniter\View\{closure}()
#3 C:\xampp\htdocs\siakad\system\Common.php(1250): CodeIgniter\View\View->render('view_adm/vi_rua...', Array, true)
#4 C:\xampp\htdocs\siakad\app\Controllers\Adm\Ruang_kuliah.php(189): view('view_adm/vi_rua...', Array)
#5 C:\xampp\htdocs\siakad\system\CodeIgniter.php(931): App\Controllers\Adm\Ruang_kuliah->edit_ruang('img', 'undraw_profile_...')
#6 C:\xampp\htdocs\siakad\system\CodeIgniter.php(439): CodeIgniter\CodeIgniter->runController(Object(App\Controllers\Adm\Ruang_kuliah))
#7 C:\xampp\htdocs\siakad\system\CodeIgniter.php(339): CodeIgniter\CodeIgniter->handleRequest(NULL, Object(Config\Cache), false)
#8 C:\xampp\htdocs\siakad\index.php(36): CodeIgniter\CodeIgniter->run()
#9 {main}
CRITICAL - 2022-06-24 21:08:53 --> Trying to access array offset on value of type null
#0 C:\xampp\htdocs\siakad\app\Views\view_adm\vi_ruang_kuliah_edit.php(21): CodeIgniter\Debug\Exceptions->errorHandler(2, 'Trying to acces...', 'C:\\xampp\\htdocs...', 21)
#1 C:\xampp\htdocs\siakad\system\View\View.php(230): include('C:\\xampp\\htdocs...')
#2 C:\xampp\htdocs\siakad\system\View\View.php(232): CodeIgniter\View\View->CodeIgniter\View\{closure}()
#3 C:\xampp\htdocs\siakad\system\Common.php(1250): CodeIgniter\View\View->render('view_adm/vi_rua...', Array, true)
#4 C:\xampp\htdocs\siakad\app\Controllers\Adm\Ruang_kuliah.php(189): view('view_adm/vi_rua...', Array)
#5 C:\xampp\htdocs\siakad\system\CodeIgniter.php(931): App\Controllers\Adm\Ruang_kuliah->edit_ruang('img', 'undraw_profile....')
#6 C:\xampp\htdocs\siakad\system\CodeIgniter.php(439): CodeIgniter\CodeIgniter->runController(Object(App\Controllers\Adm\Ruang_kuliah))
#7 C:\xampp\htdocs\siakad\system\CodeIgniter.php(339): CodeIgniter\CodeIgniter->handleRequest(NULL, Object(Config\Cache), false)
#8 C:\xampp\htdocs\siakad\index.php(36): CodeIgniter\CodeIgniter->run()
#9 {main}
CRITICAL - 2022-06-24 21:09:02 --> Trying to access array offset on value of type null
#0 C:\xampp\htdocs\siakad\app\Views\view_adm\vi_ruang_kuliah_edit.php(21): CodeIgniter\Debug\Exceptions->errorHandler(2, 'Trying to acces...', 'C:\\xampp\\htdocs...', 21)
#1 C:\xampp\htdocs\siakad\system\View\View.php(230): include('C:\\xampp\\htdocs...')
#2 C:\xampp\htdocs\siakad\system\View\View.php(232): CodeIgniter\View\View->CodeIgniter\View\{closure}()
#3 C:\xampp\htdocs\siakad\system\Common.php(1250): CodeIgniter\View\View->render('view_adm/vi_rua...', Array, true)
#4 C:\xampp\htdocs\siakad\app\Controllers\Adm\Ruang_kuliah.php(189): view('view_adm/vi_rua...', Array)
#5 C:\xampp\htdocs\siakad\system\CodeIgniter.php(931): App\Controllers\Adm\Ruang_kuliah->edit_ruang('img', 'undraw_profile_...')
#6 C:\xampp\htdocs\siakad\system\CodeIgniter.php(439): CodeIgniter\CodeIgniter->runController(Object(App\Controllers\Adm\Ruang_kuliah))
#7 C:\xampp\htdocs\siakad\system\CodeIgniter.php(339): CodeIgniter\CodeIgniter->handleRequest(NULL, Object(Config\Cache), false)
#8 C:\xampp\htdocs\siakad\index.php(36): CodeIgniter\CodeIgniter->run()
#9 {main}
CRITICAL - 2022-06-24 21:09:03 --> Trying to access array offset on value of type null
#0 C:\xampp\htdocs\siakad\app\Views\view_adm\vi_ruang_kuliah_edit.php(21): CodeIgniter\Debug\Exceptions->errorHandler(2, 'Trying to acces...', 'C:\\xampp\\htdocs...', 21)
#1 C:\xampp\htdocs\siakad\system\View\View.php(230): include('C:\\xampp\\htdocs...')
#2 C:\xampp\htdocs\siakad\system\View\View.php(232): CodeIgniter\View\View->CodeIgniter\View\{closure}()
#3 C:\xampp\htdocs\siakad\system\Common.php(1250): CodeIgniter\View\View->render('view_adm/vi_rua...', Array, true)
#4 C:\xampp\htdocs\siakad\app\Controllers\Adm\Ruang_kuliah.php(189): view('view_adm/vi_rua...', Array)
#5 C:\xampp\htdocs\siakad\system\CodeIgniter.php(931): App\Controllers\Adm\Ruang_kuliah->edit_ruang('img', 'undraw_profile_...')
#6 C:\xampp\htdocs\siakad\system\CodeIgniter.php(439): CodeIgniter\CodeIgniter->runController(Object(App\Controllers\Adm\Ruang_kuliah))
#7 C:\xampp\htdocs\siakad\system\CodeIgniter.php(339): CodeIgniter\CodeIgniter->handleRequest(NULL, Object(Config\Cache), false)
#8 C:\xampp\htdocs\siakad\index.php(36): CodeIgniter\CodeIgniter->run()
#9 {main}
CRITICAL - 2022-06-24 21:09:03 --> Trying to access array offset on value of type null
#0 C:\xampp\htdocs\siakad\app\Views\view_adm\vi_ruang_kuliah_edit.php(21): CodeIgniter\Debug\Exceptions->errorHandler(2, 'Trying to acces...', 'C:\\xampp\\htdocs...', 21)
#1 C:\xampp\htdocs\siakad\system\View\View.php(230): include('C:\\xampp\\htdocs...')
#2 C:\xampp\htdocs\siakad\system\View\View.php(232): CodeIgniter\View\View->CodeIgniter\View\{closure}()
#3 C:\xampp\htdocs\siakad\system\Common.php(1250): CodeIgniter\View\View->render('view_adm/vi_rua...', Array, true)
#4 C:\xampp\htdocs\siakad\app\Controllers\Adm\Ruang_kuliah.php(189): view('view_adm/vi_rua...', Array)
#5 C:\xampp\htdocs\siakad\system\CodeIgniter.php(931): App\Controllers\Adm\Ruang_kuliah->edit_ruang('img', 'undraw_profile....')
#6 C:\xampp\htdocs\siakad\system\CodeIgniter.php(439): CodeIgniter\CodeIgniter->runController(Object(App\Controllers\Adm\Ruang_kuliah))
#7 C:\xampp\htdocs\siakad\system\CodeIgniter.php(339): CodeIgniter\CodeIgniter->handleRequest(NULL, Object(Config\Cache), false)
#8 C:\xampp\htdocs\siakad\index.php(36): CodeIgniter\CodeIgniter->run()
#9 {main}
CRITICAL - 2022-06-24 21:09:03 --> Trying to access array offset on value of type null
#0 C:\xampp\htdocs\siakad\app\Views\view_adm\vi_ruang_kuliah_edit.php(21): CodeIgniter\Debug\Exceptions->errorHandler(2, 'Trying to acces...', 'C:\\xampp\\htdocs...', 21)
#1 C:\xampp\htdocs\siakad\system\View\View.php(230): include('C:\\xampp\\htdocs...')
#2 C:\xampp\htdocs\siakad\system\View\View.php(232): CodeIgniter\View\View->CodeIgniter\View\{closure}()
#3 C:\xampp\htdocs\siakad\system\Common.php(1250): CodeIgniter\View\View->render('view_adm/vi_rua...', Array, true)
#4 C:\xampp\htdocs\siakad\app\Controllers\Adm\Ruang_kuliah.php(189): view('view_adm/vi_rua...', Array)
#5 C:\xampp\htdocs\siakad\system\CodeIgniter.php(931): App\Controllers\Adm\Ruang_kuliah->edit_ruang('img', 'undraw_profile_...')
#6 C:\xampp\htdocs\siakad\system\CodeIgniter.php(439): CodeIgniter\CodeIgniter->runController(Object(App\Controllers\Adm\Ruang_kuliah))
#7 C:\xampp\htdocs\siakad\system\CodeIgniter.php(339): CodeIgniter\CodeIgniter->handleRequest(NULL, Object(Config\Cache), false)
#8 C:\xampp\htdocs\siakad\index.php(36): CodeIgniter\CodeIgniter->run()
#9 {main}
CRITICAL - 2022-06-24 23:05:23 --> Class "App\Controllers\Adm\MkModel" not found
#0 C:\xampp\htdocs\siakad\system\CodeIgniter.php(903): App\Controllers\Adm\Jurusan->__construct()
#1 C:\xampp\htdocs\siakad\system\CodeIgniter.php(429): CodeIgniter\CodeIgniter->createController()
#2 C:\xampp\htdocs\siakad\system\CodeIgniter.php(339): CodeIgniter\CodeIgniter->handleRequest(NULL, Object(Config\Cache), false)
#3 C:\xampp\htdocs\siakad\index.php(36): CodeIgniter\CodeIgniter->run()
#4 {main}
CRITICAL - 2022-06-24 23:51:07 --> Undefined variable $ruang
#0 C:\xampp\htdocs\siakad\app\Views\view_adm\vi_jurusan.php(28): CodeIgniter\Debug\Exceptions->errorHandler(2, 'Undefined varia...', 'C:\\xampp\\htdocs...', 28)
#1 C:\xampp\htdocs\siakad\system\View\View.php(230): include('C:\\xampp\\htdocs...')
#2 C:\xampp\htdocs\siakad\system\View\View.php(232): CodeIgniter\View\View->CodeIgniter\View\{closure}()
#3 C:\xampp\htdocs\siakad\system\Common.php(1250): CodeIgniter\View\View->render('view_adm/vi_jur...', Array, true)
#4 C:\xampp\htdocs\siakad\app\Controllers\Adm\Jurusan.php(63): view('view_adm/vi_jur...', Array)
#5 C:\xampp\htdocs\siakad\system\CodeIgniter.php(931): App\Controllers\Adm\Jurusan->index()
#6 C:\xampp\htdocs\siakad\system\CodeIgniter.php(439): CodeIgniter\CodeIgniter->runController(Object(App\Controllers\Adm\Jurusan))
#7 C:\xampp\htdocs\siakad\system\CodeIgniter.php(339): CodeIgniter\CodeIgniter->handleRequest(NULL, Object(Config\Cache), false)
#8 C:\xampp\htdocs\siakad\index.php(36): CodeIgniter\CodeIgniter->run()
#9 {main}
CRITICAL - 2022-06-24 23:52:31 --> Undefined variable $ruang
#0 C:\xampp\htdocs\siakad\app\Views\view_adm\vi_jurusan.php(28): CodeIgniter\Debug\Exceptions->errorHandler(2, 'Undefined varia...', 'C:\\xampp\\htdocs...', 28)
#1 C:\xampp\htdocs\siakad\system\View\View.php(230): include('C:\\xampp\\htdocs...')
#2 C:\xampp\htdocs\siakad\system\View\View.php(232): CodeIgniter\View\View->CodeIgniter\View\{closure}()
#3 C:\xampp\htdocs\siakad\system\Common.php(1250): CodeIgniter\View\View->render('view_adm/vi_jur...', Array, true)
#4 C:\xampp\htdocs\siakad\app\Controllers\Adm\Jurusan.php(63): view('view_adm/vi_jur...', Array)
#5 C:\xampp\htdocs\siakad\system\CodeIgniter.php(931): App\Controllers\Adm\Jurusan->index()
#6 C:\xampp\htdocs\siakad\system\CodeIgniter.php(439): CodeIgniter\CodeIgniter->runController(Object(App\Controllers\Adm\Jurusan))
#7 C:\xampp\htdocs\siakad\system\CodeIgniter.php(339): CodeIgniter\CodeIgniter->handleRequest(NULL, Object(Config\Cache), false)
#8 C:\xampp\htdocs\siakad\index.php(36): CodeIgniter\CodeIgniter->run()
#9 {main}
CRITICAL - 2022-06-24 23:58:55 --> Undefined property: App\Controllers\Adm\Jurusan::$MkModel
#0 C:\xampp\htdocs\siakad\app\Controllers\Adm\Jurusan.php(76): CodeIgniter\Debug\Exceptions->errorHandler(2, 'Undefined prope...', 'C:\\xampp\\htdocs...', 76)
#1 C:\xampp\htdocs\siakad\system\CodeIgniter.php(931): App\Controllers\Adm\Jurusan->add()
#2 C:\xampp\htdocs\siakad\system\CodeIgniter.php(439): CodeIgniter\CodeIgniter->runController(Object(App\Controllers\Adm\Jurusan))
#3 C:\xampp\htdocs\siakad\system\CodeIgniter.php(339): CodeIgniter\CodeIgniter->handleRequest(NULL, Object(Config\Cache), false)
#4 C:\xampp\htdocs\siakad\index.php(36): CodeIgniter\CodeIgniter->run()
#5 {main}
