CRITICAL - 2022-06-22 03:14:47 --> Invalid file: ../view_page/header.php
#0 C:\xampp\htdocs\siakad\system\View\View.php(213): CodeIgniter\Exceptions\FrameworkException::forInvalidFile('../view_page/he...')
#1 C:\xampp\htdocs\siakad\system\View\View.php(246): CodeIgniter\View\View->render('../view_page/he...', Array, true)
#2 C:\xampp\htdocs\siakad\system\Common.php(1250): CodeIgniter\View\View->render('view_mhs/vi_hom...', Array, true)
#3 C:\xampp\htdocs\siakad\app\Controllers\Mhs\Home.php(50): view('view_mhs/vi_hom...', Array)
#4 C:\xampp\htdocs\siakad\system\CodeIgniter.php(931): App\Controllers\Mhs\Home->index()
#5 C:\xampp\htdocs\siakad\system\CodeIgniter.php(439): CodeIgniter\CodeIgniter->runController(Object(App\Controllers\Mhs\Home))
#6 C:\xampp\htdocs\siakad\system\CodeIgniter.php(339): CodeIgniter\CodeIgniter->handleRequest(NULL, Object(Config\Cache), false)
#7 C:\xampp\htdocs\siakad\index.php(36): CodeIgniter\CodeIgniter->run()
#8 {main}
CRITICAL - 2022-06-22 21:24:15 --> Class "App\Controllers\Mhs\MainModel" not found
#0 C:\xampp\htdocs\siakad\system\CodeIgniter.php(903): App\Controllers\Mhs\Krs->__construct()
#1 C:\xampp\htdocs\siakad\system\CodeIgniter.php(429): CodeIgniter\CodeIgniter->createController()
#2 C:\xampp\htdocs\siakad\system\CodeIgniter.php(339): CodeIgniter\CodeIgniter->handleRequest(NULL, Object(Config\Cache), false)
#3 C:\xampp\htdocs\siakad\index.php(36): CodeIgniter\CodeIgniter->run()
#4 {main}
CRITICAL - 2022-06-22 22:35:06 --> Class "App\Controllers\Adm\AdminModel" not found
#0 C:\xampp\htdocs\siakad\system\CodeIgniter.php(903): App\Controllers\Adm\Mata_kuliah->__construct()
#1 C:\xampp\htdocs\siakad\system\CodeIgniter.php(429): CodeIgniter\CodeIgniter->createController()
#2 C:\xampp\htdocs\siakad\system\CodeIgniter.php(339): CodeIgniter\CodeIgniter->handleRequest(NULL, Object(Config\Cache), false)
#3 C:\xampp\htdocs\siakad\index.php(36): CodeIgniter\CodeIgniter->run()
#4 {main}
CRITICAL - 2022-06-22 22:35:46 --> Class "App\Models\Admin\MkModel" not found
#0 C:\xampp\htdocs\siakad\system\CodeIgniter.php(903): App\Controllers\Adm\Mata_kuliah->__construct()
#1 C:\xampp\htdocs\siakad\system\CodeIgniter.php(429): CodeIgniter\CodeIgniter->createController()
#2 C:\xampp\htdocs\siakad\system\CodeIgniter.php(339): CodeIgniter\CodeIgniter->handleRequest(NULL, Object(Config\Cache), false)
#3 C:\xampp\htdocs\siakad\index.php(36): CodeIgniter\CodeIgniter->run()
#4 {main}
CRITICAL - 2022-06-22 22:49:44 --> Undefined variable $current
#0 C:\xampp\htdocs\siakad\app\Views\view_adm\vi_mk.php(30): CodeIgniter\Debug\Exceptions->errorHandler(2, 'Undefined varia...', 'C:\\xampp\\htdocs...', 30)
#1 C:\xampp\htdocs\siakad\system\View\View.php(230): include('C:\\xampp\\htdocs...')
#2 C:\xampp\htdocs\siakad\system\View\View.php(232): CodeIgniter\View\View->CodeIgniter\View\{closure}()
#3 C:\xampp\htdocs\siakad\system\Common.php(1250): CodeIgniter\View\View->render('view_adm/vi_mk', Array, true)
#4 C:\xampp\htdocs\siakad\app\Controllers\Adm\Mata_kuliah.php(48): view('view_adm/vi_mk', Array)
#5 C:\xampp\htdocs\siakad\system\CodeIgniter.php(931): App\Controllers\Adm\Mata_kuliah->index()
#6 C:\xampp\htdocs\siakad\system\CodeIgniter.php(439): CodeIgniter\CodeIgniter->runController(Object(App\Controllers\Adm\Mata_kuliah))
#7 C:\xampp\htdocs\siakad\system\CodeIgniter.php(339): CodeIgniter\CodeIgniter->handleRequest(NULL, Object(Config\Cache), false)
#8 C:\xampp\htdocs\siakad\index.php(36): CodeIgniter\CodeIgniter->run()
#9 {main}
CRITICAL - 2022-06-22 22:50:14 --> Undefined variable $current
#0 C:\xampp\htdocs\siakad\app\Views\view_adm\vi_mk.php(30): CodeIgniter\Debug\Exceptions->errorHandler(2, 'Undefined varia...', 'C:\\xampp\\htdocs...', 30)
#1 C:\xampp\htdocs\siakad\system\View\View.php(230): include('C:\\xampp\\htdocs...')
#2 C:\xampp\htdocs\siakad\system\View\View.php(232): CodeIgniter\View\View->CodeIgniter\View\{closure}()
#3 C:\xampp\htdocs\siakad\system\Common.php(1250): CodeIgniter\View\View->render('view_adm/vi_mk', Array, true)
#4 C:\xampp\htdocs\siakad\app\Controllers\Adm\Mata_kuliah.php(48): view('view_adm/vi_mk', Array)
#5 C:\xampp\htdocs\siakad\system\CodeIgniter.php(931): App\Controllers\Adm\Mata_kuliah->index()
#6 C:\xampp\htdocs\siakad\system\CodeIgniter.php(439): CodeIgniter\CodeIgniter->runController(Object(App\Controllers\Adm\Mata_kuliah))
#7 C:\xampp\htdocs\siakad\system\CodeIgniter.php(339): CodeIgniter\CodeIgniter->handleRequest(NULL, Object(Config\Cache), false)
#8 C:\xampp\htdocs\siakad\index.php(36): CodeIgniter\CodeIgniter->run()
#9 {main}
CRITICAL - 2022-06-22 22:50:15 --> Undefined variable $current
#0 C:\xampp\htdocs\siakad\app\Views\view_adm\vi_mk.php(30): CodeIgniter\Debug\Exceptions->errorHandler(2, 'Undefined varia...', 'C:\\xampp\\htdocs...', 30)
#1 C:\xampp\htdocs\siakad\system\View\View.php(230): include('C:\\xampp\\htdocs...')
#2 C:\xampp\htdocs\siakad\system\View\View.php(232): CodeIgniter\View\View->CodeIgniter\View\{closure}()
#3 C:\xampp\htdocs\siakad\system\Common.php(1250): CodeIgniter\View\View->render('view_adm/vi_mk', Array, true)
#4 C:\xampp\htdocs\siakad\app\Controllers\Adm\Mata_kuliah.php(48): view('view_adm/vi_mk', Array)
#5 C:\xampp\htdocs\siakad\system\CodeIgniter.php(931): App\Controllers\Adm\Mata_kuliah->index()
#6 C:\xampp\htdocs\siakad\system\CodeIgniter.php(439): CodeIgniter\CodeIgniter->runController(Object(App\Controllers\Adm\Mata_kuliah))
#7 C:\xampp\htdocs\siakad\system\CodeIgniter.php(339): CodeIgniter\CodeIgniter->handleRequest(NULL, Object(Config\Cache), false)
#8 C:\xampp\htdocs\siakad\index.php(36): CodeIgniter\CodeIgniter->run()
#9 {main}
CRITICAL - 2022-06-22 22:53:18 --> Cannot redeclare App\Controllers\Adm\Mata_kuliah::index()
#0 [internal function]: CodeIgniter\Debug\Exceptions->shutdownHandler()
#1 {main}
CRITICAL - 2022-06-22 22:53:42 --> Undefined property: App\Controllers\Adm\Mata_kuliah::$contact
#0 C:\xampp\htdocs\siakad\app\Controllers\Adm\Mata_kuliah.php(58): CodeIgniter\Debug\Exceptions->errorHandler(2, 'Undefined prope...', 'C:\\xampp\\htdocs...', 58)
#1 C:\xampp\htdocs\siakad\system\CodeIgniter.php(931): App\Controllers\Adm\Mata_kuliah->index()
#2 C:\xampp\htdocs\siakad\system\CodeIgniter.php(439): CodeIgniter\CodeIgniter->runController(Object(App\Controllers\Adm\Mata_kuliah))
#3 C:\xampp\htdocs\siakad\system\CodeIgniter.php(339): CodeIgniter\CodeIgniter->handleRequest(NULL, Object(Config\Cache), false)
#4 C:\xampp\htdocs\siakad\index.php(36): CodeIgniter\CodeIgniter->run()
#5 {main}
CRITICAL - 2022-06-22 22:54:00 --> Undefined variable $mk
#0 C:\xampp\htdocs\siakad\app\Views\view_adm\vi_mk.php(31): CodeIgniter\Debug\Exceptions->errorHandler(2, 'Undefined varia...', 'C:\\xampp\\htdocs...', 31)
#1 C:\xampp\htdocs\siakad\system\View\View.php(230): include('C:\\xampp\\htdocs...')
#2 C:\xampp\htdocs\siakad\system\View\View.php(232): CodeIgniter\View\View->CodeIgniter\View\{closure}()
#3 C:\xampp\htdocs\siakad\system\Common.php(1250): CodeIgniter\View\View->render('view_adm/vi_mk', Array, true)
#4 C:\xampp\htdocs\siakad\app\Controllers\Adm\Mata_kuliah.php(61): view('view_adm/vi_mk', Array)
#5 C:\xampp\htdocs\siakad\system\CodeIgniter.php(931): App\Controllers\Adm\Mata_kuliah->index()
#6 C:\xampp\htdocs\siakad\system\CodeIgniter.php(439): CodeIgniter\CodeIgniter->runController(Object(App\Controllers\Adm\Mata_kuliah))
#7 C:\xampp\htdocs\siakad\system\CodeIgniter.php(339): CodeIgniter\CodeIgniter->handleRequest(NULL, Object(Config\Cache), false)
#8 C:\xampp\htdocs\siakad\index.php(36): CodeIgniter\CodeIgniter->run()
#9 {main}
CRITICAL - 2022-06-22 23:39:49 --> Call to undefined function form()
#0 C:\xampp\htdocs\siakad\system\View\View.php(230): include()
#1 C:\xampp\htdocs\siakad\system\View\View.php(232): CodeIgniter\View\View->CodeIgniter\View\{closure}()
#2 C:\xampp\htdocs\siakad\system\Common.php(1250): CodeIgniter\View\View->render('view_adm/vi_mk_...', Array, true)
#3 C:\xampp\htdocs\siakad\app\Controllers\Adm\Mata_kuliah.php(78): view('view_adm/vi_mk_...', Array)
#4 C:\xampp\htdocs\siakad\system\CodeIgniter.php(931): App\Controllers\Adm\Mata_kuliah->add()
#5 C:\xampp\htdocs\siakad\system\CodeIgniter.php(439): CodeIgniter\CodeIgniter->runController(Object(App\Controllers\Adm\Mata_kuliah))
#6 C:\xampp\htdocs\siakad\system\CodeIgniter.php(339): CodeIgniter\CodeIgniter->handleRequest(NULL, Object(Config\Cache), false)
#7 C:\xampp\htdocs\siakad\index.php(36): CodeIgniter\CodeIgniter->run()
#8 {main}
CRITICAL - 2022-06-22 23:40:16 --> Call to undefined function form()
#0 C:\xampp\htdocs\siakad\system\View\View.php(230): include()
#1 C:\xampp\htdocs\siakad\system\View\View.php(232): CodeIgniter\View\View->CodeIgniter\View\{closure}()
#2 C:\xampp\htdocs\siakad\system\Common.php(1250): CodeIgniter\View\View->render('view_adm/vi_mk_...', Array, true)
#3 C:\xampp\htdocs\siakad\app\Controllers\Adm\Mata_kuliah.php(80): view('view_adm/vi_mk_...', Array)
#4 C:\xampp\htdocs\siakad\system\CodeIgniter.php(931): App\Controllers\Adm\Mata_kuliah->add()
#5 C:\xampp\htdocs\siakad\system\CodeIgniter.php(439): CodeIgniter\CodeIgniter->runController(Object(App\Controllers\Adm\Mata_kuliah))
#6 C:\xampp\htdocs\siakad\system\CodeIgniter.php(339): CodeIgniter\CodeIgniter->handleRequest(NULL, Object(Config\Cache), false)
#7 C:\xampp\htdocs\siakad\index.php(36): CodeIgniter\CodeIgniter->run()
#8 {main}
CRITICAL - 2022-06-22 23:41:05 --> Call to undefined function form()
#0 C:\xampp\htdocs\siakad\system\View\View.php(230): include()
#1 C:\xampp\htdocs\siakad\system\View\View.php(232): CodeIgniter\View\View->CodeIgniter\View\{closure}()
#2 C:\xampp\htdocs\siakad\system\Common.php(1250): CodeIgniter\View\View->render('view_adm/vi_mk_...', Array, true)
#3 C:\xampp\htdocs\siakad\app\Controllers\Adm\Mata_kuliah.php(80): view('view_adm/vi_mk_...', Array)
#4 C:\xampp\htdocs\siakad\system\CodeIgniter.php(931): App\Controllers\Adm\Mata_kuliah->add()
#5 C:\xampp\htdocs\siakad\system\CodeIgniter.php(439): CodeIgniter\CodeIgniter->runController(Object(App\Controllers\Adm\Mata_kuliah))
#6 C:\xampp\htdocs\siakad\system\CodeIgniter.php(339): CodeIgniter\CodeIgniter->handleRequest(NULL, Object(Config\Cache), false)
#7 C:\xampp\htdocs\siakad\index.php(36): CodeIgniter\CodeIgniter->run()
#8 {main}
CRITICAL - 2022-06-22 23:41:30 --> Call to undefined function form()
#0 C:\xampp\htdocs\siakad\system\View\View.php(230): include()
#1 C:\xampp\htdocs\siakad\system\View\View.php(232): CodeIgniter\View\View->CodeIgniter\View\{closure}()
#2 C:\xampp\htdocs\siakad\system\Common.php(1250): CodeIgniter\View\View->render('view_adm/vi_mk_...', Array, true)
#3 C:\xampp\htdocs\siakad\app\Controllers\Adm\Mata_kuliah.php(80): view('view_adm/vi_mk_...', Array)
#4 C:\xampp\htdocs\siakad\system\CodeIgniter.php(931): App\Controllers\Adm\Mata_kuliah->add()
#5 C:\xampp\htdocs\siakad\system\CodeIgniter.php(439): CodeIgniter\CodeIgniter->runController(Object(App\Controllers\Adm\Mata_kuliah))
#6 C:\xampp\htdocs\siakad\system\CodeIgniter.php(339): CodeIgniter\CodeIgniter->handleRequest(NULL, Object(Config\Cache), false)
#7 C:\xampp\htdocs\siakad\index.php(36): CodeIgniter\CodeIgniter->run()
#8 {main}
CRITICAL - 2022-06-22 23:42:20 --> Call to undefined function form()
#0 C:\xampp\htdocs\siakad\system\View\View.php(230): include()
#1 C:\xampp\htdocs\siakad\system\View\View.php(232): CodeIgniter\View\View->CodeIgniter\View\{closure}()
#2 C:\xampp\htdocs\siakad\system\Common.php(1250): CodeIgniter\View\View->render('view_adm/vi_mk_...', Array, true)
#3 C:\xampp\htdocs\siakad\app\Controllers\Adm\Mata_kuliah.php(80): view('view_adm/vi_mk_...', Array)
#4 C:\xampp\htdocs\siakad\system\CodeIgniter.php(931): App\Controllers\Adm\Mata_kuliah->add()
#5 C:\xampp\htdocs\siakad\system\CodeIgniter.php(439): CodeIgniter\CodeIgniter->runController(Object(App\Controllers\Adm\Mata_kuliah))
#6 C:\xampp\htdocs\siakad\system\CodeIgniter.php(339): CodeIgniter\CodeIgniter->handleRequest(NULL, Object(Config\Cache), false)
#7 C:\xampp\htdocs\siakad\index.php(36): CodeIgniter\CodeIgniter->run()
#8 {main}
CRITICAL - 2022-06-22 23:42:21 --> Call to undefined function form()
#0 C:\xampp\htdocs\siakad\system\View\View.php(230): include()
#1 C:\xampp\htdocs\siakad\system\View\View.php(232): CodeIgniter\View\View->CodeIgniter\View\{closure}()
#2 C:\xampp\htdocs\siakad\system\Common.php(1250): CodeIgniter\View\View->render('view_adm/vi_mk_...', Array, true)
#3 C:\xampp\htdocs\siakad\app\Controllers\Adm\Mata_kuliah.php(80): view('view_adm/vi_mk_...', Array)
#4 C:\xampp\htdocs\siakad\system\CodeIgniter.php(931): App\Controllers\Adm\Mata_kuliah->add()
#5 C:\xampp\htdocs\siakad\system\CodeIgniter.php(439): CodeIgniter\CodeIgniter->runController(Object(App\Controllers\Adm\Mata_kuliah))
#6 C:\xampp\htdocs\siakad\system\CodeIgniter.php(339): CodeIgniter\CodeIgniter->handleRequest(NULL, Object(Config\Cache), false)
#7 C:\xampp\htdocs\siakad\index.php(36): CodeIgniter\CodeIgniter->run()
#8 {main}
CRITICAL - 2022-06-22 23:56:49 --> Undefined variable $validation
#0 C:\xampp\htdocs\siakad\app\Views\view_adm\vi_mk_add.php(34): CodeIgniter\Debug\Exceptions->errorHandler(2, 'Undefined varia...', 'C:\\xampp\\htdocs...', 34)
#1 C:\xampp\htdocs\siakad\system\View\View.php(230): include('C:\\xampp\\htdocs...')
#2 C:\xampp\htdocs\siakad\system\View\View.php(232): CodeIgniter\View\View->CodeIgniter\View\{closure}()
#3 C:\xampp\htdocs\siakad\system\Common.php(1250): CodeIgniter\View\View->render('view_adm/vi_mk_...', Array, true)
#4 C:\xampp\htdocs\siakad\app\Controllers\Adm\Mata_kuliah.php(80): view('view_adm/vi_mk_...', Array)
#5 C:\xampp\htdocs\siakad\system\CodeIgniter.php(931): App\Controllers\Adm\Mata_kuliah->add()
#6 C:\xampp\htdocs\siakad\system\CodeIgniter.php(439): CodeIgniter\CodeIgniter->runController(Object(App\Controllers\Adm\Mata_kuliah))
#7 C:\xampp\htdocs\siakad\system\CodeIgniter.php(339): CodeIgniter\CodeIgniter->handleRequest(NULL, Object(Config\Cache), false)
#8 C:\xampp\htdocs\siakad\index.php(36): CodeIgniter\CodeIgniter->run()
#9 {main}
CRITICAL - 2022-06-22 23:57:11 --> Undefined variable $validate
#0 C:\xampp\htdocs\siakad\app\Views\view_adm\vi_mk_add.php(34): CodeIgniter\Debug\Exceptions->errorHandler(2, 'Undefined varia...', 'C:\\xampp\\htdocs...', 34)
#1 C:\xampp\htdocs\siakad\system\View\View.php(230): include('C:\\xampp\\htdocs...')
#2 C:\xampp\htdocs\siakad\system\View\View.php(232): CodeIgniter\View\View->CodeIgniter\View\{closure}()
#3 C:\xampp\htdocs\siakad\system\Common.php(1250): CodeIgniter\View\View->render('view_adm/vi_mk_...', Array, true)
#4 C:\xampp\htdocs\siakad\app\Controllers\Adm\Mata_kuliah.php(80): view('view_adm/vi_mk_...', Array)
#5 C:\xampp\htdocs\siakad\system\CodeIgniter.php(931): App\Controllers\Adm\Mata_kuliah->add()
#6 C:\xampp\htdocs\siakad\system\CodeIgniter.php(439): CodeIgniter\CodeIgniter->runController(Object(App\Controllers\Adm\Mata_kuliah))
#7 C:\xampp\htdocs\siakad\system\CodeIgniter.php(339): CodeIgniter\CodeIgniter->handleRequest(NULL, Object(Config\Cache), false)
#8 C:\xampp\htdocs\siakad\index.php(36): CodeIgniter\CodeIgniter->run()
#9 {main}
CRITICAL - 2022-06-22 23:57:55 --> Undefined variable $validation
#0 C:\xampp\htdocs\siakad\app\Views\view_adm\vi_mk_add.php(34): CodeIgniter\Debug\Exceptions->errorHandler(2, 'Undefined varia...', 'C:\\xampp\\htdocs...', 34)
#1 C:\xampp\htdocs\siakad\system\View\View.php(230): include('C:\\xampp\\htdocs...')
#2 C:\xampp\htdocs\siakad\system\View\View.php(232): CodeIgniter\View\View->CodeIgniter\View\{closure}()
#3 C:\xampp\htdocs\siakad\system\Common.php(1250): CodeIgniter\View\View->render('view_adm/vi_mk_...', Array, true)
#4 C:\xampp\htdocs\siakad\app\Controllers\Adm\Mata_kuliah.php(80): view('view_adm/vi_mk_...', Array)
#5 C:\xampp\htdocs\siakad\system\CodeIgniter.php(931): App\Controllers\Adm\Mata_kuliah->add()
#6 C:\xampp\htdocs\siakad\system\CodeIgniter.php(439): CodeIgniter\CodeIgniter->runController(Object(App\Controllers\Adm\Mata_kuliah))
#7 C:\xampp\htdocs\siakad\system\CodeIgniter.php(339): CodeIgniter\CodeIgniter->handleRequest(NULL, Object(Config\Cache), false)
#8 C:\xampp\htdocs\siakad\index.php(36): CodeIgniter\CodeIgniter->run()
#9 {main}
CRITICAL - 2022-06-22 23:59:46 --> Undefined variable $validation
#0 C:\xampp\htdocs\siakad\app\Views\view_adm\vi_mk_add.php(34): CodeIgniter\Debug\Exceptions->errorHandler(2, 'Undefined varia...', 'C:\\xampp\\htdocs...', 34)
#1 C:\xampp\htdocs\siakad\system\View\View.php(230): include('C:\\xampp\\htdocs...')
#2 C:\xampp\htdocs\siakad\system\View\View.php(232): CodeIgniter\View\View->CodeIgniter\View\{closure}()
#3 C:\xampp\htdocs\siakad\system\Common.php(1250): CodeIgniter\View\View->render('view_adm/vi_mk_...', Array, true)
#4 C:\xampp\htdocs\siakad\app\Controllers\Adm\Mata_kuliah.php(80): view('view_adm/vi_mk_...', Array)
#5 C:\xampp\htdocs\siakad\system\CodeIgniter.php(931): App\Controllers\Adm\Mata_kuliah->add()
#6 C:\xampp\htdocs\siakad\system\CodeIgniter.php(439): CodeIgniter\CodeIgniter->runController(Object(App\Controllers\Adm\Mata_kuliah))
#7 C:\xampp\htdocs\siakad\system\CodeIgniter.php(339): CodeIgniter\CodeIgniter->handleRequest(NULL, Object(Config\Cache), false)
#8 C:\xampp\htdocs\siakad\index.php(36): CodeIgniter\CodeIgniter->run()
#9 {main}
