CRITICAL - 2022-06-27 02:22:40 --> Trying to access array offset on value of type null
#0 C:\xampp\htdocs\siakad\app\Views\view_mhs\vi_krs.php(9): CodeIgniter\Debug\Exceptions->errorHandler(2, 'Trying to acces...', 'C:\\xampp\\htdocs...', 9)
#1 C:\xampp\htdocs\siakad\system\View\View.php(230): include('C:\\xampp\\htdocs...')
#2 C:\xampp\htdocs\siakad\system\View\View.php(232): CodeIgniter\View\View->CodeIgniter\View\{closure}()
#3 C:\xampp\htdocs\siakad\system\Common.php(1250): CodeIgniter\View\View->render('view_mhs/vi_krs', Array, true)
#4 C:\xampp\htdocs\siakad\app\Controllers\Mhs\Krs.php(56): view('view_mhs/vi_krs', Array)
#5 C:\xampp\htdocs\siakad\system\CodeIgniter.php(931): App\Controllers\Mhs\Krs->isi('img', 'undraw_profile_...')
#6 C:\xampp\htdocs\siakad\system\CodeIgniter.php(439): CodeIgniter\CodeIgniter->runController(Object(App\Controllers\Mhs\Krs))
#7 C:\xampp\htdocs\siakad\system\CodeIgniter.php(339): CodeIgniter\CodeIgniter->handleRequest(NULL, Object(Config\Cache), false)
#8 C:\xampp\htdocs\siakad\index.php(36): CodeIgniter\CodeIgniter->run()
#9 {main}
CRITICAL - 2022-06-27 02:22:40 --> Trying to access array offset on value of type null
#0 C:\xampp\htdocs\siakad\app\Views\view_mhs\vi_krs.php(9): CodeIgniter\Debug\Exceptions->errorHandler(2, 'Trying to acces...', 'C:\\xampp\\htdocs...', 9)
#1 C:\xampp\htdocs\siakad\system\View\View.php(230): include('C:\\xampp\\htdocs...')
#2 C:\xampp\htdocs\siakad\system\View\View.php(232): CodeIgniter\View\View->CodeIgniter\View\{closure}()
#3 C:\xampp\htdocs\siakad\system\Common.php(1250): CodeIgniter\View\View->render('view_mhs/vi_krs', Array, true)
#4 C:\xampp\htdocs\siakad\app\Controllers\Mhs\Krs.php(56): view('view_mhs/vi_krs', Array)
#5 C:\xampp\htdocs\siakad\system\CodeIgniter.php(931): App\Controllers\Mhs\Krs->isi('img', 'undraw_profile_...')
#6 C:\xampp\htdocs\siakad\system\CodeIgniter.php(439): CodeIgniter\CodeIgniter->runController(Object(App\Controllers\Mhs\Krs))
#7 C:\xampp\htdocs\siakad\system\CodeIgniter.php(339): CodeIgniter\CodeIgniter->handleRequest(NULL, Object(Config\Cache), false)
#8 C:\xampp\htdocs\siakad\index.php(36): CodeIgniter\CodeIgniter->run()
#9 {main}
CRITICAL - 2022-06-27 02:22:40 --> Trying to access array offset on value of type null
#0 C:\xampp\htdocs\siakad\app\Views\view_mhs\vi_krs.php(9): CodeIgniter\Debug\Exceptions->errorHandler(2, 'Trying to acces...', 'C:\\xampp\\htdocs...', 9)
#1 C:\xampp\htdocs\siakad\system\View\View.php(230): include('C:\\xampp\\htdocs...')
#2 C:\xampp\htdocs\siakad\system\View\View.php(232): CodeIgniter\View\View->CodeIgniter\View\{closure}()
#3 C:\xampp\htdocs\siakad\system\Common.php(1250): CodeIgniter\View\View->render('view_mhs/vi_krs', Array, true)
#4 C:\xampp\htdocs\siakad\app\Controllers\Mhs\Krs.php(56): view('view_mhs/vi_krs', Array)
#5 C:\xampp\htdocs\siakad\system\CodeIgniter.php(931): App\Controllers\Mhs\Krs->isi('img', 'undraw_profile_...')
#6 C:\xampp\htdocs\siakad\system\CodeIgniter.php(439): CodeIgniter\CodeIgniter->runController(Object(App\Controllers\Mhs\Krs))
#7 C:\xampp\htdocs\siakad\system\CodeIgniter.php(339): CodeIgniter\CodeIgniter->handleRequest(NULL, Object(Config\Cache), false)
#8 C:\xampp\htdocs\siakad\index.php(36): CodeIgniter\CodeIgniter->run()
#9 {main}
CRITICAL - 2022-06-27 02:22:43 --> Trying to access array offset on value of type null
#0 C:\xampp\htdocs\siakad\app\Views\view_mhs\vi_krs.php(9): CodeIgniter\Debug\Exceptions->errorHandler(2, 'Trying to acces...', 'C:\\xampp\\htdocs...', 9)
#1 C:\xampp\htdocs\siakad\system\View\View.php(230): include('C:\\xampp\\htdocs...')
#2 C:\xampp\htdocs\siakad\system\View\View.php(232): CodeIgniter\View\View->CodeIgniter\View\{closure}()
#3 C:\xampp\htdocs\siakad\system\Common.php(1250): CodeIgniter\View\View->render('view_mhs/vi_krs', Array, true)
#4 C:\xampp\htdocs\siakad\app\Controllers\Mhs\Krs.php(56): view('view_mhs/vi_krs', Array)
#5 C:\xampp\htdocs\siakad\system\CodeIgniter.php(931): App\Controllers\Mhs\Krs->isi('img', 'undraw_profile_...')
#6 C:\xampp\htdocs\siakad\system\CodeIgniter.php(439): CodeIgniter\CodeIgniter->runController(Object(App\Controllers\Mhs\Krs))
#7 C:\xampp\htdocs\siakad\system\CodeIgniter.php(339): CodeIgniter\CodeIgniter->handleRequest(NULL, Object(Config\Cache), false)
#8 C:\xampp\htdocs\siakad\index.php(36): CodeIgniter\CodeIgniter->run()
#9 {main}
CRITICAL - 2022-06-27 02:22:44 --> Trying to access array offset on value of type null
#0 C:\xampp\htdocs\siakad\app\Views\view_mhs\vi_krs.php(9): CodeIgniter\Debug\Exceptions->errorHandler(2, 'Trying to acces...', 'C:\\xampp\\htdocs...', 9)
#1 C:\xampp\htdocs\siakad\system\View\View.php(230): include('C:\\xampp\\htdocs...')
#2 C:\xampp\htdocs\siakad\system\View\View.php(232): CodeIgniter\View\View->CodeIgniter\View\{closure}()
#3 C:\xampp\htdocs\siakad\system\Common.php(1250): CodeIgniter\View\View->render('view_mhs/vi_krs', Array, true)
#4 C:\xampp\htdocs\siakad\app\Controllers\Mhs\Krs.php(56): view('view_mhs/vi_krs', Array)
#5 C:\xampp\htdocs\siakad\system\CodeIgniter.php(931): App\Controllers\Mhs\Krs->isi('img', 'undraw_profile_...')
#6 C:\xampp\htdocs\siakad\system\CodeIgniter.php(439): CodeIgniter\CodeIgniter->runController(Object(App\Controllers\Mhs\Krs))
#7 C:\xampp\htdocs\siakad\system\CodeIgniter.php(339): CodeIgniter\CodeIgniter->handleRequest(NULL, Object(Config\Cache), false)
#8 C:\xampp\htdocs\siakad\index.php(36): CodeIgniter\CodeIgniter->run()
#9 {main}
CRITICAL - 2022-06-27 02:22:44 --> Trying to access array offset on value of type null
#0 C:\xampp\htdocs\siakad\app\Views\view_mhs\vi_krs.php(9): CodeIgniter\Debug\Exceptions->errorHandler(2, 'Trying to acces...', 'C:\\xampp\\htdocs...', 9)
#1 C:\xampp\htdocs\siakad\system\View\View.php(230): include('C:\\xampp\\htdocs...')
#2 C:\xampp\htdocs\siakad\system\View\View.php(232): CodeIgniter\View\View->CodeIgniter\View\{closure}()
#3 C:\xampp\htdocs\siakad\system\Common.php(1250): CodeIgniter\View\View->render('view_mhs/vi_krs', Array, true)
#4 C:\xampp\htdocs\siakad\app\Controllers\Mhs\Krs.php(56): view('view_mhs/vi_krs', Array)
#5 C:\xampp\htdocs\siakad\system\CodeIgniter.php(931): App\Controllers\Mhs\Krs->isi('img', 'undraw_profile_...')
#6 C:\xampp\htdocs\siakad\system\CodeIgniter.php(439): CodeIgniter\CodeIgniter->runController(Object(App\Controllers\Mhs\Krs))
#7 C:\xampp\htdocs\siakad\system\CodeIgniter.php(339): CodeIgniter\CodeIgniter->handleRequest(NULL, Object(Config\Cache), false)
#8 C:\xampp\htdocs\siakad\index.php(36): CodeIgniter\CodeIgniter->run()
#9 {main}
CRITICAL - 2022-06-27 02:23:15 --> Trying to access array offset on value of type null
#0 C:\xampp\htdocs\siakad\app\Views\view_mhs\vi_krs.php(9): CodeIgniter\Debug\Exceptions->errorHandler(2, 'Trying to acces...', 'C:\\xampp\\htdocs...', 9)
#1 C:\xampp\htdocs\siakad\system\View\View.php(230): include('C:\\xampp\\htdocs...')
#2 C:\xampp\htdocs\siakad\system\View\View.php(232): CodeIgniter\View\View->CodeIgniter\View\{closure}()
#3 C:\xampp\htdocs\siakad\system\Common.php(1250): CodeIgniter\View\View->render('view_mhs/vi_krs', Array, true)
#4 C:\xampp\htdocs\siakad\app\Controllers\Mhs\Krs.php(56): view('view_mhs/vi_krs', Array)
#5 C:\xampp\htdocs\siakad\system\CodeIgniter.php(931): App\Controllers\Mhs\Krs->isi('img', 'undraw_profile_...')
#6 C:\xampp\htdocs\siakad\system\CodeIgniter.php(439): CodeIgniter\CodeIgniter->runController(Object(App\Controllers\Mhs\Krs))
#7 C:\xampp\htdocs\siakad\system\CodeIgniter.php(339): CodeIgniter\CodeIgniter->handleRequest(NULL, Object(Config\Cache), false)
#8 C:\xampp\htdocs\siakad\index.php(36): CodeIgniter\CodeIgniter->run()
#9 {main}
CRITICAL - 2022-06-27 02:23:15 --> Trying to access array offset on value of type null
#0 C:\xampp\htdocs\siakad\app\Views\view_mhs\vi_krs.php(9): CodeIgniter\Debug\Exceptions->errorHandler(2, 'Trying to acces...', 'C:\\xampp\\htdocs...', 9)
#1 C:\xampp\htdocs\siakad\system\View\View.php(230): include('C:\\xampp\\htdocs...')
#2 C:\xampp\htdocs\siakad\system\View\View.php(232): CodeIgniter\View\View->CodeIgniter\View\{closure}()
#3 C:\xampp\htdocs\siakad\system\Common.php(1250): CodeIgniter\View\View->render('view_mhs/vi_krs', Array, true)
#4 C:\xampp\htdocs\siakad\app\Controllers\Mhs\Krs.php(56): view('view_mhs/vi_krs', Array)
#5 C:\xampp\htdocs\siakad\system\CodeIgniter.php(931): App\Controllers\Mhs\Krs->isi('img', 'undraw_profile_...')
#6 C:\xampp\htdocs\siakad\system\CodeIgniter.php(439): CodeIgniter\CodeIgniter->runController(Object(App\Controllers\Mhs\Krs))
#7 C:\xampp\htdocs\siakad\system\CodeIgniter.php(339): CodeIgniter\CodeIgniter->handleRequest(NULL, Object(Config\Cache), false)
#8 C:\xampp\htdocs\siakad\index.php(36): CodeIgniter\CodeIgniter->run()
#9 {main}
CRITICAL - 2022-06-27 02:23:15 --> Trying to access array offset on value of type null
#0 C:\xampp\htdocs\siakad\app\Views\view_mhs\vi_krs.php(9): CodeIgniter\Debug\Exceptions->errorHandler(2, 'Trying to acces...', 'C:\\xampp\\htdocs...', 9)
#1 C:\xampp\htdocs\siakad\system\View\View.php(230): include('C:\\xampp\\htdocs...')
#2 C:\xampp\htdocs\siakad\system\View\View.php(232): CodeIgniter\View\View->CodeIgniter\View\{closure}()
#3 C:\xampp\htdocs\siakad\system\Common.php(1250): CodeIgniter\View\View->render('view_mhs/vi_krs', Array, true)
#4 C:\xampp\htdocs\siakad\app\Controllers\Mhs\Krs.php(56): view('view_mhs/vi_krs', Array)
#5 C:\xampp\htdocs\siakad\system\CodeIgniter.php(931): App\Controllers\Mhs\Krs->isi('img', 'undraw_profile_...')
#6 C:\xampp\htdocs\siakad\system\CodeIgniter.php(439): CodeIgniter\CodeIgniter->runController(Object(App\Controllers\Mhs\Krs))
#7 C:\xampp\htdocs\siakad\system\CodeIgniter.php(339): CodeIgniter\CodeIgniter->handleRequest(NULL, Object(Config\Cache), false)
#8 C:\xampp\htdocs\siakad\index.php(36): CodeIgniter\CodeIgniter->run()
#9 {main}
